<?xml version="1.0" encoding="UTF-8"?>
<coverage generated="1544406765689" clover="3.2.0">
  <project timestamp="1544406765689" name="All files">
    <metrics statements="665" coveredstatements="0" conditionals="6752" coveredconditionals="0" methods="2390" coveredmethods="0" elements="9807" coveredelements="0" complexity="0" loc="665" ncloc="665" packages="9" files="12" classes="12">
      <package name="components">
        <metrics statements="1" coveredstatements="0" conditionals="0" coveredconditionals="0" methods="0" coveredmethods="0"/>
        <file name="test.vue" path="/Users/hhhhhh/Documents/vue-test1/src/components/test.vue">
          <metrics statements="1" coveredstatements="0" conditionals="0" coveredconditionals="0" methods="0" coveredmethods="0"/>
          <line num="11" count="0" type="stmt"/>
        </file>
      </package>
      <package name="lib.blueBrid">
        <metrics statements="3" coveredstatements="0" conditionals="1291" coveredconditionals="0" methods="593" coveredmethods="0"/>
        <file name="blueBrid.js" path="/Users/hhhhhh/Documents/vue-test1/src/lib/blueBrid/blueBrid.js">
          <metrics statements="3" coveredstatements="0" conditionals="1291" coveredconditionals="0" methods="593" coveredmethods="0"/>
          <line num="1" count="0" type="cond" truecount="0" falsecount="543"/>
          <line num="2" count="0" type="cond" truecount="0" falsecount="510"/>
          <line num="3" count="0" type="cond" truecount="0" falsecount="238"/>
        </file>
      </package>
      <package name="lib.copyText">
        <metrics statements="159" coveredstatements="0" conditionals="251" coveredconditionals="0" methods="93" coveredmethods="0"/>
        <file name="copyText.js" path="/Users/hhhhhh/Documents/vue-test1/src/lib/copyText/copyText.js">
          <metrics statements="159" coveredstatements="0" conditionals="251" coveredconditionals="0" methods="93" coveredmethods="0"/>
          <line num="7" count="0" type="stmt"/>
          <line num="8" count="0" type="cond" truecount="0" falsecount="10"/>
          <line num="10" count="0" type="stmt"/>
          <line num="12" count="0" type="cond" truecount="0" falsecount="2"/>
          <line num="13" count="0" type="stmt"/>
          <line num="14" count="0" type="stmt"/>
          <line num="17" count="0" type="stmt"/>
          <line num="18" count="0" type="stmt"/>
          <line num="19" count="0" type="stmt"/>
          <line num="21" count="0" type="cond" truecount="0" falsecount="2"/>
          <line num="23" count="0" type="cond" truecount="0" falsecount="4"/>
          <line num="24" count="0" type="stmt"/>
          <line num="26" count="0" type="stmt"/>
          <line num="28" count="0" type="stmt"/>
          <line num="30" count="0" type="stmt"/>
          <line num="34" count="0" type="stmt"/>
          <line num="35" count="0" type="cond" truecount="0" falsecount="4"/>
          <line num="39" count="0" type="cond" truecount="0" falsecount="2"/>
          <line num="42" count="0" type="stmt"/>
          <line num="43" count="0" type="cond" truecount="0" falsecount="4"/>
          <line num="44" count="0" type="cond" truecount="0" falsecount="4"/>
          <line num="45" count="0" type="stmt"/>
          <line num="47" count="0" type="cond" truecount="0" falsecount="6"/>
          <line num="48" count="0" type="stmt"/>
          <line num="50" count="0" type="stmt"/>
          <line num="51" count="0" type="stmt"/>
          <line num="52" count="0" type="cond" truecount="0" falsecount="4"/>
          <line num="56" count="0" type="stmt"/>
          <line num="57" count="0" type="cond" truecount="0" falsecount="4"/>
          <line num="59" count="0" type="stmt"/>
          <line num="61" count="0" type="stmt"/>
          <line num="64" count="0" type="stmt"/>
          <line num="66" count="0" type="cond" truecount="0" falsecount="4"/>
          <line num="67" count="0" type="stmt"/>
          <line num="71" count="0" type="cond" truecount="0" falsecount="4"/>
          <line num="75" count="0" type="stmt"/>
          <line num="76" count="0" type="stmt"/>
          <line num="77" count="0" type="stmt"/>
          <line num="79" count="0" type="cond" truecount="0" falsecount="2"/>
          <line num="80" count="0" type="stmt"/>
          <line num="84" count="0" type="cond" truecount="0" falsecount="4"/>
          <line num="88" count="0" type="stmt"/>
          <line num="92" count="0" type="stmt"/>
          <line num="93" count="0" type="stmt"/>
          <line num="94" count="0" type="stmt"/>
          <line num="96" count="0" type="stmt"/>
          <line num="98" count="0" type="stmt"/>
          <line num="102" count="0" type="cond" truecount="0" falsecount="2"/>
          <line num="111" count="0" type="cond" truecount="0" falsecount="2"/>
          <line num="115" count="0" type="stmt"/>
          <line num="119" count="0" type="cond" truecount="0" falsecount="4"/>
          <line num="120" count="0" type="cond" truecount="0" falsecount="4"/>
          <line num="122" count="0" type="stmt"/>
          <line num="126" count="0" type="cond" truecount="0" falsecount="2"/>
          <line num="127" count="0" type="cond" truecount="0" falsecount="7"/>
          <line num="128" count="0" type="cond" truecount="0" falsecount="4"/>
          <line num="129" count="0" type="cond" truecount="0" falsecount="5"/>
          <line num="130" count="0" type="stmt"/>
          <line num="133" count="0" type="stmt"/>
          <line num="137" count="0" type="stmt"/>
          <line num="141" count="0" type="cond" truecount="0" falsecount="5"/>
          <line num="142" count="0" type="cond" truecount="0" falsecount="2"/>
          <line num="143" count="0" type="cond" truecount="0" falsecount="2"/>
          <line num="144" count="0" type="cond" truecount="0" falsecount="2"/>
          <line num="145" count="0" type="cond" truecount="0" falsecount="2"/>
          <line num="146" count="0" type="cond" truecount="0" falsecount="2"/>
          <line num="147" count="0" type="stmt"/>
          <line num="151" count="0" type="stmt"/>
          <line num="153" count="0" type="stmt"/>
          <line num="159" count="0" type="stmt"/>
          <line num="160" count="0" type="stmt"/>
          <line num="163" count="0" type="stmt"/>
          <line num="164" count="0" type="stmt"/>
          <line num="171" count="0" type="stmt"/>
          <line num="174" count="0" type="stmt"/>
          <line num="175" count="0" type="stmt"/>
          <line num="180" count="0" type="stmt"/>
          <line num="182" count="0" type="cond" truecount="0" falsecount="2"/>
          <line num="183" count="0" type="cond" truecount="0" falsecount="2"/>
          <line num="186" count="0" type="stmt"/>
          <line num="189" count="0" type="stmt"/>
          <line num="190" count="0" type="stmt"/>
          <line num="192" count="0" type="cond" truecount="0" falsecount="4"/>
          <line num="193" count="0" type="stmt"/>
          <line num="194" count="0" type="stmt"/>
          <line num="196" count="0" type="cond" truecount="0" falsecount="2"/>
          <line num="197" count="0" type="cond" truecount="0" falsecount="7"/>
          <line num="198" count="0" type="cond" truecount="0" falsecount="2"/>
          <line num="203" count="0" type="stmt"/>
          <line num="204" count="0" type="cond" truecount="0" falsecount="4"/>
          <line num="208" count="0" type="cond" truecount="0" falsecount="4"/>
          <line num="212" count="0" type="cond" truecount="0" falsecount="2"/>
          <line num="216" count="0" type="cond" truecount="0" falsecount="2"/>
          <line num="217" count="0" type="cond" truecount="0" falsecount="5"/>
          <line num="221" count="0" type="cond" truecount="0" falsecount="4"/>
          <line num="222" count="0" type="cond" truecount="0" falsecount="2"/>
          <line num="233" count="0" type="stmt"/>
          <line num="234" count="0" type="cond" truecount="0" falsecount="2"/>
          <line num="237" count="0" type="cond" truecount="0" falsecount="4"/>
          <line num="238" count="0" type="stmt"/>
          <line num="240" count="0" type="cond" truecount="0" falsecount="6"/>
          <line num="241" count="0" type="stmt"/>
          <line num="243" count="0" type="stmt"/>
          <line num="244" count="0" type="stmt"/>
          <line num="245" count="0" type="cond" truecount="0" falsecount="4"/>
          <line num="249" count="0" type="stmt"/>
          <line num="250" count="0" type="cond" truecount="0" falsecount="4"/>
          <line num="252" count="0" type="stmt"/>
          <line num="254" count="0" type="stmt"/>
          <line num="255" count="0" type="cond" truecount="0" falsecount="2"/>
          <line num="256" count="0" type="stmt"/>
          <line num="259" count="0" type="stmt"/>
          <line num="261" count="0" type="cond" truecount="0" falsecount="4"/>
          <line num="262" count="0" type="cond" truecount="0" falsecount="8"/>
          <line num="266" count="0" type="stmt"/>
          <line num="267" count="0" type="stmt"/>
          <line num="268" count="0" type="stmt"/>
          <line num="273" count="0" type="cond" truecount="0" falsecount="2"/>
          <line num="274" count="0" type="cond" truecount="0" falsecount="2"/>
          <line num="285" count="0" type="stmt"/>
          <line num="289" count="0" type="stmt"/>
          <line num="290" count="0" type="cond" truecount="0" falsecount="2"/>
          <line num="294" count="0" type="stmt"/>
          <line num="298" count="0" type="cond" truecount="0" falsecount="2"/>
          <line num="302" count="0" type="cond" truecount="0" falsecount="6"/>
          <line num="303" count="0" type="stmt"/>
          <line num="304" count="0" type="cond" truecount="0" falsecount="2"/>
          <line num="309" count="0" type="stmt"/>
          <line num="313" count="0" type="cond" truecount="0" falsecount="2"/>
          <line num="314" count="0" type="cond" truecount="0" falsecount="4"/>
          <line num="315" count="0" type="stmt"/>
          <line num="319" count="0" type="stmt"/>
          <line num="320" count="0" type="cond" truecount="0" falsecount="4"/>
          <line num="321" count="0" type="stmt"/>
          <line num="322" count="0" type="cond" truecount="0" falsecount="5"/>
          <line num="324" count="0" type="stmt"/>
          <line num="327" count="0" type="stmt"/>
          <line num="328" count="0" type="stmt"/>
          <line num="330" count="0" type="stmt"/>
          <line num="336" count="0" type="cond" truecount="0" falsecount="6"/>
          <line num="337" count="0" type="stmt"/>
          <line num="342" count="0" type="stmt"/>
          <line num="343" count="0" type="cond" truecount="0" falsecount="2"/>
          <line num="347" count="0" type="stmt"/>
          <line num="348" count="0" type="stmt"/>
          <line num="350" count="0" type="stmt"/>
          <line num="351" count="0" type="cond" truecount="0" falsecount="3"/>
          <line num="353" count="0" type="stmt"/>
          <line num="354" count="0" type="cond" truecount="0" falsecount="6"/>
          <line num="356" count="0" type="cond" truecount="0" falsecount="2"/>
          <line num="358" count="0" type="stmt"/>
          <line num="363" count="0" type="cond" truecount="0" falsecount="6"/>
          <line num="364" count="0" type="stmt"/>
          <line num="365" count="0" type="cond" truecount="0" falsecount="4"/>
          <line num="367" count="0" type="cond" truecount="0" falsecount="2"/>
          <line num="368" count="0" type="stmt"/>
          <line num="369" count="0" type="stmt"/>
          <line num="371" count="0" type="stmt"/>
          <line num="374" count="0" type="stmt"/>
        </file>
      </package>
      <package name="lib.plupload">
        <metrics statements="5" coveredstatements="0" conditionals="2074" coveredconditionals="0" methods="757" coveredmethods="0"/>
        <file name="plupload.js" path="/Users/hhhhhh/Documents/vue-test1/src/lib/plupload/plupload.js">
          <metrics statements="5" coveredstatements="0" conditionals="2074" coveredconditionals="0" methods="757" coveredmethods="0"/>
          <line num="13" count="0" type="cond" truecount="0" falsecount="558"/>
          <line num="14" count="0" type="cond" truecount="0" falsecount="642"/>
          <line num="15" count="0" type="cond" truecount="0" falsecount="529"/>
          <line num="16" count="0" type="cond" truecount="0" falsecount="15"/>
          <line num="29" count="0" type="cond" truecount="0" falsecount="330"/>
        </file>
      </package>
      <package name="lib.qiniu">
        <metrics statements="486" coveredstatements="0" conditionals="2357" coveredconditionals="0" methods="779" coveredmethods="0"/>
        <file name="plupload.full.min.js" path="/Users/hhhhhh/Documents/vue-test1/src/lib/qiniu/plupload.full.min.js">
          <metrics statements="4" coveredstatements="0" conditionals="1984" coveredconditionals="0" methods="737" coveredmethods="0"/>
          <line num="13" count="0" type="cond" truecount="0" falsecount="551"/>
          <line num="14" count="0" type="cond" truecount="0" falsecount="669"/>
          <line num="15" count="0" type="cond" truecount="0" falsecount="458"/>
          <line num="28" count="0" type="cond" truecount="0" falsecount="306"/>
        </file>
        <file name="qiniu.min.js" path="/Users/hhhhhh/Documents/vue-test1/src/lib/qiniu/qiniu.min.js">
          <metrics statements="482" coveredstatements="0" conditionals="373" coveredconditionals="0" methods="42" coveredmethods="0"/>
          <line num="9" count="0" type="stmt"/>
          <line num="10" count="0" type="stmt"/>
          <line num="11" count="0" type="stmt"/>
          <line num="12" count="0" type="stmt"/>
          <line num="13" count="0" type="stmt"/>
          <line num="17" count="0" type="stmt"/>
          <line num="19" count="0" type="cond" truecount="0" falsecount="2"/>
          <line num="22" count="0" type="stmt"/>
          <line num="23" count="0" type="stmt"/>
          <line num="24" count="0" type="stmt"/>
          <line num="25" count="0" type="stmt"/>
          <line num="27" count="0" type="cond" truecount="0" falsecount="4"/>
          <line num="28" count="0" type="stmt"/>
          <line num="30" count="0" type="stmt"/>
          <line num="31" count="0" type="stmt"/>
          <line num="32" count="0" type="stmt"/>
          <line num="33" count="0" type="cond" truecount="0" falsecount="2"/>
          <line num="34" count="0" type="stmt"/>
          <line num="37" count="0" type="stmt"/>
          <line num="40" count="0" type="stmt"/>
          <line num="41" count="0" type="stmt"/>
          <line num="43" count="0" type="cond" truecount="0" falsecount="5"/>
          <line num="44" count="0" type="stmt"/>
          <line num="46" count="0" type="stmt"/>
          <line num="48" count="0" type="stmt"/>
          <line num="51" count="0" type="stmt"/>
          <line num="67" count="0" type="cond" truecount="0" falsecount="4"/>
          <line num="68" count="0" type="stmt"/>
          <line num="71" count="0" type="stmt"/>
          <line num="72" count="0" type="stmt"/>
          <line num="73" count="0" type="stmt"/>
          <line num="75" count="0" type="stmt"/>
          <line num="76" count="0" type="stmt"/>
          <line num="77" count="0" type="stmt"/>
          <line num="78" count="0" type="stmt"/>
          <line num="79" count="0" type="stmt"/>
          <line num="81" count="0" type="cond" truecount="0" falsecount="2"/>
          <line num="82" count="0" type="stmt"/>
          <line num="83" count="0" type="cond" truecount="0" falsecount="4"/>
          <line num="84" count="0" type="stmt"/>
          <line num="87" count="0" type="cond" truecount="0" falsecount="2"/>
          <line num="88" count="0" type="stmt"/>
          <line num="92" count="0" type="cond" truecount="0" falsecount="2"/>
          <line num="93" count="0" type="stmt"/>
          <line num="95" count="0" type="stmt"/>
          <line num="96" count="0" type="cond" truecount="0" falsecount="2"/>
          <line num="97" count="0" type="stmt"/>
          <line num="99" count="0" type="stmt"/>
          <line num="100" count="0" type="stmt"/>
          <line num="104" count="0" type="cond" truecount="0" falsecount="2"/>
          <line num="105" count="0" type="cond" truecount="0" falsecount="2"/>
          <line num="106" count="0" type="stmt"/>
          <line num="108" count="0" type="stmt"/>
          <line num="109" count="0" type="stmt"/>
          <line num="113" count="0" type="cond" truecount="0" falsecount="2"/>
          <line num="114" count="0" type="stmt"/>
          <line num="117" count="0" type="stmt"/>
          <line num="120" count="0" type="stmt"/>
          <line num="136" count="0" type="stmt"/>
          <line num="137" count="0" type="stmt"/>
          <line num="138" count="0" type="stmt"/>
          <line num="139" count="0" type="stmt"/>
          <line num="140" count="0" type="stmt"/>
          <line num="142" count="0" type="cond" truecount="0" falsecount="2"/>
          <line num="143" count="0" type="stmt"/>
          <line num="146" count="0" type="stmt"/>
          <line num="148" count="0" type="stmt"/>
          <line num="149" count="0" type="stmt"/>
          <line num="150" count="0" type="stmt"/>
          <line num="151" count="0" type="stmt"/>
          <line num="153" count="0" type="stmt"/>
          <line num="155" count="0" type="stmt"/>
          <line num="156" count="0" type="stmt"/>
          <line num="157" count="0" type="stmt"/>
          <line num="158" count="0" type="stmt"/>
          <line num="161" count="0" type="stmt"/>
          <line num="164" count="0" type="stmt"/>
          <line num="166" count="0" type="stmt"/>
          <line num="168" count="0" type="stmt"/>
          <line num="169" count="0" type="stmt"/>
          <line num="171" count="0" type="stmt"/>
          <line num="172" count="0" type="stmt"/>
          <line num="175" count="0" type="stmt"/>
          <line num="178" count="0" type="stmt"/>
          <line num="179" count="0" type="stmt"/>
          <line num="180" count="0" type="stmt"/>
          <line num="183" count="0" type="stmt"/>
          <line num="184" count="0" type="stmt"/>
          <line num="185" count="0" type="cond" truecount="0" falsecount="2"/>
          <line num="186" count="0" type="stmt"/>
          <line num="188" count="0" type="stmt"/>
          <line num="190" count="0" type="stmt"/>
          <line num="193" count="0" type="stmt"/>
          <line num="195" count="0" type="cond" truecount="0" falsecount="4"/>
          <line num="196" count="0" type="stmt"/>
          <line num="199" count="0" type="cond" truecount="0" falsecount="2"/>
          <line num="200" count="0" type="stmt"/>
          <line num="202" count="0" type="cond" truecount="0" falsecount="2"/>
          <line num="205" count="0" type="stmt"/>
          <line num="207" count="0" type="cond" truecount="0" falsecount="2"/>
          <line num="210" count="0" type="cond" truecount="0" falsecount="2"/>
          <line num="212" count="0" type="stmt"/>
          <line num="213" count="0" type="stmt"/>
          <line num="220" count="0" type="stmt"/>
          <line num="221" count="0" type="cond" truecount="0" falsecount="2"/>
          <line num="226" count="0" type="stmt"/>
          <line num="228" count="0" type="stmt"/>
          <line num="229" count="0" type="cond" truecount="0" falsecount="2"/>
          <line num="230" count="0" type="stmt"/>
          <line num="233" count="0" type="cond" truecount="0" falsecount="2"/>
          <line num="234" count="0" type="stmt"/>
          <line num="237" count="0" type="stmt"/>
          <line num="239" count="0" type="cond" truecount="0" falsecount="2"/>
          <line num="240" count="0" type="cond" truecount="0" falsecount="2"/>
          <line num="242" count="0" type="stmt"/>
          <line num="243" count="0" type="stmt"/>
          <line num="245" count="0" type="stmt"/>
          <line num="246" count="0" type="stmt"/>
          <line num="247" count="0" type="cond" truecount="0" falsecount="2"/>
          <line num="248" count="0" type="stmt"/>
          <line num="249" count="0" type="stmt"/>
          <line num="250" count="0" type="stmt"/>
          <line num="257" count="0" type="stmt"/>
          <line num="258" count="0" type="stmt"/>
          <line num="260" count="0" type="cond" truecount="0" falsecount="7"/>
          <line num="261" count="0" type="cond" truecount="0" falsecount="6"/>
          <line num="264" count="0" type="stmt"/>
          <line num="266" count="0" type="cond" truecount="0" falsecount="2"/>
          <line num="270" count="0" type="stmt"/>
          <line num="272" count="0" type="stmt"/>
          <line num="273" count="0" type="stmt"/>
          <line num="275" count="0" type="stmt"/>
          <line num="276" count="0" type="cond" truecount="0" falsecount="2"/>
          <line num="277" count="0" type="stmt"/>
          <line num="283" count="0" type="stmt"/>
          <line num="285" count="0" type="stmt"/>
          <line num="286" count="0" type="cond" truecount="0" falsecount="2"/>
          <line num="300" count="0" type="stmt"/>
          <line num="301" count="0" type="stmt"/>
          <line num="303" count="0" type="stmt"/>
          <line num="304" count="0" type="stmt"/>
          <line num="305" count="0" type="cond" truecount="0" falsecount="4"/>
          <line num="306" count="0" type="stmt"/>
          <line num="307" count="0" type="stmt"/>
          <line num="310" count="0" type="stmt"/>
          <line num="312" count="0" type="stmt"/>
          <line num="316" count="0" type="stmt"/>
          <line num="317" count="0" type="stmt"/>
          <line num="318" count="0" type="stmt"/>
          <line num="319" count="0" type="cond" truecount="0" falsecount="2"/>
          <line num="320" count="0" type="cond" truecount="0" falsecount="2"/>
          <line num="321" count="0" type="cond" truecount="0" falsecount="3"/>
          <line num="322" count="0" type="cond" truecount="0" falsecount="2"/>
          <line num="323" count="0" type="stmt"/>
          <line num="324" count="0" type="cond" truecount="0" falsecount="2"/>
          <line num="325" count="0" type="cond" truecount="0" falsecount="2"/>
          <line num="326" count="0" type="stmt"/>
          <line num="328" count="0" type="stmt"/>
          <line num="331" count="0" type="stmt"/>
          <line num="334" count="0" type="stmt"/>
          <line num="341" count="0" type="stmt"/>
          <line num="343" count="0" type="stmt"/>
          <line num="344" count="0" type="stmt"/>
          <line num="346" count="0" type="stmt"/>
          <line num="348" count="0" type="stmt"/>
          <line num="349" count="0" type="cond" truecount="0" falsecount="2"/>
          <line num="350" count="0" type="cond" truecount="0" falsecount="3"/>
          <line num="351" count="0" type="cond" truecount="0" falsecount="2"/>
          <line num="352" count="0" type="stmt"/>
          <line num="353" count="0" type="stmt"/>
          <line num="356" count="0" type="stmt"/>
          <line num="359" count="0" type="stmt"/>
          <line num="360" count="0" type="cond" truecount="0" falsecount="2"/>
          <line num="361" count="0" type="stmt"/>
          <line num="363" count="0" type="stmt"/>
          <line num="364" count="0" type="stmt"/>
          <line num="366" count="0" type="cond" truecount="0" falsecount="2"/>
          <line num="367" count="0" type="stmt"/>
          <line num="371" count="0" type="stmt"/>
          <line num="377" count="0" type="stmt"/>
          <line num="378" count="0" type="cond" truecount="0" falsecount="4"/>
          <line num="379" count="0" type="stmt"/>
          <line num="380" count="0" type="cond" truecount="0" falsecount="2"/>
          <line num="381" count="0" type="cond" truecount="0" falsecount="2"/>
          <line num="382" count="0" type="stmt"/>
          <line num="383" count="0" type="cond" truecount="0" falsecount="2"/>
          <line num="384" count="0" type="stmt"/>
          <line num="390" count="0" type="stmt"/>
          <line num="399" count="0" type="cond" truecount="0" falsecount="2"/>
          <line num="400" count="0" type="cond" truecount="0" falsecount="3"/>
          <line num="401" count="0" type="cond" truecount="0" falsecount="4"/>
          <line num="402" count="0" type="cond" truecount="0" falsecount="2"/>
          <line num="403" count="0" type="stmt"/>
          <line num="405" count="0" type="stmt"/>
          <line num="406" count="0" type="stmt"/>
          <line num="407" count="0" type="cond" truecount="0" falsecount="2"/>
          <line num="408" count="0" type="stmt"/>
          <line num="409" count="0" type="stmt"/>
          <line num="410" count="0" type="cond" truecount="0" falsecount="2"/>
          <line num="411" count="0" type="stmt"/>
          <line num="412" count="0" type="cond" truecount="0" falsecount="2"/>
          <line num="413" count="0" type="cond" truecount="0" falsecount="2"/>
          <line num="414" count="0" type="cond" truecount="0" falsecount="2"/>
          <line num="416" count="0" type="stmt"/>
          <line num="417" count="0" type="stmt"/>
          <line num="418" count="0" type="stmt"/>
          <line num="421" count="0" type="stmt"/>
          <line num="422" count="0" type="stmt"/>
          <line num="423" count="0" type="cond" truecount="0" falsecount="2"/>
          <line num="424" count="0" type="stmt"/>
          <line num="427" count="0" type="stmt"/>
          <line num="432" count="0" type="stmt"/>
          <line num="435" count="0" type="stmt"/>
          <line num="438" count="0" type="stmt"/>
          <line num="439" count="0" type="stmt"/>
          <line num="451" count="0" type="stmt"/>
          <line num="455" count="0" type="stmt"/>
          <line num="458" count="0" type="stmt"/>
          <line num="459" count="0" type="stmt"/>
          <line num="460" count="0" type="cond" truecount="0" falsecount="2"/>
          <line num="461" count="0" type="cond" truecount="0" falsecount="2"/>
          <line num="462" count="0" type="stmt"/>
          <line num="464" count="0" type="cond" truecount="0" falsecount="2"/>
          <line num="467" count="0" type="stmt"/>
          <line num="468" count="0" type="stmt"/>
          <line num="470" count="0" type="cond" truecount="0" falsecount="2"/>
          <line num="471" count="0" type="stmt"/>
          <line num="472" count="0" type="cond" truecount="0" falsecount="2"/>
          <line num="473" count="0" type="cond" truecount="0" falsecount="3"/>
          <line num="474" count="0" type="cond" truecount="0" falsecount="2"/>
          <line num="475" count="0" type="stmt"/>
          <line num="479" count="0" type="stmt"/>
          <line num="488" count="0" type="stmt"/>
          <line num="489" count="0" type="stmt"/>
          <line num="490" count="0" type="stmt"/>
          <line num="491" count="0" type="stmt"/>
          <line num="492" count="0" type="cond" truecount="0" falsecount="2"/>
          <line num="493" count="0" type="stmt"/>
          <line num="495" count="0" type="stmt"/>
          <line num="496" count="0" type="stmt"/>
          <line num="498" count="0" type="cond" truecount="0" falsecount="2"/>
          <line num="499" count="0" type="cond" truecount="0" falsecount="3"/>
          <line num="500" count="0" type="stmt"/>
          <line num="501" count="0" type="stmt"/>
          <line num="503" count="0" type="stmt"/>
          <line num="504" count="0" type="stmt"/>
          <line num="506" count="0" type="stmt"/>
          <line num="507" count="0" type="stmt"/>
          <line num="508" count="0" type="stmt"/>
          <line num="510" count="0" type="stmt"/>
          <line num="511" count="0" type="stmt"/>
          <line num="513" count="0" type="stmt"/>
          <line num="514" count="0" type="stmt"/>
          <line num="516" count="0" type="stmt"/>
          <line num="517" count="0" type="stmt"/>
          <line num="519" count="0" type="stmt"/>
          <line num="520" count="0" type="stmt"/>
          <line num="522" count="0" type="stmt"/>
          <line num="523" count="0" type="stmt"/>
          <line num="525" count="0" type="stmt"/>
          <line num="526" count="0" type="stmt"/>
          <line num="527" count="0" type="stmt"/>
          <line num="528" count="0" type="cond" truecount="0" falsecount="2"/>
          <line num="530" count="0" type="cond" truecount="0" falsecount="2"/>
          <line num="532" count="0" type="stmt"/>
          <line num="534" count="0" type="stmt"/>
          <line num="535" count="0" type="stmt"/>
          <line num="537" count="0" type="stmt"/>
          <line num="538" count="0" type="stmt"/>
          <line num="540" count="0" type="stmt"/>
          <line num="541" count="0" type="stmt"/>
          <line num="543" count="0" type="stmt"/>
          <line num="544" count="0" type="stmt"/>
          <line num="546" count="0" type="stmt"/>
          <line num="547" count="0" type="stmt"/>
          <line num="549" count="0" type="stmt"/>
          <line num="550" count="0" type="stmt"/>
          <line num="552" count="0" type="stmt"/>
          <line num="553" count="0" type="stmt"/>
          <line num="555" count="0" type="stmt"/>
          <line num="556" count="0" type="stmt"/>
          <line num="557" count="0" type="stmt"/>
          <line num="559" count="0" type="stmt"/>
          <line num="560" count="0" type="stmt"/>
          <line num="562" count="0" type="cond" truecount="0" falsecount="2"/>
          <line num="563" count="0" type="stmt"/>
          <line num="566" count="0" type="stmt"/>
          <line num="570" count="0" type="stmt"/>
          <line num="571" count="0" type="stmt"/>
          <line num="573" count="0" type="stmt"/>
          <line num="574" count="0" type="cond" truecount="0" falsecount="2"/>
          <line num="575" count="0" type="stmt"/>
          <line num="576" count="0" type="stmt"/>
          <line num="577" count="0" type="stmt"/>
          <line num="578" count="0" type="stmt"/>
          <line num="579" count="0" type="cond" truecount="0" falsecount="2"/>
          <line num="580" count="0" type="cond" truecount="0" falsecount="2"/>
          <line num="582" count="0" type="stmt"/>
          <line num="583" count="0" type="stmt"/>
          <line num="585" count="0" type="stmt"/>
          <line num="587" count="0" type="stmt"/>
          <line num="588" count="0" type="stmt"/>
          <line num="589" count="0" type="cond" truecount="0" falsecount="2"/>
          <line num="590" count="0" type="stmt"/>
          <line num="593" count="0" type="stmt"/>
          <line num="602" count="0" type="stmt"/>
          <line num="603" count="0" type="cond" truecount="0" falsecount="2"/>
          <line num="604" count="0" type="stmt"/>
          <line num="608" count="0" type="stmt"/>
          <line num="609" count="0" type="cond" truecount="0" falsecount="2"/>
          <line num="610" count="0" type="cond" truecount="0" falsecount="2"/>
          <line num="611" count="0" type="stmt"/>
          <line num="612" count="0" type="cond" truecount="0" falsecount="2"/>
          <line num="613" count="0" type="stmt"/>
          <line num="614" count="0" type="cond" truecount="0" falsecount="2"/>
          <line num="617" count="0" type="stmt"/>
          <line num="618" count="0" type="stmt"/>
          <line num="619" count="0" type="stmt"/>
          <line num="620" count="0" type="cond" truecount="0" falsecount="4"/>
          <line num="621" count="0" type="stmt"/>
          <line num="622" count="0" type="cond" truecount="0" falsecount="2"/>
          <line num="623" count="0" type="cond" truecount="0" falsecount="2"/>
          <line num="624" count="0" type="stmt"/>
          <line num="625" count="0" type="cond" truecount="0" falsecount="2"/>
          <line num="626" count="0" type="stmt"/>
          <line num="628" count="0" type="stmt"/>
          <line num="633" count="0" type="stmt"/>
          <line num="634" count="0" type="stmt"/>
          <line num="635" count="0" type="stmt"/>
          <line num="636" count="0" type="stmt"/>
          <line num="637" count="0" type="stmt"/>
          <line num="638" count="0" type="stmt"/>
          <line num="639" count="0" type="cond" truecount="0" falsecount="2"/>
          <line num="640" count="0" type="stmt"/>
          <line num="641" count="0" type="cond" truecount="0" falsecount="2"/>
          <line num="642" count="0" type="stmt"/>
          <line num="643" count="0" type="stmt"/>
          <line num="645" count="0" type="stmt"/>
          <line num="654" count="0" type="stmt"/>
          <line num="656" count="0" type="stmt"/>
          <line num="662" count="0" type="stmt"/>
          <line num="665" count="0" type="stmt"/>
          <line num="666" count="0" type="cond" truecount="0" falsecount="2"/>
          <line num="667" count="0" type="stmt"/>
          <line num="669" count="0" type="stmt"/>
          <line num="670" count="0" type="stmt"/>
          <line num="671" count="0" type="cond" truecount="0" falsecount="2"/>
          <line num="672" count="0" type="stmt"/>
          <line num="674" count="0" type="stmt"/>
          <line num="677" count="0" type="stmt"/>
          <line num="678" count="0" type="cond" truecount="0" falsecount="2"/>
          <line num="679" count="0" type="cond" truecount="0" falsecount="2"/>
          <line num="680" count="0" type="cond" truecount="0" falsecount="2"/>
          <line num="681" count="0" type="cond" truecount="0" falsecount="2"/>
          <line num="682" count="0" type="cond" truecount="0" falsecount="2"/>
          <line num="683" count="0" type="cond" truecount="0" falsecount="2"/>
          <line num="684" count="0" type="stmt"/>
          <line num="686" count="0" type="cond" truecount="0" falsecount="4"/>
          <line num="687" count="0" type="stmt"/>
          <line num="690" count="0" type="stmt"/>
          <line num="691" count="0" type="cond" truecount="0" falsecount="2"/>
          <line num="692" count="0" type="cond" truecount="0" falsecount="2"/>
          <line num="693" count="0" type="cond" truecount="0" falsecount="2"/>
          <line num="694" count="0" type="cond" truecount="0" falsecount="2"/>
          <line num="695" count="0" type="cond" truecount="0" falsecount="2"/>
          <line num="696" count="0" type="stmt"/>
          <line num="698" count="0" type="stmt"/>
          <line num="702" count="0" type="stmt"/>
          <line num="703" count="0" type="cond" truecount="0" falsecount="2"/>
          <line num="704" count="0" type="cond" truecount="0" falsecount="2"/>
          <line num="705" count="0" type="cond" truecount="0" falsecount="2"/>
          <line num="706" count="0" type="cond" truecount="0" falsecount="2"/>
          <line num="707" count="0" type="cond" truecount="0" falsecount="2"/>
          <line num="708" count="0" type="cond" truecount="0" falsecount="2"/>
          <line num="709" count="0" type="cond" truecount="0" falsecount="2"/>
          <line num="710" count="0" type="cond" truecount="0" falsecount="2"/>
          <line num="711" count="0" type="cond" truecount="0" falsecount="2"/>
          <line num="714" count="0" type="stmt"/>
          <line num="716" count="0" type="cond" truecount="0" falsecount="2"/>
          <line num="717" count="0" type="cond" truecount="0" falsecount="2"/>
          <line num="718" count="0" type="cond" truecount="0" falsecount="2"/>
          <line num="719" count="0" type="cond" truecount="0" falsecount="2"/>
          <line num="720" count="0" type="cond" truecount="0" falsecount="2"/>
          <line num="721" count="0" type="cond" truecount="0" falsecount="2"/>
          <line num="722" count="0" type="cond" truecount="0" falsecount="2"/>
          <line num="723" count="0" type="cond" truecount="0" falsecount="2"/>
          <line num="724" count="0" type="cond" truecount="0" falsecount="2"/>
          <line num="726" count="0" type="cond" truecount="0" falsecount="2"/>
          <line num="727" count="0" type="stmt"/>
          <line num="729" count="0" type="stmt"/>
          <line num="732" count="0" type="stmt"/>
          <line num="734" count="0" type="stmt"/>
          <line num="735" count="0" type="cond" truecount="0" falsecount="2"/>
          <line num="736" count="0" type="stmt"/>
          <line num="739" count="0" type="stmt"/>
          <line num="741" count="0" type="cond" truecount="0" falsecount="2"/>
          <line num="742" count="0" type="cond" truecount="0" falsecount="2"/>
          <line num="743" count="0" type="cond" truecount="0" falsecount="2"/>
          <line num="744" count="0" type="stmt"/>
          <line num="746" count="0" type="cond" truecount="0" falsecount="2"/>
          <line num="747" count="0" type="cond" truecount="0" falsecount="2"/>
          <line num="748" count="0" type="cond" truecount="0" falsecount="2"/>
          <line num="749" count="0" type="cond" truecount="0" falsecount="2"/>
          <line num="750" count="0" type="cond" truecount="0" falsecount="2"/>
          <line num="751" count="0" type="cond" truecount="0" falsecount="2"/>
          <line num="752" count="0" type="cond" truecount="0" falsecount="2"/>
          <line num="753" count="0" type="stmt"/>
          <line num="755" count="0" type="cond" truecount="0" falsecount="2"/>
          <line num="756" count="0" type="cond" truecount="0" falsecount="2"/>
          <line num="757" count="0" type="cond" truecount="0" falsecount="2"/>
          <line num="758" count="0" type="cond" truecount="0" falsecount="2"/>
          <line num="761" count="0" type="stmt"/>
          <line num="764" count="0" type="cond" truecount="0" falsecount="2"/>
          <line num="765" count="0" type="cond" truecount="0" falsecount="2"/>
          <line num="766" count="0" type="cond" truecount="0" falsecount="2"/>
          <line num="767" count="0" type="cond" truecount="0" falsecount="2"/>
          <line num="769" count="0" type="cond" truecount="0" falsecount="2"/>
          <line num="770" count="0" type="cond" truecount="0" falsecount="2"/>
          <line num="771" count="0" type="cond" truecount="0" falsecount="2"/>
          <line num="772" count="0" type="cond" truecount="0" falsecount="2"/>
          <line num="774" count="0" type="cond" truecount="0" falsecount="2"/>
          <line num="775" count="0" type="stmt"/>
          <line num="777" count="0" type="stmt"/>
          <line num="781" count="0" type="stmt"/>
          <line num="782" count="0" type="cond" truecount="0" falsecount="2"/>
          <line num="783" count="0" type="stmt"/>
          <line num="785" count="0" type="stmt"/>
          <line num="786" count="0" type="stmt"/>
          <line num="788" count="0" type="stmt"/>
          <line num="789" count="0" type="stmt"/>
          <line num="790" count="0" type="stmt"/>
          <line num="791" count="0" type="cond" truecount="0" falsecount="4"/>
          <line num="792" count="0" type="stmt"/>
          <line num="795" count="0" type="stmt"/>
          <line num="796" count="0" type="stmt"/>
          <line num="800" count="0" type="stmt"/>
          <line num="801" count="0" type="cond" truecount="0" falsecount="2"/>
          <line num="802" count="0" type="stmt"/>
          <line num="804" count="0" type="stmt"/>
          <line num="805" count="0" type="stmt"/>
          <line num="807" count="0" type="stmt"/>
          <line num="808" count="0" type="stmt"/>
          <line num="809" count="0" type="stmt"/>
          <line num="810" count="0" type="cond" truecount="0" falsecount="4"/>
          <line num="811" count="0" type="stmt"/>
          <line num="814" count="0" type="stmt"/>
          <line num="815" count="0" type="stmt"/>
          <line num="818" count="0" type="stmt"/>
          <line num="819" count="0" type="cond" truecount="0" falsecount="4"/>
          <line num="820" count="0" type="stmt"/>
          <line num="822" count="0" type="cond" truecount="0" falsecount="2"/>
          <line num="823" count="0" type="stmt"/>
          <line num="824" count="0" type="cond" truecount="0" falsecount="2"/>
          <line num="825" count="0" type="stmt"/>
          <line num="827" count="0" type="stmt"/>
          <line num="831" count="0" type="stmt"/>
          <line num="833" count="0" type="stmt"/>
          <line num="834" count="0" type="stmt"/>
          <line num="835" count="0" type="cond" truecount="0" falsecount="2"/>
          <line num="836" count="0" type="stmt"/>
          <line num="837" count="0" type="stmt"/>
          <line num="838" count="0" type="cond" truecount="0" falsecount="2"/>
          <line num="839" count="0" type="stmt"/>
          <line num="841" count="0" type="stmt"/>
          <line num="843" count="0" type="stmt"/>
          <line num="844" count="0" type="stmt"/>
          <line num="846" count="0" type="stmt"/>
          <line num="847" count="0" type="stmt"/>
          <line num="849" count="0" type="stmt"/>
          <line num="850" count="0" type="stmt"/>
          <line num="852" count="0" type="stmt"/>
          <line num="853" count="0" type="stmt"/>
          <line num="855" count="0" type="cond" truecount="0" falsecount="2"/>
          <line num="856" count="0" type="stmt"/>
          <line num="859" count="0" type="cond" truecount="0" falsecount="2"/>
          <line num="860" count="0" type="stmt"/>
          <line num="861" count="0" type="stmt"/>
          <line num="862" count="0" type="cond" truecount="0" falsecount="2"/>
          <line num="863" count="0" type="stmt"/>
          <line num="866" count="0" type="stmt"/>
          <line num="868" count="0" type="stmt"/>
          <line num="873" count="0" type="stmt"/>
        </file>
      </package>
      <package name="lib.qinius">
        <metrics statements="1" coveredstatements="0" conditionals="532" coveredconditionals="0" methods="73" coveredmethods="0"/>
        <file name="qiniu.min.js" path="/Users/hhhhhh/Documents/vue-test1/src/lib/qinius/qiniu.min.js">
          <metrics statements="1" coveredstatements="0" conditionals="532" coveredconditionals="0" methods="73" coveredmethods="0"/>
          <line num="2" count="0" type="cond" truecount="0" falsecount="532"/>
        </file>
      </package>
      <package name="lib.weixinJs">
        <metrics statements="1" coveredstatements="0" conditionals="247" coveredconditionals="0" methods="91" coveredmethods="0"/>
        <file name="weixinjs.js" path="/Users/hhhhhh/Documents/vue-test1/src/lib/weixinJs/weixinjs.js">
          <metrics statements="1" coveredstatements="0" conditionals="247" coveredconditionals="0" methods="91" coveredmethods="0"/>
          <line num="1" count="0" type="cond" truecount="0" falsecount="247"/>
        </file>
      </package>
      <package name="pages.home">
        <metrics statements="3" coveredstatements="0" conditionals="0" coveredconditionals="0" methods="1" coveredmethods="0"/>
        <file name="index.vue" path="/Users/hhhhhh/Documents/vue-test1/src/pages/home/index.vue">
          <metrics statements="3" coveredstatements="0" conditionals="0" coveredconditionals="0" methods="1" coveredmethods="0"/>
          <line num="11" count="0" type="stmt"/>
          <line num="15" count="0" type="stmt"/>
          <line num="20" count="0" type="stmt"/>
        </file>
      </package>
      <package name="pages.user">
        <metrics statements="6" coveredstatements="0" conditionals="0" coveredconditionals="0" methods="3" coveredmethods="0"/>
        <file name="coupon.vue" path="/Users/hhhhhh/Documents/vue-test1/src/pages/user/coupon.vue">
          <metrics statements="2" coveredstatements="0" conditionals="0" coveredconditionals="0" methods="1" coveredmethods="0"/>
          <line num="9" count="0" type="stmt"/>
          <line num="13" count="0" type="stmt"/>
        </file>
        <file name="index.vue" path="/Users/hhhhhh/Documents/vue-test1/src/pages/user/index.vue">
          <metrics statements="2" coveredstatements="0" conditionals="0" coveredconditionals="0" methods="1" coveredmethods="0"/>
          <line num="15" count="0" type="stmt"/>
          <line num="19" count="0" type="stmt"/>
        </file>
        <file name="set.vue" path="/Users/hhhhhh/Documents/vue-test1/src/pages/user/set.vue">
          <metrics statements="2" coveredstatements="0" conditionals="0" coveredconditionals="0" methods="1" coveredmethods="0"/>
          <line num="9" count="0" type="stmt"/>
          <line num="13" count="0" type="stmt"/>
        </file>
      </package>
    </metrics>
  </project>
</coverage>
