TN:
SF:/Users/hhhhhh/Documents/vue-test1/src/components/test.vue
FNF:0
FNH:0
DA:11,0
LF:1
LH:0
BRF:0
BRH:0
end_of_record
TN:
SF:/Users/hhhhhh/Documents/vue-test1/src/lib/blueBrid/blueBrid.js
FN:1,(anonymous_0)
FN:1,(anonymous_1)
FN:1,r
FN:1,i
FN:1,(anonymous_4)
FN:1,(anonymous_5)
FN:1,(anonymous_6)
FN:1,e
FN:1,(anonymous_8)
FN:1,(anonymous_9)
FN:1,(anonymous_10)
FN:1,r
FN:1,(anonymous_12)
FN:1,i
FN:1,o
FN:1,s
FN:1,(anonymous_16)
FN:1,(anonymous_17)
FN:1,(anonymous_18)
FN:1,(anonymous_19)
FN:1,(anonymous_20)
FN:1,(anonymous_21)
FN:1,(anonymous_22)
FN:1,(anonymous_23)
FN:1,(anonymous_24)
FN:1,(anonymous_25)
FN:1,(anonymous_26)
FN:1,(anonymous_27)
FN:1,(anonymous_28)
FN:1,(anonymous_29)
FN:1,(anonymous_30)
FN:1,(anonymous_31)
FN:1,(anonymous_32)
FN:1,(anonymous_33)
FN:1,(anonymous_34)
FN:1,(anonymous_35)
FN:1,(anonymous_36)
FN:1,(anonymous_37)
FN:1,(anonymous_38)
FN:1,(anonymous_39)
FN:1,(anonymous_40)
FN:1,(anonymous_41)
FN:1,(anonymous_42)
FN:1,(anonymous_43)
FN:1,(anonymous_44)
FN:1,(anonymous_45)
FN:1,(anonymous_46)
FN:1,(anonymous_47)
FN:1,r
FN:1,(anonymous_49)
FN:1,(anonymous_50)
FN:1,n
FN:1,r
FN:1,i
FN:1,o
FN:1,(anonymous_55)
FN:1,(anonymous_56)
FN:1,(anonymous_57)
FN:1,(anonymous_58)
FN:1,(anonymous_59)
FN:1,(anonymous_60)
FN:1,(anonymous_61)
FN:1,(anonymous_62)
FN:1,(anonymous_63)
FN:1,(anonymous_64)
FN:1,(anonymous_65)
FN:1,(anonymous_66)
FN:1,(anonymous_67)
FN:1,(anonymous_68)
FN:1,(anonymous_69)
FN:1,(anonymous_70)
FN:1,(anonymous_71)
FN:1,(anonymous_72)
FN:1,(anonymous_73)
FN:1,(anonymous_74)
FN:1,n
FN:1,(anonymous_76)
FN:1,(anonymous_77)
FN:1,(anonymous_78)
FN:1,e
FN:1,n
FN:1,r
FN:1,(anonymous_82)
FN:1,(anonymous_83)
FN:1,(anonymous_84)
FN:1,(anonymous_85)
FN:1,(anonymous_86)
FN:1,(anonymous_87)
FN:1,(anonymous_88)
FN:1,(anonymous_89)
FN:1,(anonymous_90)
FN:1,(anonymous_91)
FN:1,(anonymous_92)
FN:1,(anonymous_93)
FN:1,r
FN:1,i
FN:1,o
FN:1,(anonymous_97)
FN:1,s
FN:1,a
FN:1,c
FN:1,l
FN:1,u
FN:1,p
FN:1,h
FN:1,f
FN:1,_
FN:1,d
FN:1,v
FN:1,y
FN:1,m
FN:1,g
FN:1,b
FN:1,w
FN:1,C
FN:1,j
FN:1,E
FN:1,k
FN:1,F
FN:1,x
FN:1,T
FN:1,P
FN:1,R
FN:1,(anonymous_123)
FN:1,S
FN:1,(anonymous_125)
FN:1,(anonymous_126)
FN:1,(anonymous_127)
FN:1,(anonymous_128)
FN:1,(anonymous_129)
FN:1,(anonymous_130)
FN:1,(anonymous_131)
FN:1,(anonymous_132)
FN:1,(anonymous_133)
FN:1,(anonymous_134)
FN:1,(anonymous_135)
FN:1,(anonymous_136)
FN:1,(anonymous_137)
FN:1,(anonymous_138)
FN:1,(anonymous_139)
FN:1,(anonymous_140)
FN:1,(anonymous_141)
FN:1,(anonymous_142)
FN:1,(anonymous_143)
FN:1,(anonymous_144)
FN:1,(anonymous_145)
FN:1,(anonymous_146)
FN:1,(anonymous_147)
FN:1,(anonymous_148)
FN:1,(anonymous_149)
FN:1,(anonymous_150)
FN:1,(anonymous_151)
FN:1,(anonymous_152)
FN:1,(anonymous_153)
FN:1,(anonymous_154)
FN:1,(anonymous_155)
FN:1,(anonymous_156)
FN:1,(anonymous_157)
FN:1,(anonymous_158)
FN:1,(anonymous_159)
FN:1,(anonymous_160)
FN:1,(anonymous_161)
FN:1,(anonymous_162)
FN:1,(anonymous_163)
FN:1,(anonymous_164)
FN:1,(anonymous_165)
FN:1,(anonymous_166)
FN:1,(anonymous_167)
FN:1,(anonymous_168)
FN:1,(anonymous_169)
FN:1,(anonymous_170)
FN:1,(anonymous_171)
FN:1,(anonymous_172)
FN:1,(anonymous_173)
FN:1,(anonymous_174)
FN:1,(anonymous_175)
FN:1,(anonymous_176)
FN:1,(anonymous_177)
FN:1,(anonymous_178)
FN:1,(anonymous_179)
FN:1,(anonymous_180)
FN:1,(anonymous_181)
FN:1,(anonymous_182)
FN:1,(anonymous_183)
FN:1,(anonymous_184)
FN:1,(anonymous_185)
FN:1,(anonymous_186)
FN:1,e
FN:1,n
FN:1,(anonymous_189)
FN:1,(anonymous_190)
FN:1,(anonymous_191)
FN:1,(anonymous_192)
FN:1,(anonymous_193)
FN:1,(anonymous_194)
FN:1,(anonymous_195)
FN:1,(anonymous_196)
FN:1,n
FN:1,r
FN:1,(anonymous_199)
FN:1,(anonymous_200)
FN:1,(anonymous_201)
FN:1,(anonymous_202)
FN:1,r
FN:1,n
FN:1,i
FN:1,(anonymous_206)
FN:1,(anonymous_207)
FN:1,(anonymous_208)
FN:1,(anonymous_209)
FN:1,(anonymous_210)
FN:1,(anonymous_211)
FN:1,(anonymous_212)
FN:1,(anonymous_213)
FN:1,(anonymous_214)
FN:1,(anonymous_215)
FN:1,(anonymous_216)
FN:1,(anonymous_217)
FN:1,(anonymous_218)
FN:1,(anonymous_219)
FN:1,(anonymous_220)
FN:1,(anonymous_221)
FN:1,(anonymous_222)
FN:1,r
FN:1,i
FN:1,o
FN:1,s
FN:1,a
FN:1,c
FN:1,(anonymous_229)
FN:1,(anonymous_230)
FN:1,(anonymous_231)
FN:1,(anonymous_232)
FN:1,(anonymous_233)
FN:1,(anonymous_234)
FN:1,(anonymous_235)
FN:1,a
FN:1,c
FN:1,(anonymous_238)
FN:1,(anonymous_239)
FN:1,(anonymous_240)
FN:1,(anonymous_241)
FN:1,(anonymous_242)
FN:1,(anonymous_243)
FN:1,(anonymous_244)
FN:1,(anonymous_245)
FN:1,(anonymous_246)
FN:1,(anonymous_247)
FN:1,(anonymous_248)
FN:1,(anonymous_249)
FN:1,(anonymous_250)
FN:2,(anonymous_251)
FN:2,(anonymous_252)
FN:2,(anonymous_253)
FN:2,(anonymous_254)
FN:2,(anonymous_255)
FN:2,(anonymous_256)
FN:2,a
FN:2,c
FN:2,(anonymous_259)
FN:2,(anonymous_260)
FN:2,(anonymous_261)
FN:2,(anonymous_262)
FN:2,(anonymous_263)
FN:2,(anonymous_264)
FN:2,(anonymous_265)
FN:2,(anonymous_266)
FN:2,(anonymous_267)
FN:2,(anonymous_268)
FN:2,(anonymous_269)
FN:2,(anonymous_270)
FN:2,(anonymous_271)
FN:2,(anonymous_272)
FN:2,(anonymous_273)
FN:2,r
FN:2,i
FN:2,o
FN:2,(anonymous_277)
FN:2,(anonymous_278)
FN:2,(anonymous_279)
FN:2,n
FN:2,r
FN:2,i
FN:2,(anonymous_283)
FN:2,(anonymous_284)
FN:2,(anonymous_285)
FN:2,n
FN:2,r
FN:2,i
FN:2,o
FN:2,s
FN:2,a
FN:2,(anonymous_292)
FN:2,(anonymous_293)
FN:2,(anonymous_294)
FN:2,(anonymous_295)
FN:2,(anonymous_296)
FN:2,(anonymous_297)
FN:2,(anonymous_298)
FN:2,(anonymous_299)
FN:2,(anonymous_300)
FN:2,(anonymous_301)
FN:2,(anonymous_302)
FN:2,(anonymous_303)
FN:2,(anonymous_304)
FN:2,(anonymous_305)
FN:2,(anonymous_306)
FN:2,(anonymous_307)
FN:2,(anonymous_308)
FN:2,(anonymous_309)
FN:2,(anonymous_310)
FN:2,(anonymous_311)
FN:2,(anonymous_312)
FN:2,(anonymous_313)
FN:2,(anonymous_314)
FN:2,(anonymous_315)
FN:2,(anonymous_316)
FN:2,(anonymous_317)
FN:2,(anonymous_318)
FN:2,(anonymous_319)
FN:2,(anonymous_320)
FN:2,(anonymous_321)
FN:2,(anonymous_322)
FN:2,(anonymous_323)
FN:2,(anonymous_324)
FN:2,(anonymous_325)
FN:2,(anonymous_326)
FN:2,(anonymous_327)
FN:2,(anonymous_328)
FN:2,(anonymous_329)
FN:2,(anonymous_330)
FN:2,(anonymous_331)
FN:2,(anonymous_332)
FN:2,(anonymous_333)
FN:2,(anonymous_334)
FN:2,(anonymous_335)
FN:2,(anonymous_336)
FN:2,(anonymous_337)
FN:2,(anonymous_338)
FN:2,(anonymous_339)
FN:2,(anonymous_340)
FN:2,(anonymous_341)
FN:2,(anonymous_342)
FN:2,(anonymous_343)
FN:2,(anonymous_344)
FN:2,(anonymous_345)
FN:2,(anonymous_346)
FN:2,(anonymous_347)
FN:2,(anonymous_348)
FN:2,(anonymous_349)
FN:2,(anonymous_350)
FN:2,(anonymous_351)
FN:2,(anonymous_352)
FN:2,(anonymous_353)
FN:2,(anonymous_354)
FN:2,(anonymous_355)
FN:2,(anonymous_356)
FN:2,(anonymous_357)
FN:2,(anonymous_358)
FN:2,(anonymous_359)
FN:2,s
FN:2,a
FN:2,(anonymous_362)
FN:2,(anonymous_363)
FN:2,l
FN:2,(anonymous_365)
FN:2,(anonymous_366)
FN:2,(anonymous_367)
FN:2,(anonymous_368)
FN:2,(anonymous_369)
FN:2,(anonymous_370)
FN:2,(anonymous_371)
FN:2,(anonymous_372)
FN:2,(anonymous_373)
FN:2,(anonymous_374)
FN:2,(anonymous_375)
FN:2,(anonymous_376)
FN:2,(anonymous_377)
FN:2,r
FN:2,i
FN:2,o
FN:2,s
FN:2,a
FN:2,c
FN:2,c
FN:2,(anonymous_385)
FN:2,l
FN:2,(anonymous_387)
FN:2,u
FN:2,(anonymous_389)
FN:2,(anonymous_390)
FN:2,(anonymous_391)
FN:2,(anonymous_392)
FN:2,(anonymous_393)
FN:2,(anonymous_394)
FN:2,o
FN:2,s
FN:2,(anonymous_397)
FN:2,t
FN:2,(anonymous_399)
FN:2,(anonymous_400)
FN:2,(anonymous_401)
FN:2,(anonymous_402)
FN:2,(anonymous_403)
FN:2,(anonymous_404)
FN:2,(anonymous_405)
FN:2,(anonymous_406)
FN:2,(anonymous_407)
FN:2,r
FN:2,i
FN:2,(anonymous_410)
FN:2,(anonymous_411)
FN:2,(anonymous_412)
FN:2,(anonymous_413)
FN:2,(anonymous_414)
FN:2,(anonymous_415)
FN:2,(anonymous_416)
FN:2,(anonymous_417)
FN:2,(anonymous_418)
FN:2,o
FN:2,(anonymous_420)
FN:2,(anonymous_421)
FN:2,(anonymous_422)
FN:2,(anonymous_423)
FN:2,(anonymous_424)
FN:2,(anonymous_425)
FN:2,a
FN:2,c
FN:2,l
FN:2,u
FN:2,p
FN:2,(anonymous_431)
FN:2,(anonymous_432)
FN:2,(anonymous_433)
FN:2,(anonymous_434)
FN:2,(anonymous_435)
FN:2,(anonymous_436)
FN:2,(anonymous_437)
FN:2,(anonymous_438)
FN:2,(anonymous_439)
FN:2,(anonymous_440)
FN:2,(anonymous_441)
FN:2,(anonymous_442)
FN:2,(anonymous_443)
FN:2,(anonymous_444)
FN:2,(anonymous_445)
FN:2,(anonymous_446)
FN:2,(anonymous_447)
FN:2,(anonymous_448)
FN:2,(anonymous_449)
FN:2,(anonymous_450)
FN:2,(anonymous_451)
FN:2,(anonymous_452)
FN:2,(anonymous_453)
FN:2,(anonymous_454)
FN:2,i
FN:2,(anonymous_456)
FN:2,(anonymous_457)
FN:2,(anonymous_458)
FN:2,(anonymous_459)
FN:2,(anonymous_460)
FN:2,(anonymous_461)
FN:2,(anonymous_462)
FN:2,i
FN:2,o
FN:2,(anonymous_465)
FN:3,(anonymous_466)
FN:3,(anonymous_467)
FN:3,(anonymous_468)
FN:3,(anonymous_469)
FN:3,(anonymous_470)
FN:3,(anonymous_471)
FN:3,(anonymous_472)
FN:3,(anonymous_473)
FN:3,(anonymous_474)
FN:3,(anonymous_475)
FN:3,(anonymous_476)
FN:3,(anonymous_477)
FN:3,(anonymous_478)
FN:3,(anonymous_479)
FN:3,(anonymous_480)
FN:3,(anonymous_481)
FN:3,(anonymous_482)
FN:3,(anonymous_483)
FN:3,(anonymous_484)
FN:3,e
FN:3,(anonymous_486)
FN:3,(anonymous_487)
FN:3,(anonymous_488)
FN:3,(anonymous_489)
FN:3,(anonymous_490)
FN:3,(anonymous_491)
FN:3,(anonymous_492)
FN:3,(anonymous_493)
FN:3,(anonymous_494)
FN:3,(anonymous_495)
FN:3,(anonymous_496)
FN:3,(anonymous_497)
FN:3,(anonymous_498)
FN:3,(anonymous_499)
FN:3,(anonymous_500)
FN:3,(anonymous_501)
FN:3,(anonymous_502)
FN:3,(anonymous_503)
FN:3,(anonymous_504)
FN:3,(anonymous_505)
FN:3,(anonymous_506)
FN:3,r
FN:3,i
FN:3,o
FN:3,s
FN:3,a
FN:3,o
FN:3,s
FN:3,(anonymous_514)
FN:3,(anonymous_515)
FN:3,i
FN:3,o
FN:3,s
FN:3,(anonymous_519)
FN:3,(anonymous_520)
FN:3,(anonymous_521)
FN:3,(anonymous_522)
FN:3,(anonymous_523)
FN:3,(anonymous_524)
FN:3,(anonymous_525)
FN:3,(anonymous_526)
FN:3,(anonymous_527)
FN:3,(anonymous_528)
FN:3,a
FN:3,(anonymous_530)
FN:3,c
FN:3,l
FN:3,i
FN:3,u
FN:3,p
FN:3,h
FN:3,f
FN:3,(anonymous_538)
FN:3,(anonymous_539)
FN:3,(anonymous_540)
FN:3,(anonymous_541)
FN:3,(anonymous_542)
FN:3,(anonymous_543)
FN:3,(anonymous_544)
FN:3,(anonymous_545)
FN:3,(anonymous_546)
FN:3,(anonymous_547)
FN:3,(anonymous_548)
FN:3,(anonymous_549)
FN:3,(anonymous_550)
FN:3,(anonymous_551)
FN:3,(anonymous_552)
FN:3,(anonymous_553)
FN:3,r
FN:3,i
FN:3,o
FN:3,s
FN:3,a
FN:3,c
FN:3,l
FN:3,u
FN:3,p
FN:3,h
FN:3,f
FN:3,e
FN:3,_
FN:3,d
FN:3,v
FN:3,y
FN:3,m
FN:3,g
FN:3,b
FN:3,w
FN:3,C
FN:3,j
FN:3,E
FN:3,(anonymous_577)
FN:3,k
FN:3,(anonymous_579)
FN:3,n
FN:3,(anonymous_581)
FN:3,(anonymous_582)
FN:3,(anonymous_583)
FN:3,(anonymous_584)
FN:3,(anonymous_585)
FN:3,(anonymous_586)
FN:3,(anonymous_587)
FN:3,(anonymous_588)
FN:3,(anonymous_589)
FN:3,(anonymous_590)
FN:3,(anonymous_591)
FN:3,(anonymous_592)
FNF:593
FNH:0
FNDA:0,(anonymous_0)
FNDA:0,(anonymous_1)
FNDA:0,r
FNDA:0,i
FNDA:0,(anonymous_4)
FNDA:0,(anonymous_5)
FNDA:0,(anonymous_6)
FNDA:0,e
FNDA:0,(anonymous_8)
FNDA:0,(anonymous_9)
FNDA:0,(anonymous_10)
FNDA:0,r
FNDA:0,(anonymous_12)
FNDA:0,i
FNDA:0,o
FNDA:0,s
FNDA:0,(anonymous_16)
FNDA:0,(anonymous_17)
FNDA:0,(anonymous_18)
FNDA:0,(anonymous_19)
FNDA:0,(anonymous_20)
FNDA:0,(anonymous_21)
FNDA:0,(anonymous_22)
FNDA:0,(anonymous_23)
FNDA:0,(anonymous_24)
FNDA:0,(anonymous_25)
FNDA:0,(anonymous_26)
FNDA:0,(anonymous_27)
FNDA:0,(anonymous_28)
FNDA:0,(anonymous_29)
FNDA:0,(anonymous_30)
FNDA:0,(anonymous_31)
FNDA:0,(anonymous_32)
FNDA:0,(anonymous_33)
FNDA:0,(anonymous_34)
FNDA:0,(anonymous_35)
FNDA:0,(anonymous_36)
FNDA:0,(anonymous_37)
FNDA:0,(anonymous_38)
FNDA:0,(anonymous_39)
FNDA:0,(anonymous_40)
FNDA:0,(anonymous_41)
FNDA:0,(anonymous_42)
FNDA:0,(anonymous_43)
FNDA:0,(anonymous_44)
FNDA:0,(anonymous_45)
FNDA:0,(anonymous_46)
FNDA:0,(anonymous_47)
FNDA:0,r
FNDA:0,(anonymous_49)
FNDA:0,(anonymous_50)
FNDA:0,n
FNDA:0,r
FNDA:0,i
FNDA:0,o
FNDA:0,(anonymous_55)
FNDA:0,(anonymous_56)
FNDA:0,(anonymous_57)
FNDA:0,(anonymous_58)
FNDA:0,(anonymous_59)
FNDA:0,(anonymous_60)
FNDA:0,(anonymous_61)
FNDA:0,(anonymous_62)
FNDA:0,(anonymous_63)
FNDA:0,(anonymous_64)
FNDA:0,(anonymous_65)
FNDA:0,(anonymous_66)
FNDA:0,(anonymous_67)
FNDA:0,(anonymous_68)
FNDA:0,(anonymous_69)
FNDA:0,(anonymous_70)
FNDA:0,(anonymous_71)
FNDA:0,(anonymous_72)
FNDA:0,(anonymous_73)
FNDA:0,(anonymous_74)
FNDA:0,n
FNDA:0,(anonymous_76)
FNDA:0,(anonymous_77)
FNDA:0,(anonymous_78)
FNDA:0,e
FNDA:0,n
FNDA:0,r
FNDA:0,(anonymous_82)
FNDA:0,(anonymous_83)
FNDA:0,(anonymous_84)
FNDA:0,(anonymous_85)
FNDA:0,(anonymous_86)
FNDA:0,(anonymous_87)
FNDA:0,(anonymous_88)
FNDA:0,(anonymous_89)
FNDA:0,(anonymous_90)
FNDA:0,(anonymous_91)
FNDA:0,(anonymous_92)
FNDA:0,(anonymous_93)
FNDA:0,r
FNDA:0,i
FNDA:0,o
FNDA:0,(anonymous_97)
FNDA:0,s
FNDA:0,a
FNDA:0,c
FNDA:0,l
FNDA:0,u
FNDA:0,p
FNDA:0,h
FNDA:0,f
FNDA:0,_
FNDA:0,d
FNDA:0,v
FNDA:0,y
FNDA:0,m
FNDA:0,g
FNDA:0,b
FNDA:0,w
FNDA:0,C
FNDA:0,j
FNDA:0,E
FNDA:0,k
FNDA:0,F
FNDA:0,x
FNDA:0,T
FNDA:0,P
FNDA:0,R
FNDA:0,(anonymous_123)
FNDA:0,S
FNDA:0,(anonymous_125)
FNDA:0,(anonymous_126)
FNDA:0,(anonymous_127)
FNDA:0,(anonymous_128)
FNDA:0,(anonymous_129)
FNDA:0,(anonymous_130)
FNDA:0,(anonymous_131)
FNDA:0,(anonymous_132)
FNDA:0,(anonymous_133)
FNDA:0,(anonymous_134)
FNDA:0,(anonymous_135)
FNDA:0,(anonymous_136)
FNDA:0,(anonymous_137)
FNDA:0,(anonymous_138)
FNDA:0,(anonymous_139)
FNDA:0,(anonymous_140)
FNDA:0,(anonymous_141)
FNDA:0,(anonymous_142)
FNDA:0,(anonymous_143)
FNDA:0,(anonymous_144)
FNDA:0,(anonymous_145)
FNDA:0,(anonymous_146)
FNDA:0,(anonymous_147)
FNDA:0,(anonymous_148)
FNDA:0,(anonymous_149)
FNDA:0,(anonymous_150)
FNDA:0,(anonymous_151)
FNDA:0,(anonymous_152)
FNDA:0,(anonymous_153)
FNDA:0,(anonymous_154)
FNDA:0,(anonymous_155)
FNDA:0,(anonymous_156)
FNDA:0,(anonymous_157)
FNDA:0,(anonymous_158)
FNDA:0,(anonymous_159)
FNDA:0,(anonymous_160)
FNDA:0,(anonymous_161)
FNDA:0,(anonymous_162)
FNDA:0,(anonymous_163)
FNDA:0,(anonymous_164)
FNDA:0,(anonymous_165)
FNDA:0,(anonymous_166)
FNDA:0,(anonymous_167)
FNDA:0,(anonymous_168)
FNDA:0,(anonymous_169)
FNDA:0,(anonymous_170)
FNDA:0,(anonymous_171)
FNDA:0,(anonymous_172)
FNDA:0,(anonymous_173)
FNDA:0,(anonymous_174)
FNDA:0,(anonymous_175)
FNDA:0,(anonymous_176)
FNDA:0,(anonymous_177)
FNDA:0,(anonymous_178)
FNDA:0,(anonymous_179)
FNDA:0,(anonymous_180)
FNDA:0,(anonymous_181)
FNDA:0,(anonymous_182)
FNDA:0,(anonymous_183)
FNDA:0,(anonymous_184)
FNDA:0,(anonymous_185)
FNDA:0,(anonymous_186)
FNDA:0,e
FNDA:0,n
FNDA:0,(anonymous_189)
FNDA:0,(anonymous_190)
FNDA:0,(anonymous_191)
FNDA:0,(anonymous_192)
FNDA:0,(anonymous_193)
FNDA:0,(anonymous_194)
FNDA:0,(anonymous_195)
FNDA:0,(anonymous_196)
FNDA:0,n
FNDA:0,r
FNDA:0,(anonymous_199)
FNDA:0,(anonymous_200)
FNDA:0,(anonymous_201)
FNDA:0,(anonymous_202)
FNDA:0,r
FNDA:0,n
FNDA:0,i
FNDA:0,(anonymous_206)
FNDA:0,(anonymous_207)
FNDA:0,(anonymous_208)
FNDA:0,(anonymous_209)
FNDA:0,(anonymous_210)
FNDA:0,(anonymous_211)
FNDA:0,(anonymous_212)
FNDA:0,(anonymous_213)
FNDA:0,(anonymous_214)
FNDA:0,(anonymous_215)
FNDA:0,(anonymous_216)
FNDA:0,(anonymous_217)
FNDA:0,(anonymous_218)
FNDA:0,(anonymous_219)
FNDA:0,(anonymous_220)
FNDA:0,(anonymous_221)
FNDA:0,(anonymous_222)
FNDA:0,r
FNDA:0,i
FNDA:0,o
FNDA:0,s
FNDA:0,a
FNDA:0,c
FNDA:0,(anonymous_229)
FNDA:0,(anonymous_230)
FNDA:0,(anonymous_231)
FNDA:0,(anonymous_232)
FNDA:0,(anonymous_233)
FNDA:0,(anonymous_234)
FNDA:0,(anonymous_235)
FNDA:0,a
FNDA:0,c
FNDA:0,(anonymous_238)
FNDA:0,(anonymous_239)
FNDA:0,(anonymous_240)
FNDA:0,(anonymous_241)
FNDA:0,(anonymous_242)
FNDA:0,(anonymous_243)
FNDA:0,(anonymous_244)
FNDA:0,(anonymous_245)
FNDA:0,(anonymous_246)
FNDA:0,(anonymous_247)
FNDA:0,(anonymous_248)
FNDA:0,(anonymous_249)
FNDA:0,(anonymous_250)
FNDA:0,(anonymous_251)
FNDA:0,(anonymous_252)
FNDA:0,(anonymous_253)
FNDA:0,(anonymous_254)
FNDA:0,(anonymous_255)
FNDA:0,(anonymous_256)
FNDA:0,a
FNDA:0,c
FNDA:0,(anonymous_259)
FNDA:0,(anonymous_260)
FNDA:0,(anonymous_261)
FNDA:0,(anonymous_262)
FNDA:0,(anonymous_263)
FNDA:0,(anonymous_264)
FNDA:0,(anonymous_265)
FNDA:0,(anonymous_266)
FNDA:0,(anonymous_267)
FNDA:0,(anonymous_268)
FNDA:0,(anonymous_269)
FNDA:0,(anonymous_270)
FNDA:0,(anonymous_271)
FNDA:0,(anonymous_272)
FNDA:0,(anonymous_273)
FNDA:0,r
FNDA:0,i
FNDA:0,o
FNDA:0,(anonymous_277)
FNDA:0,(anonymous_278)
FNDA:0,(anonymous_279)
FNDA:0,n
FNDA:0,r
FNDA:0,i
FNDA:0,(anonymous_283)
FNDA:0,(anonymous_284)
FNDA:0,(anonymous_285)
FNDA:0,n
FNDA:0,r
FNDA:0,i
FNDA:0,o
FNDA:0,s
FNDA:0,a
FNDA:0,(anonymous_292)
FNDA:0,(anonymous_293)
FNDA:0,(anonymous_294)
FNDA:0,(anonymous_295)
FNDA:0,(anonymous_296)
FNDA:0,(anonymous_297)
FNDA:0,(anonymous_298)
FNDA:0,(anonymous_299)
FNDA:0,(anonymous_300)
FNDA:0,(anonymous_301)
FNDA:0,(anonymous_302)
FNDA:0,(anonymous_303)
FNDA:0,(anonymous_304)
FNDA:0,(anonymous_305)
FNDA:0,(anonymous_306)
FNDA:0,(anonymous_307)
FNDA:0,(anonymous_308)
FNDA:0,(anonymous_309)
FNDA:0,(anonymous_310)
FNDA:0,(anonymous_311)
FNDA:0,(anonymous_312)
FNDA:0,(anonymous_313)
FNDA:0,(anonymous_314)
FNDA:0,(anonymous_315)
FNDA:0,(anonymous_316)
FNDA:0,(anonymous_317)
FNDA:0,(anonymous_318)
FNDA:0,(anonymous_319)
FNDA:0,(anonymous_320)
FNDA:0,(anonymous_321)
FNDA:0,(anonymous_322)
FNDA:0,(anonymous_323)
FNDA:0,(anonymous_324)
FNDA:0,(anonymous_325)
FNDA:0,(anonymous_326)
FNDA:0,(anonymous_327)
FNDA:0,(anonymous_328)
FNDA:0,(anonymous_329)
FNDA:0,(anonymous_330)
FNDA:0,(anonymous_331)
FNDA:0,(anonymous_332)
FNDA:0,(anonymous_333)
FNDA:0,(anonymous_334)
FNDA:0,(anonymous_335)
FNDA:0,(anonymous_336)
FNDA:0,(anonymous_337)
FNDA:0,(anonymous_338)
FNDA:0,(anonymous_339)
FNDA:0,(anonymous_340)
FNDA:0,(anonymous_341)
FNDA:0,(anonymous_342)
FNDA:0,(anonymous_343)
FNDA:0,(anonymous_344)
FNDA:0,(anonymous_345)
FNDA:0,(anonymous_346)
FNDA:0,(anonymous_347)
FNDA:0,(anonymous_348)
FNDA:0,(anonymous_349)
FNDA:0,(anonymous_350)
FNDA:0,(anonymous_351)
FNDA:0,(anonymous_352)
FNDA:0,(anonymous_353)
FNDA:0,(anonymous_354)
FNDA:0,(anonymous_355)
FNDA:0,(anonymous_356)
FNDA:0,(anonymous_357)
FNDA:0,(anonymous_358)
FNDA:0,(anonymous_359)
FNDA:0,s
FNDA:0,a
FNDA:0,(anonymous_362)
FNDA:0,(anonymous_363)
FNDA:0,l
FNDA:0,(anonymous_365)
FNDA:0,(anonymous_366)
FNDA:0,(anonymous_367)
FNDA:0,(anonymous_368)
FNDA:0,(anonymous_369)
FNDA:0,(anonymous_370)
FNDA:0,(anonymous_371)
FNDA:0,(anonymous_372)
FNDA:0,(anonymous_373)
FNDA:0,(anonymous_374)
FNDA:0,(anonymous_375)
FNDA:0,(anonymous_376)
FNDA:0,(anonymous_377)
FNDA:0,r
FNDA:0,i
FNDA:0,o
FNDA:0,s
FNDA:0,a
FNDA:0,c
FNDA:0,c
FNDA:0,(anonymous_385)
FNDA:0,l
FNDA:0,(anonymous_387)
FNDA:0,u
FNDA:0,(anonymous_389)
FNDA:0,(anonymous_390)
FNDA:0,(anonymous_391)
FNDA:0,(anonymous_392)
FNDA:0,(anonymous_393)
FNDA:0,(anonymous_394)
FNDA:0,o
FNDA:0,s
FNDA:0,(anonymous_397)
FNDA:0,t
FNDA:0,(anonymous_399)
FNDA:0,(anonymous_400)
FNDA:0,(anonymous_401)
FNDA:0,(anonymous_402)
FNDA:0,(anonymous_403)
FNDA:0,(anonymous_404)
FNDA:0,(anonymous_405)
FNDA:0,(anonymous_406)
FNDA:0,(anonymous_407)
FNDA:0,r
FNDA:0,i
FNDA:0,(anonymous_410)
FNDA:0,(anonymous_411)
FNDA:0,(anonymous_412)
FNDA:0,(anonymous_413)
FNDA:0,(anonymous_414)
FNDA:0,(anonymous_415)
FNDA:0,(anonymous_416)
FNDA:0,(anonymous_417)
FNDA:0,(anonymous_418)
FNDA:0,o
FNDA:0,(anonymous_420)
FNDA:0,(anonymous_421)
FNDA:0,(anonymous_422)
FNDA:0,(anonymous_423)
FNDA:0,(anonymous_424)
FNDA:0,(anonymous_425)
FNDA:0,a
FNDA:0,c
FNDA:0,l
FNDA:0,u
FNDA:0,p
FNDA:0,(anonymous_431)
FNDA:0,(anonymous_432)
FNDA:0,(anonymous_433)
FNDA:0,(anonymous_434)
FNDA:0,(anonymous_435)
FNDA:0,(anonymous_436)
FNDA:0,(anonymous_437)
FNDA:0,(anonymous_438)
FNDA:0,(anonymous_439)
FNDA:0,(anonymous_440)
FNDA:0,(anonymous_441)
FNDA:0,(anonymous_442)
FNDA:0,(anonymous_443)
FNDA:0,(anonymous_444)
FNDA:0,(anonymous_445)
FNDA:0,(anonymous_446)
FNDA:0,(anonymous_447)
FNDA:0,(anonymous_448)
FNDA:0,(anonymous_449)
FNDA:0,(anonymous_450)
FNDA:0,(anonymous_451)
FNDA:0,(anonymous_452)
FNDA:0,(anonymous_453)
FNDA:0,(anonymous_454)
FNDA:0,i
FNDA:0,(anonymous_456)
FNDA:0,(anonymous_457)
FNDA:0,(anonymous_458)
FNDA:0,(anonymous_459)
FNDA:0,(anonymous_460)
FNDA:0,(anonymous_461)
FNDA:0,(anonymous_462)
FNDA:0,i
FNDA:0,o
FNDA:0,(anonymous_465)
FNDA:0,(anonymous_466)
FNDA:0,(anonymous_467)
FNDA:0,(anonymous_468)
FNDA:0,(anonymous_469)
FNDA:0,(anonymous_470)
FNDA:0,(anonymous_471)
FNDA:0,(anonymous_472)
FNDA:0,(anonymous_473)
FNDA:0,(anonymous_474)
FNDA:0,(anonymous_475)
FNDA:0,(anonymous_476)
FNDA:0,(anonymous_477)
FNDA:0,(anonymous_478)
FNDA:0,(anonymous_479)
FNDA:0,(anonymous_480)
FNDA:0,(anonymous_481)
FNDA:0,(anonymous_482)
FNDA:0,(anonymous_483)
FNDA:0,(anonymous_484)
FNDA:0,e
FNDA:0,(anonymous_486)
FNDA:0,(anonymous_487)
FNDA:0,(anonymous_488)
FNDA:0,(anonymous_489)
FNDA:0,(anonymous_490)
FNDA:0,(anonymous_491)
FNDA:0,(anonymous_492)
FNDA:0,(anonymous_493)
FNDA:0,(anonymous_494)
FNDA:0,(anonymous_495)
FNDA:0,(anonymous_496)
FNDA:0,(anonymous_497)
FNDA:0,(anonymous_498)
FNDA:0,(anonymous_499)
FNDA:0,(anonymous_500)
FNDA:0,(anonymous_501)
FNDA:0,(anonymous_502)
FNDA:0,(anonymous_503)
FNDA:0,(anonymous_504)
FNDA:0,(anonymous_505)
FNDA:0,(anonymous_506)
FNDA:0,r
FNDA:0,i
FNDA:0,o
FNDA:0,s
FNDA:0,a
FNDA:0,o
FNDA:0,s
FNDA:0,(anonymous_514)
FNDA:0,(anonymous_515)
FNDA:0,i
FNDA:0,o
FNDA:0,s
FNDA:0,(anonymous_519)
FNDA:0,(anonymous_520)
FNDA:0,(anonymous_521)
FNDA:0,(anonymous_522)
FNDA:0,(anonymous_523)
FNDA:0,(anonymous_524)
FNDA:0,(anonymous_525)
FNDA:0,(anonymous_526)
FNDA:0,(anonymous_527)
FNDA:0,(anonymous_528)
FNDA:0,a
FNDA:0,(anonymous_530)
FNDA:0,c
FNDA:0,l
FNDA:0,i
FNDA:0,u
FNDA:0,p
FNDA:0,h
FNDA:0,f
FNDA:0,(anonymous_538)
FNDA:0,(anonymous_539)
FNDA:0,(anonymous_540)
FNDA:0,(anonymous_541)
FNDA:0,(anonymous_542)
FNDA:0,(anonymous_543)
FNDA:0,(anonymous_544)
FNDA:0,(anonymous_545)
FNDA:0,(anonymous_546)
FNDA:0,(anonymous_547)
FNDA:0,(anonymous_548)
FNDA:0,(anonymous_549)
FNDA:0,(anonymous_550)
FNDA:0,(anonymous_551)
FNDA:0,(anonymous_552)
FNDA:0,(anonymous_553)
FNDA:0,r
FNDA:0,i
FNDA:0,o
FNDA:0,s
FNDA:0,a
FNDA:0,c
FNDA:0,l
FNDA:0,u
FNDA:0,p
FNDA:0,h
FNDA:0,f
FNDA:0,e
FNDA:0,_
FNDA:0,d
FNDA:0,v
FNDA:0,y
FNDA:0,m
FNDA:0,g
FNDA:0,b
FNDA:0,w
FNDA:0,C
FNDA:0,j
FNDA:0,E
FNDA:0,(anonymous_577)
FNDA:0,k
FNDA:0,(anonymous_579)
FNDA:0,n
FNDA:0,(anonymous_581)
FNDA:0,(anonymous_582)
FNDA:0,(anonymous_583)
FNDA:0,(anonymous_584)
FNDA:0,(anonymous_585)
FNDA:0,(anonymous_586)
FNDA:0,(anonymous_587)
FNDA:0,(anonymous_588)
FNDA:0,(anonymous_589)
FNDA:0,(anonymous_590)
FNDA:0,(anonymous_591)
FNDA:0,(anonymous_592)
DA:1,0
DA:2,0
DA:3,0
LF:3
LH:0
BRDA:1,0,0,0
BRDA:1,0,1,0
BRDA:1,1,0,0
BRDA:1,1,1,0
BRDA:1,2,0,0
BRDA:1,2,1,0
BRDA:1,3,0,0
BRDA:1,3,1,0
BRDA:1,4,0,0
BRDA:1,4,1,0
BRDA:1,5,0,0
BRDA:1,5,1,0
BRDA:1,6,0,0
BRDA:1,6,1,0
BRDA:1,7,0,0
BRDA:1,7,1,0
BRDA:1,8,0,0
BRDA:1,8,1,0
BRDA:1,9,0,0
BRDA:1,9,1,0
BRDA:1,10,0,0
BRDA:1,10,1,0
BRDA:1,11,0,0
BRDA:1,11,1,0
BRDA:1,12,0,0
BRDA:1,12,1,0
BRDA:1,13,0,0
BRDA:1,13,1,0
BRDA:1,14,0,0
BRDA:1,14,1,0
BRDA:1,15,0,0
BRDA:1,15,1,0
BRDA:1,16,0,0
BRDA:1,16,1,0
BRDA:1,17,0,0
BRDA:1,17,1,0
BRDA:1,18,0,0
BRDA:1,18,1,0
BRDA:1,19,0,0
BRDA:1,19,1,0
BRDA:1,20,0,0
BRDA:1,20,1,0
BRDA:1,21,0,0
BRDA:1,21,1,0
BRDA:1,22,0,0
BRDA:1,22,1,0
BRDA:1,23,0,0
BRDA:1,23,1,0
BRDA:1,24,0,0
BRDA:1,24,1,0
BRDA:1,25,0,0
BRDA:1,25,1,0
BRDA:1,26,0,0
BRDA:1,26,1,0
BRDA:1,27,0,0
BRDA:1,27,1,0
BRDA:1,28,0,0
BRDA:1,28,1,0
BRDA:1,29,0,0
BRDA:1,29,1,0
BRDA:1,30,0,0
BRDA:1,30,1,0
BRDA:1,31,0,0
BRDA:1,31,1,0
BRDA:1,32,0,0
BRDA:1,32,1,0
BRDA:1,33,0,0
BRDA:1,33,1,0
BRDA:1,34,0,0
BRDA:1,34,1,0
BRDA:1,35,0,0
BRDA:1,35,1,0
BRDA:1,36,0,0
BRDA:1,36,1,0
BRDA:1,37,0,0
BRDA:1,37,1,0
BRDA:1,38,0,0
BRDA:1,38,1,0
BRDA:1,39,0,0
BRDA:1,39,1,0
BRDA:1,40,0,0
BRDA:1,40,1,0
BRDA:1,41,0,0
BRDA:1,41,1,0
BRDA:1,42,0,0
BRDA:1,42,1,0
BRDA:1,43,0,0
BRDA:1,43,1,0
BRDA:1,44,0,0
BRDA:1,44,1,0
BRDA:1,45,0,0
BRDA:1,45,1,0
BRDA:1,46,0,0
BRDA:1,46,1,0
BRDA:1,47,0,0
BRDA:1,47,1,0
BRDA:1,48,0,0
BRDA:1,48,1,0
BRDA:1,49,0,0
BRDA:1,49,1,0
BRDA:1,50,0,0
BRDA:1,50,1,0
BRDA:1,51,0,0
BRDA:1,51,1,0
BRDA:1,52,0,0
BRDA:1,52,1,0
BRDA:1,53,0,0
BRDA:1,53,1,0
BRDA:1,54,0,0
BRDA:1,54,1,0
BRDA:1,55,0,0
BRDA:1,55,1,0
BRDA:1,56,0,0
BRDA:1,56,1,0
BRDA:1,57,0,0
BRDA:1,57,1,0
BRDA:1,58,0,0
BRDA:1,58,1,0
BRDA:1,59,0,0
BRDA:1,59,1,0
BRDA:1,60,0,0
BRDA:1,60,1,0
BRDA:1,61,0,0
BRDA:1,61,1,0
BRDA:1,62,0,0
BRDA:1,62,1,0
BRDA:1,62,2,0
BRDA:1,63,0,0
BRDA:1,63,1,0
BRDA:1,64,0,0
BRDA:1,64,1,0
BRDA:1,65,0,0
BRDA:1,65,1,0
BRDA:1,66,0,0
BRDA:1,66,1,0
BRDA:1,67,0,0
BRDA:1,67,1,0
BRDA:1,68,0,0
BRDA:1,68,1,0
BRDA:1,69,0,0
BRDA:1,69,1,0
BRDA:1,70,0,0
BRDA:1,70,1,0
BRDA:1,71,0,0
BRDA:1,71,1,0
BRDA:1,72,0,0
BRDA:1,72,1,0
BRDA:1,73,0,0
BRDA:1,73,1,0
BRDA:1,73,2,0
BRDA:1,74,0,0
BRDA:1,74,1,0
BRDA:1,75,0,0
BRDA:1,75,1,0
BRDA:1,76,0,0
BRDA:1,76,1,0
BRDA:1,77,0,0
BRDA:1,77,1,0
BRDA:1,78,0,0
BRDA:1,78,1,0
BRDA:1,79,0,0
BRDA:1,79,1,0
BRDA:1,80,0,0
BRDA:1,80,1,0
BRDA:1,80,2,0
BRDA:1,81,0,0
BRDA:1,81,1,0
BRDA:1,81,2,0
BRDA:1,82,0,0
BRDA:1,82,1,0
BRDA:1,83,0,0
BRDA:1,83,1,0
BRDA:1,84,0,0
BRDA:1,84,1,0
BRDA:1,85,0,0
BRDA:1,85,1,0
BRDA:1,86,0,0
BRDA:1,86,1,0
BRDA:1,87,0,0
BRDA:1,87,1,0
BRDA:1,87,2,0
BRDA:1,88,0,0
BRDA:1,88,1,0
BRDA:1,89,0,0
BRDA:1,89,1,0
BRDA:1,90,0,0
BRDA:1,90,1,0
BRDA:1,90,2,0
BRDA:1,91,0,0
BRDA:1,91,1,0
BRDA:1,92,0,0
BRDA:1,92,1,0
BRDA:1,93,0,0
BRDA:1,93,1,0
BRDA:1,94,0,0
BRDA:1,94,1,0
BRDA:1,95,0,0
BRDA:1,95,1,0
BRDA:1,96,0,0
BRDA:1,96,1,0
BRDA:1,97,0,0
BRDA:1,97,1,0
BRDA:1,98,0,0
BRDA:1,98,1,0
BRDA:1,99,0,0
BRDA:1,99,1,0
BRDA:1,100,0,0
BRDA:1,100,1,0
BRDA:1,101,0,0
BRDA:1,101,1,0
BRDA:1,102,0,0
BRDA:1,102,1,0
BRDA:1,103,0,0
BRDA:1,103,1,0
BRDA:1,104,0,0
BRDA:1,104,1,0
BRDA:1,105,0,0
BRDA:1,105,1,0
BRDA:1,106,0,0
BRDA:1,106,1,0
BRDA:1,107,0,0
BRDA:1,107,1,0
BRDA:1,108,0,0
BRDA:1,108,1,0
BRDA:1,108,2,0
BRDA:1,108,3,0
BRDA:1,109,0,0
BRDA:1,109,1,0
BRDA:1,110,0,0
BRDA:1,110,1,0
BRDA:1,111,0,0
BRDA:1,111,1,0
BRDA:1,112,0,0
BRDA:1,112,1,0
BRDA:1,113,0,0
BRDA:1,113,1,0
BRDA:1,113,2,0
BRDA:1,114,0,0
BRDA:1,114,1,0
BRDA:1,114,2,0
BRDA:1,115,0,0
BRDA:1,115,1,0
BRDA:1,116,0,0
BRDA:1,116,1,0
BRDA:1,117,0,0
BRDA:1,117,1,0
BRDA:1,117,2,0
BRDA:1,118,0,0
BRDA:1,118,1,0
BRDA:1,119,0,0
BRDA:1,119,1,0
BRDA:1,120,0,0
BRDA:1,120,1,0
BRDA:1,121,0,0
BRDA:1,121,1,0
BRDA:1,122,0,0
BRDA:1,122,1,0
BRDA:1,123,0,0
BRDA:1,123,1,0
BRDA:1,124,0,0
BRDA:1,124,1,0
BRDA:1,124,2,0
BRDA:1,125,0,0
BRDA:1,125,1,0
BRDA:1,126,0,0
BRDA:1,126,1,0
BRDA:1,127,0,0
BRDA:1,127,1,0
BRDA:1,128,0,0
BRDA:1,128,1,0
BRDA:1,128,2,0
BRDA:1,129,0,0
BRDA:1,129,1,0
BRDA:1,130,0,0
BRDA:1,130,1,0
BRDA:1,131,0,0
BRDA:1,131,1,0
BRDA:1,132,0,0
BRDA:1,132,1,0
BRDA:1,133,0,0
BRDA:1,133,1,0
BRDA:1,134,0,0
BRDA:1,134,1,0
BRDA:1,135,0,0
BRDA:1,135,1,0
BRDA:1,136,0,0
BRDA:1,136,1,0
BRDA:1,137,0,0
BRDA:1,137,1,0
BRDA:1,138,0,0
BRDA:1,138,1,0
BRDA:1,139,0,0
BRDA:1,139,1,0
BRDA:1,140,0,0
BRDA:1,140,1,0
BRDA:1,140,2,0
BRDA:1,140,3,0
BRDA:1,140,4,0
BRDA:1,140,5,0
BRDA:1,140,6,0
BRDA:1,141,0,0
BRDA:1,141,1,0
BRDA:1,142,0,0
BRDA:1,142,1,0
BRDA:1,142,2,0
BRDA:1,142,3,0
BRDA:1,143,0,0
BRDA:1,143,1,0
BRDA:1,144,0,0
BRDA:1,144,1,0
BRDA:1,145,0,0
BRDA:1,145,1,0
BRDA:1,145,2,0
BRDA:1,146,0,0
BRDA:1,146,1,0
BRDA:1,146,2,0
BRDA:1,147,0,0
BRDA:1,147,1,0
BRDA:1,147,2,0
BRDA:1,148,0,0
BRDA:1,148,1,0
BRDA:1,148,2,0
BRDA:1,149,0,0
BRDA:1,149,1,0
BRDA:1,150,0,0
BRDA:1,150,1,0
BRDA:1,151,0,0
BRDA:1,151,1,0
BRDA:1,152,0,0
BRDA:1,152,1,0
BRDA:1,153,0,0
BRDA:1,153,1,0
BRDA:1,154,0,0
BRDA:1,154,1,0
BRDA:1,155,0,0
BRDA:1,155,1,0
BRDA:1,156,0,0
BRDA:1,156,1,0
BRDA:1,157,0,0
BRDA:1,157,1,0
BRDA:1,158,0,0
BRDA:1,158,1,0
BRDA:1,159,0,0
BRDA:1,159,1,0
BRDA:1,160,0,0
BRDA:1,160,1,0
BRDA:1,161,0,0
BRDA:1,161,1,0
BRDA:1,162,0,0
BRDA:1,162,1,0
BRDA:1,163,0,0
BRDA:1,163,1,0
BRDA:1,164,0,0
BRDA:1,164,1,0
BRDA:1,165,0,0
BRDA:1,165,1,0
BRDA:1,166,0,0
BRDA:1,166,1,0
BRDA:1,167,0,0
BRDA:1,167,1,0
BRDA:1,168,0,0
BRDA:1,168,1,0
BRDA:1,169,0,0
BRDA:1,169,1,0
BRDA:1,170,0,0
BRDA:1,170,1,0
BRDA:1,171,0,0
BRDA:1,171,1,0
BRDA:1,172,0,0
BRDA:1,172,1,0
BRDA:1,173,0,0
BRDA:1,173,1,0
BRDA:1,173,2,0
BRDA:1,174,0,0
BRDA:1,174,1,0
BRDA:1,174,2,0
BRDA:1,175,0,0
BRDA:1,175,1,0
BRDA:1,176,0,0
BRDA:1,176,1,0
BRDA:1,176,2,0
BRDA:1,177,0,0
BRDA:1,177,1,0
BRDA:1,178,0,0
BRDA:1,178,1,0
BRDA:1,179,0,0
BRDA:1,179,1,0
BRDA:1,180,0,0
BRDA:1,180,1,0
BRDA:1,181,0,0
BRDA:1,181,1,0
BRDA:1,181,2,0
BRDA:1,182,0,0
BRDA:1,182,1,0
BRDA:1,183,0,0
BRDA:1,183,1,0
BRDA:1,184,0,0
BRDA:1,184,1,0
BRDA:1,185,0,0
BRDA:1,185,1,0
BRDA:1,186,0,0
BRDA:1,186,1,0
BRDA:1,187,0,0
BRDA:1,187,1,0
BRDA:1,188,0,0
BRDA:1,188,1,0
BRDA:1,189,0,0
BRDA:1,189,1,0
BRDA:1,190,0,0
BRDA:1,190,1,0
BRDA:1,191,0,0
BRDA:1,191,1,0
BRDA:1,192,0,0
BRDA:1,192,1,0
BRDA:1,193,0,0
BRDA:1,193,1,0
BRDA:1,194,0,0
BRDA:1,194,1,0
BRDA:1,195,0,0
BRDA:1,195,1,0
BRDA:1,196,0,0
BRDA:1,196,1,0
BRDA:1,197,0,0
BRDA:1,197,1,0
BRDA:1,198,0,0
BRDA:1,198,1,0
BRDA:1,198,2,0
BRDA:1,199,0,0
BRDA:1,199,1,0
BRDA:1,200,0,0
BRDA:1,200,1,0
BRDA:1,201,0,0
BRDA:1,201,1,0
BRDA:1,201,2,0
BRDA:1,201,3,0
BRDA:1,202,0,0
BRDA:1,202,1,0
BRDA:1,202,2,0
BRDA:1,203,0,0
BRDA:1,203,1,0
BRDA:1,204,0,0
BRDA:1,204,1,0
BRDA:1,205,0,0
BRDA:1,205,1,0
BRDA:1,205,2,0
BRDA:1,206,0,0
BRDA:1,206,1,0
BRDA:1,207,0,0
BRDA:1,207,1,0
BRDA:1,208,0,0
BRDA:1,208,1,0
BRDA:1,209,0,0
BRDA:1,209,1,0
BRDA:1,210,0,0
BRDA:1,210,1,0
BRDA:1,211,0,0
BRDA:1,211,1,0
BRDA:1,212,0,0
BRDA:1,212,1,0
BRDA:1,213,0,0
BRDA:1,213,1,0
BRDA:1,214,0,0
BRDA:1,214,1,0
BRDA:1,215,0,0
BRDA:1,215,1,0
BRDA:1,216,0,0
BRDA:1,216,1,0
BRDA:1,217,0,0
BRDA:1,217,1,0
BRDA:1,218,0,0
BRDA:1,218,1,0
BRDA:1,219,0,0
BRDA:1,219,1,0
BRDA:1,220,0,0
BRDA:1,220,1,0
BRDA:1,221,0,0
BRDA:1,221,1,0
BRDA:1,221,2,0
BRDA:1,222,0,0
BRDA:1,222,1,0
BRDA:1,223,0,0
BRDA:1,223,1,0
BRDA:1,224,0,0
BRDA:1,224,1,0
BRDA:1,225,0,0
BRDA:1,225,1,0
BRDA:1,226,0,0
BRDA:1,226,1,0
BRDA:1,227,0,0
BRDA:1,227,1,0
BRDA:1,228,0,0
BRDA:1,228,1,0
BRDA:1,229,0,0
BRDA:1,229,1,0
BRDA:1,230,0,0
BRDA:1,230,1,0
BRDA:1,231,0,0
BRDA:1,231,1,0
BRDA:1,232,0,0
BRDA:1,232,1,0
BRDA:1,233,0,0
BRDA:1,233,1,0
BRDA:1,234,0,0
BRDA:1,234,1,0
BRDA:1,235,0,0
BRDA:1,235,1,0
BRDA:1,236,0,0
BRDA:1,236,1,0
BRDA:1,237,0,0
BRDA:1,237,1,0
BRDA:1,238,0,0
BRDA:1,238,1,0
BRDA:1,239,0,0
BRDA:1,239,1,0
BRDA:1,239,2,0
BRDA:1,240,0,0
BRDA:1,240,1,0
BRDA:1,241,0,0
BRDA:1,241,1,0
BRDA:1,242,0,0
BRDA:1,242,1,0
BRDA:1,243,0,0
BRDA:1,243,1,0
BRDA:1,244,0,0
BRDA:1,244,1,0
BRDA:1,245,0,0
BRDA:1,245,1,0
BRDA:1,246,0,0
BRDA:1,246,1,0
BRDA:1,247,0,0
BRDA:1,247,1,0
BRDA:1,248,0,0
BRDA:1,248,1,0
BRDA:1,249,0,0
BRDA:1,249,1,0
BRDA:1,250,0,0
BRDA:1,250,1,0
BRDA:1,251,0,0
BRDA:1,251,1,0
BRDA:1,252,0,0
BRDA:1,252,1,0
BRDA:1,253,0,0
BRDA:1,253,1,0
BRDA:2,254,0,0
BRDA:2,254,1,0
BRDA:2,255,0,0
BRDA:2,255,1,0
BRDA:2,256,0,0
BRDA:2,256,1,0
BRDA:2,257,0,0
BRDA:2,257,1,0
BRDA:2,258,0,0
BRDA:2,258,1,0
BRDA:2,259,0,0
BRDA:2,259,1,0
BRDA:2,260,0,0
BRDA:2,260,1,0
BRDA:2,261,0,0
BRDA:2,261,1,0
BRDA:2,262,0,0
BRDA:2,262,1,0
BRDA:2,263,0,0
BRDA:2,263,1,0
BRDA:2,264,0,0
BRDA:2,264,1,0
BRDA:2,265,0,0
BRDA:2,265,1,0
BRDA:2,266,0,0
BRDA:2,266,1,0
BRDA:2,267,0,0
BRDA:2,267,1,0
BRDA:2,267,2,0
BRDA:2,268,0,0
BRDA:2,268,1,0
BRDA:2,269,0,0
BRDA:2,269,1,0
BRDA:2,270,0,0
BRDA:2,270,1,0
BRDA:2,271,0,0
BRDA:2,271,1,0
BRDA:2,272,0,0
BRDA:2,272,1,0
BRDA:2,273,0,0
BRDA:2,273,1,0
BRDA:2,274,0,0
BRDA:2,274,1,0
BRDA:2,275,0,0
BRDA:2,275,1,0
BRDA:2,276,0,0
BRDA:2,276,1,0
BRDA:2,277,0,0
BRDA:2,277,1,0
BRDA:2,278,0,0
BRDA:2,278,1,0
BRDA:2,279,0,0
BRDA:2,279,1,0
BRDA:2,280,0,0
BRDA:2,280,1,0
BRDA:2,281,0,0
BRDA:2,281,1,0
BRDA:2,282,0,0
BRDA:2,282,1,0
BRDA:2,283,0,0
BRDA:2,283,1,0
BRDA:2,284,0,0
BRDA:2,284,1,0
BRDA:2,285,0,0
BRDA:2,285,1,0
BRDA:2,286,0,0
BRDA:2,286,1,0
BRDA:2,287,0,0
BRDA:2,287,1,0
BRDA:2,288,0,0
BRDA:2,288,1,0
BRDA:2,289,0,0
BRDA:2,289,1,0
BRDA:2,290,0,0
BRDA:2,290,1,0
BRDA:2,291,0,0
BRDA:2,291,1,0
BRDA:2,292,0,0
BRDA:2,292,1,0
BRDA:2,293,0,0
BRDA:2,293,1,0
BRDA:2,294,0,0
BRDA:2,294,1,0
BRDA:2,295,0,0
BRDA:2,295,1,0
BRDA:2,296,0,0
BRDA:2,296,1,0
BRDA:2,297,0,0
BRDA:2,297,1,0
BRDA:2,298,0,0
BRDA:2,298,1,0
BRDA:2,299,0,0
BRDA:2,299,1,0
BRDA:2,300,0,0
BRDA:2,300,1,0
BRDA:2,301,0,0
BRDA:2,301,1,0
BRDA:2,302,0,0
BRDA:2,302,1,0
BRDA:2,303,0,0
BRDA:2,303,1,0
BRDA:2,304,0,0
BRDA:2,304,1,0
BRDA:2,304,2,0
BRDA:2,305,0,0
BRDA:2,305,1,0
BRDA:2,306,0,0
BRDA:2,306,1,0
BRDA:2,307,0,0
BRDA:2,307,1,0
BRDA:2,308,0,0
BRDA:2,308,1,0
BRDA:2,309,0,0
BRDA:2,309,1,0
BRDA:2,310,0,0
BRDA:2,310,1,0
BRDA:2,311,0,0
BRDA:2,311,1,0
BRDA:2,312,0,0
BRDA:2,312,1,0
BRDA:2,313,0,0
BRDA:2,313,1,0
BRDA:2,313,2,0
BRDA:2,313,3,0
BRDA:2,314,0,0
BRDA:2,314,1,0
BRDA:2,315,0,0
BRDA:2,315,1,0
BRDA:2,316,0,0
BRDA:2,316,1,0
BRDA:2,317,0,0
BRDA:2,317,1,0
BRDA:2,318,0,0
BRDA:2,318,1,0
BRDA:2,319,0,0
BRDA:2,319,1,0
BRDA:2,320,0,0
BRDA:2,320,1,0
BRDA:2,321,0,0
BRDA:2,321,1,0
BRDA:2,322,0,0
BRDA:2,322,1,0
BRDA:2,323,0,0
BRDA:2,323,1,0
BRDA:2,324,0,0
BRDA:2,324,1,0
BRDA:2,325,0,0
BRDA:2,325,1,0
BRDA:2,326,0,0
BRDA:2,326,1,0
BRDA:2,326,2,0
BRDA:2,327,0,0
BRDA:2,327,1,0
BRDA:2,328,0,0
BRDA:2,328,1,0
BRDA:2,329,0,0
BRDA:2,329,1,0
BRDA:2,330,0,0
BRDA:2,330,1,0
BRDA:2,331,0,0
BRDA:2,331,1,0
BRDA:2,332,0,0
BRDA:2,332,1,0
BRDA:2,333,0,0
BRDA:2,333,1,0
BRDA:2,334,0,0
BRDA:2,334,1,0
BRDA:2,335,0,0
BRDA:2,335,1,0
BRDA:2,336,0,0
BRDA:2,336,1,0
BRDA:2,337,0,0
BRDA:2,337,1,0
BRDA:2,338,0,0
BRDA:2,338,1,0
BRDA:2,339,0,0
BRDA:2,339,1,0
BRDA:2,340,0,0
BRDA:2,340,1,0
BRDA:2,341,0,0
BRDA:2,341,1,0
BRDA:2,342,0,0
BRDA:2,342,1,0
BRDA:2,343,0,0
BRDA:2,343,1,0
BRDA:2,344,0,0
BRDA:2,344,1,0
BRDA:2,345,0,0
BRDA:2,345,1,0
BRDA:2,346,0,0
BRDA:2,346,1,0
BRDA:2,347,0,0
BRDA:2,347,1,0
BRDA:2,348,0,0
BRDA:2,348,1,0
BRDA:2,349,0,0
BRDA:2,349,1,0
BRDA:2,350,0,0
BRDA:2,350,1,0
BRDA:2,351,0,0
BRDA:2,351,1,0
BRDA:2,352,0,0
BRDA:2,352,1,0
BRDA:2,353,0,0
BRDA:2,353,1,0
BRDA:2,354,0,0
BRDA:2,354,1,0
BRDA:2,355,0,0
BRDA:2,355,1,0
BRDA:2,356,0,0
BRDA:2,356,1,0
BRDA:2,357,0,0
BRDA:2,357,1,0
BRDA:2,358,0,0
BRDA:2,358,1,0
BRDA:2,359,0,0
BRDA:2,359,1,0
BRDA:2,360,0,0
BRDA:2,360,1,0
BRDA:2,361,0,0
BRDA:2,361,1,0
BRDA:2,361,2,0
BRDA:2,362,0,0
BRDA:2,362,1,0
BRDA:2,363,0,0
BRDA:2,363,1,0
BRDA:2,364,0,0
BRDA:2,364,1,0
BRDA:2,365,0,0
BRDA:2,365,1,0
BRDA:2,366,0,0
BRDA:2,366,1,0
BRDA:2,367,0,0
BRDA:2,367,1,0
BRDA:2,368,0,0
BRDA:2,368,1,0
BRDA:2,369,0,0
BRDA:2,369,1,0
BRDA:2,370,0,0
BRDA:2,370,1,0
BRDA:2,371,0,0
BRDA:2,371,1,0
BRDA:2,372,0,0
BRDA:2,372,1,0
BRDA:2,373,0,0
BRDA:2,373,1,0
BRDA:2,374,0,0
BRDA:2,374,1,0
BRDA:2,375,0,0
BRDA:2,375,1,0
BRDA:2,376,0,0
BRDA:2,376,1,0
BRDA:2,377,0,0
BRDA:2,377,1,0
BRDA:2,378,0,0
BRDA:2,378,1,0
BRDA:2,379,0,0
BRDA:2,379,1,0
BRDA:2,380,0,0
BRDA:2,380,1,0
BRDA:2,381,0,0
BRDA:2,381,1,0
BRDA:2,382,0,0
BRDA:2,382,1,0
BRDA:2,383,0,0
BRDA:2,383,1,0
BRDA:2,384,0,0
BRDA:2,384,1,0
BRDA:2,385,0,0
BRDA:2,385,1,0
BRDA:2,386,0,0
BRDA:2,386,1,0
BRDA:2,387,0,0
BRDA:2,387,1,0
BRDA:2,388,0,0
BRDA:2,388,1,0
BRDA:2,389,0,0
BRDA:2,389,1,0
BRDA:2,390,0,0
BRDA:2,390,1,0
BRDA:2,391,0,0
BRDA:2,391,1,0
BRDA:2,392,0,0
BRDA:2,392,1,0
BRDA:2,393,0,0
BRDA:2,393,1,0
BRDA:2,394,0,0
BRDA:2,394,1,0
BRDA:2,395,0,0
BRDA:2,395,1,0
BRDA:2,396,0,0
BRDA:2,396,1,0
BRDA:2,397,0,0
BRDA:2,397,1,0
BRDA:2,398,0,0
BRDA:2,398,1,0
BRDA:2,399,0,0
BRDA:2,399,1,0
BRDA:2,400,0,0
BRDA:2,400,1,0
BRDA:2,401,0,0
BRDA:2,401,1,0
BRDA:2,402,0,0
BRDA:2,402,1,0
BRDA:2,403,0,0
BRDA:2,403,1,0
BRDA:2,404,0,0
BRDA:2,404,1,0
BRDA:2,405,0,0
BRDA:2,405,1,0
BRDA:2,406,0,0
BRDA:2,406,1,0
BRDA:2,407,0,0
BRDA:2,407,1,0
BRDA:2,408,0,0
BRDA:2,408,1,0
BRDA:2,409,0,0
BRDA:2,409,1,0
BRDA:2,410,0,0
BRDA:2,410,1,0
BRDA:2,411,0,0
BRDA:2,411,1,0
BRDA:2,412,0,0
BRDA:2,412,1,0
BRDA:2,413,0,0
BRDA:2,413,1,0
BRDA:2,414,0,0
BRDA:2,414,1,0
BRDA:2,415,0,0
BRDA:2,415,1,0
BRDA:2,416,0,0
BRDA:2,416,1,0
BRDA:2,417,0,0
BRDA:2,417,1,0
BRDA:2,418,0,0
BRDA:2,418,1,0
BRDA:2,419,0,0
BRDA:2,419,1,0
BRDA:2,420,0,0
BRDA:2,420,1,0
BRDA:2,421,0,0
BRDA:2,421,1,0
BRDA:2,421,2,0
BRDA:2,422,0,0
BRDA:2,422,1,0
BRDA:2,423,0,0
BRDA:2,423,1,0
BRDA:2,424,0,0
BRDA:2,424,1,0
BRDA:2,425,0,0
BRDA:2,425,1,0
BRDA:2,426,0,0
BRDA:2,426,1,0
BRDA:2,427,0,0
BRDA:2,427,1,0
BRDA:2,428,0,0
BRDA:2,428,1,0
BRDA:2,429,0,0
BRDA:2,429,1,0
BRDA:2,430,0,0
BRDA:2,430,1,0
BRDA:2,430,2,0
BRDA:2,430,3,0
BRDA:2,430,4,0
BRDA:2,431,0,0
BRDA:2,431,1,0
BRDA:2,432,0,0
BRDA:2,432,1,0
BRDA:2,433,0,0
BRDA:2,433,1,0
BRDA:2,434,0,0
BRDA:2,434,1,0
BRDA:2,435,0,0
BRDA:2,435,1,0
BRDA:2,436,0,0
BRDA:2,436,1,0
BRDA:2,437,0,0
BRDA:2,437,1,0
BRDA:2,437,2,0
BRDA:2,438,0,0
BRDA:2,438,1,0
BRDA:2,439,0,0
BRDA:2,439,1,0
BRDA:2,440,0,0
BRDA:2,440,1,0
BRDA:2,441,0,0
BRDA:2,441,1,0
BRDA:2,442,0,0
BRDA:2,442,1,0
BRDA:2,443,0,0
BRDA:2,443,1,0
BRDA:2,444,0,0
BRDA:2,444,1,0
BRDA:2,445,0,0
BRDA:2,445,1,0
BRDA:2,446,0,0
BRDA:2,446,1,0
BRDA:2,447,0,0
BRDA:2,447,1,0
BRDA:2,448,0,0
BRDA:2,448,1,0
BRDA:2,448,2,0
BRDA:2,449,0,0
BRDA:2,449,1,0
BRDA:2,450,0,0
BRDA:2,450,1,0
BRDA:2,451,0,0
BRDA:2,451,1,0
BRDA:2,452,0,0
BRDA:2,452,1,0
BRDA:2,453,0,0
BRDA:2,453,1,0
BRDA:2,454,0,0
BRDA:2,454,1,0
BRDA:2,455,0,0
BRDA:2,455,1,0
BRDA:2,456,0,0
BRDA:2,456,1,0
BRDA:2,457,0,0
BRDA:2,457,1,0
BRDA:2,458,0,0
BRDA:2,458,1,0
BRDA:2,459,0,0
BRDA:2,459,1,0
BRDA:2,460,0,0
BRDA:2,460,1,0
BRDA:2,461,0,0
BRDA:2,461,1,0
BRDA:2,462,0,0
BRDA:2,462,1,0
BRDA:2,462,2,0
BRDA:2,463,0,0
BRDA:2,463,1,0
BRDA:2,464,0,0
BRDA:2,464,1,0
BRDA:2,465,0,0
BRDA:2,465,1,0
BRDA:2,466,0,0
BRDA:2,466,1,0
BRDA:2,467,0,0
BRDA:2,467,1,0
BRDA:2,468,0,0
BRDA:2,468,1,0
BRDA:2,469,0,0
BRDA:2,469,1,0
BRDA:2,470,0,0
BRDA:2,470,1,0
BRDA:2,471,0,0
BRDA:2,471,1,0
BRDA:2,472,0,0
BRDA:2,472,1,0
BRDA:2,473,0,0
BRDA:2,473,1,0
BRDA:2,473,2,0
BRDA:2,473,3,0
BRDA:2,474,0,0
BRDA:2,474,1,0
BRDA:2,475,0,0
BRDA:2,475,1,0
BRDA:2,476,0,0
BRDA:2,476,1,0
BRDA:2,477,0,0
BRDA:2,477,1,0
BRDA:2,478,0,0
BRDA:2,478,1,0
BRDA:2,479,0,0
BRDA:2,479,1,0
BRDA:2,480,0,0
BRDA:2,480,1,0
BRDA:2,481,0,0
BRDA:2,481,1,0
BRDA:2,482,0,0
BRDA:2,482,1,0
BRDA:2,483,0,0
BRDA:2,483,1,0
BRDA:2,484,0,0
BRDA:2,484,1,0
BRDA:2,485,0,0
BRDA:2,485,1,0
BRDA:2,486,0,0
BRDA:2,486,1,0
BRDA:2,487,0,0
BRDA:2,487,1,0
BRDA:2,488,0,0
BRDA:2,488,1,0
BRDA:2,489,0,0
BRDA:2,489,1,0
BRDA:2,489,2,0
BRDA:2,489,3,0
BRDA:2,489,4,0
BRDA:2,490,0,0
BRDA:2,490,1,0
BRDA:2,491,0,0
BRDA:2,491,1,0
BRDA:2,492,0,0
BRDA:2,492,1,0
BRDA:2,493,0,0
BRDA:2,493,1,0
BRDA:2,494,0,0
BRDA:2,494,1,0
BRDA:2,495,0,0
BRDA:2,495,1,0
BRDA:2,496,0,0
BRDA:2,496,1,0
BRDA:2,497,0,0
BRDA:2,497,1,0
BRDA:2,498,0,0
BRDA:2,498,1,0
BRDA:2,498,2,0
BRDA:2,498,3,0
BRDA:3,499,0,0
BRDA:3,499,1,0
BRDA:3,500,0,0
BRDA:3,500,1,0
BRDA:3,501,0,0
BRDA:3,501,1,0
BRDA:3,502,0,0
BRDA:3,502,1,0
BRDA:3,503,0,0
BRDA:3,503,1,0
BRDA:3,504,0,0
BRDA:3,504,1,0
BRDA:3,505,0,0
BRDA:3,505,1,0
BRDA:3,506,0,0
BRDA:3,506,1,0
BRDA:3,507,0,0
BRDA:3,507,1,0
BRDA:3,508,0,0
BRDA:3,508,1,0
BRDA:3,509,0,0
BRDA:3,509,1,0
BRDA:3,510,0,0
BRDA:3,510,1,0
BRDA:3,511,0,0
BRDA:3,511,1,0
BRDA:3,512,0,0
BRDA:3,512,1,0
BRDA:3,513,0,0
BRDA:3,513,1,0
BRDA:3,514,0,0
BRDA:3,514,1,0
BRDA:3,515,0,0
BRDA:3,515,1,0
BRDA:3,516,0,0
BRDA:3,516,1,0
BRDA:3,517,0,0
BRDA:3,517,1,0
BRDA:3,518,0,0
BRDA:3,518,1,0
BRDA:3,519,0,0
BRDA:3,519,1,0
BRDA:3,520,0,0
BRDA:3,520,1,0
BRDA:3,521,0,0
BRDA:3,521,1,0
BRDA:3,522,0,0
BRDA:3,522,1,0
BRDA:3,522,2,0
BRDA:3,523,0,0
BRDA:3,523,1,0
BRDA:3,524,0,0
BRDA:3,524,1,0
BRDA:3,524,2,0
BRDA:3,525,0,0
BRDA:3,525,1,0
BRDA:3,526,0,0
BRDA:3,526,1,0
BRDA:3,527,0,0
BRDA:3,527,1,0
BRDA:3,528,0,0
BRDA:3,528,1,0
BRDA:3,529,0,0
BRDA:3,529,1,0
BRDA:3,530,0,0
BRDA:3,530,1,0
BRDA:3,531,0,0
BRDA:3,531,1,0
BRDA:3,531,2,0
BRDA:3,531,3,0
BRDA:3,531,4,0
BRDA:3,532,0,0
BRDA:3,532,1,0
BRDA:3,533,0,0
BRDA:3,533,1,0
BRDA:3,534,0,0
BRDA:3,534,1,0
BRDA:3,535,0,0
BRDA:3,535,1,0
BRDA:3,536,0,0
BRDA:3,536,1,0
BRDA:3,537,0,0
BRDA:3,537,1,0
BRDA:3,538,0,0
BRDA:3,538,1,0
BRDA:3,539,0,0
BRDA:3,539,1,0
BRDA:3,540,0,0
BRDA:3,540,1,0
BRDA:3,541,0,0
BRDA:3,541,1,0
BRDA:3,541,2,0
BRDA:3,542,0,0
BRDA:3,542,1,0
BRDA:3,543,0,0
BRDA:3,543,1,0
BRDA:3,544,0,0
BRDA:3,544,1,0
BRDA:3,545,0,0
BRDA:3,545,1,0
BRDA:3,546,0,0
BRDA:3,546,1,0
BRDA:3,547,0,0
BRDA:3,547,1,0
BRDA:3,548,0,0
BRDA:3,548,1,0
BRDA:3,549,0,0
BRDA:3,549,1,0
BRDA:3,550,0,0
BRDA:3,550,1,0
BRDA:3,551,0,0
BRDA:3,551,1,0
BRDA:3,552,0,0
BRDA:3,552,1,0
BRDA:3,553,0,0
BRDA:3,553,1,0
BRDA:3,553,2,0
BRDA:3,553,3,0
BRDA:3,553,4,0
BRDA:3,554,0,0
BRDA:3,554,1,0
BRDA:3,554,2,0
BRDA:3,555,0,0
BRDA:3,555,1,0
BRDA:3,556,0,0
BRDA:3,556,1,0
BRDA:3,557,0,0
BRDA:3,557,1,0
BRDA:3,558,0,0
BRDA:3,558,1,0
BRDA:3,559,0,0
BRDA:3,559,1,0
BRDA:3,560,0,0
BRDA:3,560,1,0
BRDA:3,561,0,0
BRDA:3,561,1,0
BRDA:3,562,0,0
BRDA:3,562,1,0
BRDA:3,563,0,0
BRDA:3,563,1,0
BRDA:3,564,0,0
BRDA:3,564,1,0
BRDA:3,565,0,0
BRDA:3,565,1,0
BRDA:3,566,0,0
BRDA:3,566,1,0
BRDA:3,567,0,0
BRDA:3,567,1,0
BRDA:3,568,0,0
BRDA:3,568,1,0
BRDA:3,568,2,0
BRDA:3,569,0,0
BRDA:3,569,1,0
BRDA:3,569,2,0
BRDA:3,569,3,0
BRDA:3,570,0,0
BRDA:3,570,1,0
BRDA:3,570,2,0
BRDA:3,571,0,0
BRDA:3,571,1,0
BRDA:3,572,0,0
BRDA:3,572,1,0
BRDA:3,573,0,0
BRDA:3,573,1,0
BRDA:3,574,0,0
BRDA:3,574,1,0
BRDA:3,575,0,0
BRDA:3,575,1,0
BRDA:3,576,0,0
BRDA:3,576,1,0
BRDA:3,577,0,0
BRDA:3,577,1,0
BRDA:3,578,0,0
BRDA:3,578,1,0
BRDA:3,579,0,0
BRDA:3,579,1,0
BRDA:3,580,0,0
BRDA:3,580,1,0
BRDA:3,580,2,0
BRDA:3,581,0,0
BRDA:3,581,1,0
BRDA:3,582,0,0
BRDA:3,582,1,0
BRDA:3,583,0,0
BRDA:3,583,1,0
BRDA:3,584,0,0
BRDA:3,584,1,0
BRDA:3,585,0,0
BRDA:3,585,1,0
BRDA:3,585,2,0
BRDA:3,585,3,0
BRDA:3,586,0,0
BRDA:3,586,1,0
BRDA:3,587,0,0
BRDA:3,587,1,0
BRDA:3,588,0,0
BRDA:3,588,1,0
BRDA:3,589,0,0
BRDA:3,589,1,0
BRDA:3,590,0,0
BRDA:3,590,1,0
BRDA:3,591,0,0
BRDA:3,591,1,0
BRDA:3,592,0,0
BRDA:3,592,1,0
BRDA:3,593,0,0
BRDA:3,593,1,0
BRDA:3,594,0,0
BRDA:3,594,1,0
BRDA:3,595,0,0
BRDA:3,595,1,0
BRDA:3,596,0,0
BRDA:3,596,1,0
BRDA:3,597,0,0
BRDA:3,597,1,0
BRDA:3,598,0,0
BRDA:3,598,1,0
BRDA:3,599,0,0
BRDA:3,599,1,0
BRDA:3,600,0,0
BRDA:3,600,1,0
BRDA:3,601,0,0
BRDA:3,601,1,0
BRDA:3,601,2,0
BRDA:3,602,0,0
BRDA:3,602,1,0
BRDA:3,603,0,0
BRDA:3,603,1,0
BRDA:3,603,2,0
BRDA:3,604,0,0
BRDA:3,604,1,0
BRDA:3,605,0,0
BRDA:3,605,1,0
BRDA:3,606,0,0
BRDA:3,606,1,0
BRDA:3,607,0,0
BRDA:3,607,1,0
BRDA:3,607,2,0
BRF:1291
BRH:0
end_of_record
TN:
SF:/Users/hhhhhh/Documents/vue-test1/src/lib/copyText/copyText.js
FN:7,(anonymous_0)
FN:9,(anonymous_1)
FN:10,(anonymous_2)
FN:11,e
FN:18,(anonymous_4)
FN:20,(anonymous_5)
FN:22,(anonymous_6)
FN:23,(anonymous_7)
FN:25,(anonymous_8)
FN:29,(anonymous_9)
FN:32,(anonymous_10)
FN:34,(anonymous_11)
FN:36,(anonymous_12)
FN:38,n
FN:42,(anonymous_14)
FN:44,(anonymous_15)
FN:46,(anonymous_16)
FN:48,(anonymous_17)
FN:49,t
FN:56,(anonymous_19)
FN:59,(anonymous_20)
FN:60,t
FN:65,(anonymous_22)
FN:70,(anonymous_23)
FN:74,(anonymous_24)
FN:76,(anonymous_25)
FN:83,(anonymous_26)
FN:87,(anonymous_27)
FN:91,(anonymous_28)
FN:101,(anonymous_29)
FN:110,(anonymous_30)
FN:114,(anonymous_31)
FN:118,(anonymous_32)
FN:121,(anonymous_33)
FN:125,(anonymous_34)
FN:132,(anonymous_35)
FN:139,(anonymous_36)
FN:140,o
FN:150,r
FN:152,(anonymous_39)
FN:158,i
FN:159,(anonymous_41)
FN:162,(anonymous_42)
FN:163,(anonymous_43)
FN:170,a
FN:176,(anonymous_45)
FN:177,n
FN:181,(anonymous_47)
FN:184,(anonymous_48)
FN:185,o
FN:191,(anonymous_50)
FN:195,(anonymous_51)
FN:201,(anonymous_52)
FN:203,(anonymous_53)
FN:205,(anonymous_54)
FN:207,r
FN:211,i
FN:215,a
FN:220,c
FN:232,u
FN:237,(anonymous_60)
FN:239,(anonymous_61)
FN:241,(anonymous_62)
FN:242,t
FN:249,(anonymous_64)
FN:252,(anonymous_65)
FN:253,e
FN:260,(anonymous_67)
FN:265,(anonymous_68)
FN:267,(anonymous_69)
FN:272,(anonymous_70)
FN:284,(anonymous_71)
FN:288,(anonymous_72)
FN:293,(anonymous_73)
FN:297,(anonymous_74)
FN:301,(anonymous_75)
FN:303,(anonymous_76)
FN:311,(anonymous_77)
FN:312,n
FN:325,(anonymous_79)
FN:326,o
FN:329,(anonymous_81)
FN:335,r
FN:336,(anonymous_83)
FN:341,i
FN:342,(anonymous_85)
FN:349,(anonymous_86)
FN:350,(anonymous_87)
FN:352,(anonymous_88)
FN:355,(anonymous_89)
FN:357,(anonymous_90)
FN:360,(anonymous_91)
FN:361,n
FNF:93
FNH:0
FNDA:0,(anonymous_0)
FNDA:0,(anonymous_1)
FNDA:0,(anonymous_2)
FNDA:0,e
FNDA:0,(anonymous_4)
FNDA:0,(anonymous_5)
FNDA:0,(anonymous_6)
FNDA:0,(anonymous_7)
FNDA:0,(anonymous_8)
FNDA:0,(anonymous_9)
FNDA:0,(anonymous_10)
FNDA:0,(anonymous_11)
FNDA:0,(anonymous_12)
FNDA:0,n
FNDA:0,(anonymous_14)
FNDA:0,(anonymous_15)
FNDA:0,(anonymous_16)
FNDA:0,(anonymous_17)
FNDA:0,t
FNDA:0,(anonymous_19)
FNDA:0,(anonymous_20)
FNDA:0,t
FNDA:0,(anonymous_22)
FNDA:0,(anonymous_23)
FNDA:0,(anonymous_24)
FNDA:0,(anonymous_25)
FNDA:0,(anonymous_26)
FNDA:0,(anonymous_27)
FNDA:0,(anonymous_28)
FNDA:0,(anonymous_29)
FNDA:0,(anonymous_30)
FNDA:0,(anonymous_31)
FNDA:0,(anonymous_32)
FNDA:0,(anonymous_33)
FNDA:0,(anonymous_34)
FNDA:0,(anonymous_35)
FNDA:0,(anonymous_36)
FNDA:0,o
FNDA:0,r
FNDA:0,(anonymous_39)
FNDA:0,i
FNDA:0,(anonymous_41)
FNDA:0,(anonymous_42)
FNDA:0,(anonymous_43)
FNDA:0,a
FNDA:0,(anonymous_45)
FNDA:0,n
FNDA:0,(anonymous_47)
FNDA:0,(anonymous_48)
FNDA:0,o
FNDA:0,(anonymous_50)
FNDA:0,(anonymous_51)
FNDA:0,(anonymous_52)
FNDA:0,(anonymous_53)
FNDA:0,(anonymous_54)
FNDA:0,r
FNDA:0,i
FNDA:0,a
FNDA:0,c
FNDA:0,u
FNDA:0,(anonymous_60)
FNDA:0,(anonymous_61)
FNDA:0,(anonymous_62)
FNDA:0,t
FNDA:0,(anonymous_64)
FNDA:0,(anonymous_65)
FNDA:0,e
FNDA:0,(anonymous_67)
FNDA:0,(anonymous_68)
FNDA:0,(anonymous_69)
FNDA:0,(anonymous_70)
FNDA:0,(anonymous_71)
FNDA:0,(anonymous_72)
FNDA:0,(anonymous_73)
FNDA:0,(anonymous_74)
FNDA:0,(anonymous_75)
FNDA:0,(anonymous_76)
FNDA:0,(anonymous_77)
FNDA:0,n
FNDA:0,(anonymous_79)
FNDA:0,o
FNDA:0,(anonymous_81)
FNDA:0,r
FNDA:0,(anonymous_83)
FNDA:0,i
FNDA:0,(anonymous_85)
FNDA:0,(anonymous_86)
FNDA:0,(anonymous_87)
FNDA:0,(anonymous_88)
FNDA:0,(anonymous_89)
FNDA:0,(anonymous_90)
FNDA:0,(anonymous_91)
FNDA:0,n
DA:7,0
DA:8,0
DA:10,0
DA:12,0
DA:13,0
DA:14,0
DA:17,0
DA:18,0
DA:19,0
DA:21,0
DA:23,0
DA:24,0
DA:26,0
DA:28,0
DA:30,0
DA:34,0
DA:35,0
DA:39,0
DA:42,0
DA:43,0
DA:44,0
DA:45,0
DA:47,0
DA:48,0
DA:50,0
DA:51,0
DA:52,0
DA:56,0
DA:57,0
DA:59,0
DA:61,0
DA:64,0
DA:66,0
DA:67,0
DA:71,0
DA:75,0
DA:76,0
DA:77,0
DA:79,0
DA:80,0
DA:84,0
DA:88,0
DA:92,0
DA:93,0
DA:94,0
DA:96,0
DA:98,0
DA:102,0
DA:111,0
DA:115,0
DA:119,0
DA:120,0
DA:122,0
DA:126,0
DA:127,0
DA:128,0
DA:129,0
DA:130,0
DA:133,0
DA:137,0
DA:141,0
DA:142,0
DA:143,0
DA:144,0
DA:145,0
DA:146,0
DA:147,0
DA:151,0
DA:153,0
DA:159,0
DA:160,0
DA:163,0
DA:164,0
DA:171,0
DA:174,0
DA:175,0
DA:180,0
DA:182,0
DA:183,0
DA:186,0
DA:189,0
DA:190,0
DA:192,0
DA:193,0
DA:194,0
DA:196,0
DA:197,0
DA:198,0
DA:203,0
DA:204,0
DA:208,0
DA:212,0
DA:216,0
DA:217,0
DA:221,0
DA:222,0
DA:233,0
DA:234,0
DA:237,0
DA:238,0
DA:240,0
DA:241,0
DA:243,0
DA:244,0
DA:245,0
DA:249,0
DA:250,0
DA:252,0
DA:254,0
DA:255,0
DA:256,0
DA:259,0
DA:261,0
DA:262,0
DA:266,0
DA:267,0
DA:268,0
DA:273,0
DA:274,0
DA:285,0
DA:289,0
DA:290,0
DA:294,0
DA:298,0
DA:302,0
DA:303,0
DA:304,0
DA:309,0
DA:313,0
DA:314,0
DA:315,0
DA:319,0
DA:320,0
DA:321,0
DA:322,0
DA:324,0
DA:327,0
DA:328,0
DA:330,0
DA:336,0
DA:337,0
DA:342,0
DA:343,0
DA:347,0
DA:348,0
DA:350,0
DA:351,0
DA:353,0
DA:354,0
DA:356,0
DA:358,0
DA:363,0
DA:364,0
DA:365,0
DA:367,0
DA:368,0
DA:369,0
DA:371,0
DA:374,0
LF:159
LH:0
BRDA:8,0,0,0
BRDA:8,0,1,0
BRDA:8,1,0,0
BRDA:8,1,1,0
BRDA:8,2,0,0
BRDA:8,2,1,0
BRDA:8,3,0,0
BRDA:8,3,1,0
BRDA:8,4,0,0
BRDA:8,4,1,0
BRDA:12,5,0,0
BRDA:12,5,1,0
BRDA:21,6,0,0
BRDA:21,6,1,0
BRDA:23,7,0,0
BRDA:23,7,1,0
BRDA:23,8,0,0
BRDA:23,8,1,0
BRDA:35,9,0,0
BRDA:35,9,1,0
BRDA:35,10,0,0
BRDA:35,10,1,0
BRDA:39,11,0,0
BRDA:39,11,1,0
BRDA:43,12,0,0
BRDA:43,12,1,0
BRDA:43,13,0,0
BRDA:43,13,1,0
BRDA:44,14,0,0
BRDA:44,14,1,0
BRDA:44,15,0,0
BRDA:44,15,1,0
BRDA:47,16,0,0
BRDA:47,16,1,0
BRDA:47,17,0,0
BRDA:47,17,1,0
BRDA:47,17,2,0
BRDA:47,17,3,0
BRDA:52,18,0,0
BRDA:52,18,1,0
BRDA:52,19,0,0
BRDA:52,19,1,0
BRDA:57,20,0,0
BRDA:57,20,1,0
BRDA:57,21,0,0
BRDA:57,21,1,0
BRDA:66,22,0,0
BRDA:66,22,1,0
BRDA:66,23,0,0
BRDA:66,23,1,0
BRDA:71,24,0,0
BRDA:71,24,1,0
BRDA:71,25,0,0
BRDA:71,25,1,0
BRDA:78,26,0,0
BRDA:78,26,1,0
BRDA:78,27,0,0
BRDA:78,27,1,0
BRDA:79,28,0,0
BRDA:79,28,1,0
BRDA:84,29,0,0
BRDA:84,29,1,0
BRDA:84,30,0,0
BRDA:84,30,1,0
BRDA:102,31,0,0
BRDA:102,31,1,0
BRDA:111,32,0,0
BRDA:111,32,1,0
BRDA:119,33,0,0
BRDA:119,33,1,0
BRDA:119,34,0,0
BRDA:119,34,1,0
BRDA:120,35,0,0
BRDA:120,35,1,0
BRDA:120,36,0,0
BRDA:120,36,1,0
BRDA:126,37,0,0
BRDA:126,37,1,0
BRDA:127,38,0,0
BRDA:127,38,1,0
BRDA:127,39,0,0
BRDA:127,39,1,0
BRDA:127,39,2,0
BRDA:127,40,0,0
BRDA:127,40,1,0
BRDA:128,41,0,0
BRDA:128,41,1,0
BRDA:128,42,0,0
BRDA:128,42,1,0
BRDA:129,43,0,0
BRDA:129,43,1,0
BRDA:129,44,0,0
BRDA:129,44,1,0
BRDA:129,44,2,0
BRDA:141,45,0,0
BRDA:141,45,1,0
BRDA:141,46,0,0
BRDA:141,46,1,0
BRDA:141,46,2,0
BRDA:142,47,0,0
BRDA:142,47,1,0
BRDA:143,48,0,0
BRDA:143,48,1,0
BRDA:144,49,0,0
BRDA:144,49,1,0
BRDA:145,50,0,0
BRDA:145,50,1,0
BRDA:146,51,0,0
BRDA:146,51,1,0
BRDA:182,52,0,0
BRDA:182,52,1,0
BRDA:183,53,0,0
BRDA:183,53,1,0
BRDA:192,54,0,0
BRDA:192,54,1,0
BRDA:192,55,0,0
BRDA:192,55,1,0
BRDA:196,56,0,0
BRDA:196,56,1,0
BRDA:197,57,0,0
BRDA:197,57,1,0
BRDA:197,58,0,0
BRDA:197,58,1,0
BRDA:197,59,0,0
BRDA:197,59,1,0
BRDA:197,59,2,0
BRDA:198,60,0,0
BRDA:198,60,1,0
BRDA:204,61,0,0
BRDA:204,61,1,0
BRDA:204,62,0,0
BRDA:204,62,1,0
BRDA:208,63,0,0
BRDA:208,63,1,0
BRDA:208,64,0,0
BRDA:208,64,1,0
BRDA:212,65,0,0
BRDA:212,65,1,0
BRDA:216,66,0,0
BRDA:216,66,1,0
BRDA:217,67,0,0
BRDA:217,67,1,0
BRDA:217,68,0,0
BRDA:217,68,1,0
BRDA:217,68,2,0
BRDA:221,69,0,0
BRDA:221,69,1,0
BRDA:221,70,0,0
BRDA:221,70,1,0
BRDA:222,71,0,0
BRDA:222,71,1,0
BRDA:229,72,0,0
BRDA:229,72,1,0
BRDA:229,73,0,0
BRDA:229,73,1,0
BRDA:234,74,0,0
BRDA:234,74,1,0
BRDA:237,75,0,0
BRDA:237,75,1,0
BRDA:237,76,0,0
BRDA:237,76,1,0
BRDA:240,77,0,0
BRDA:240,77,1,0
BRDA:240,78,0,0
BRDA:240,78,1,0
BRDA:240,78,2,0
BRDA:240,78,3,0
BRDA:245,79,0,0
BRDA:245,79,1,0
BRDA:245,80,0,0
BRDA:245,80,1,0
BRDA:250,81,0,0
BRDA:250,81,1,0
BRDA:250,82,0,0
BRDA:250,82,1,0
BRDA:255,83,0,0
BRDA:255,83,1,0
BRDA:261,84,0,0
BRDA:261,84,1,0
BRDA:261,85,0,0
BRDA:261,85,1,0
BRDA:262,86,0,0
BRDA:262,86,1,0
BRDA:262,87,0,0
BRDA:262,87,1,0
BRDA:262,88,0,0
BRDA:262,88,1,0
BRDA:262,89,0,0
BRDA:262,89,1,0
BRDA:273,90,0,0
BRDA:273,90,1,0
BRDA:274,91,0,0
BRDA:274,91,1,0
BRDA:290,92,0,0
BRDA:290,92,1,0
BRDA:298,93,0,0
BRDA:298,93,1,0
BRDA:302,94,0,0
BRDA:302,94,1,0
BRDA:302,95,0,0
BRDA:302,95,1,0
BRDA:302,96,0,0
BRDA:302,96,1,0
BRDA:304,97,0,0
BRDA:304,97,1,0
BRDA:313,98,0,0
BRDA:313,98,1,0
BRDA:314,99,0,0
BRDA:314,99,1,0
BRDA:314,100,0,0
BRDA:314,100,1,0
BRDA:320,101,0,0
BRDA:320,101,1,0
BRDA:320,102,0,0
BRDA:320,102,1,0
BRDA:322,103,0,0
BRDA:322,103,1,0
BRDA:322,103,2,0
BRDA:322,103,3,0
BRDA:322,103,4,0
BRDA:336,104,0,0
BRDA:336,104,1,0
BRDA:336,105,0,0
BRDA:336,105,1,0
BRDA:336,106,0,0
BRDA:336,106,1,0
BRDA:343,107,0,0
BRDA:343,107,1,0
BRDA:351,108,0,0
BRDA:351,108,1,0
BRDA:351,108,2,0
BRDA:354,109,0,0
BRDA:354,109,1,0
BRDA:354,109,2,0
BRDA:354,109,3,0
BRDA:354,109,4,0
BRDA:354,109,5,0
BRDA:356,110,0,0
BRDA:356,110,1,0
BRDA:363,111,0,0
BRDA:363,111,1,0
BRDA:363,112,0,0
BRDA:363,112,1,0
BRDA:363,113,0,0
BRDA:363,113,1,0
BRDA:365,114,0,0
BRDA:365,114,1,0
BRDA:365,115,0,0
BRDA:365,115,1,0
BRDA:367,116,0,0
BRDA:367,116,1,0
BRF:251
BRH:0
end_of_record
TN:
SF:/Users/hhhhhh/Documents/vue-test1/src/lib/plupload/plupload.js
FN:13,(anonymous_0)
FN:13,n
FN:13,i
FN:13,(anonymous_3)
FN:13,r
FN:13,o
FN:13,a
FN:13,(anonymous_7)
FN:13,(anonymous_8)
FN:13,(anonymous_9)
FN:13,(anonymous_10)
FN:13,(anonymous_11)
FN:13,(anonymous_12)
FN:13,(anonymous_13)
FN:13,(anonymous_14)
FN:13,i
FN:13,(anonymous_16)
FN:13,(anonymous_17)
FN:13,(anonymous_18)
FN:13,(anonymous_19)
FN:13,(anonymous_20)
FN:13,(anonymous_21)
FN:13,(anonymous_22)
FN:13,(anonymous_23)
FN:13,(anonymous_24)
FN:13,(anonymous_25)
FN:13,(anonymous_26)
FN:13,(anonymous_27)
FN:13,(anonymous_28)
FN:13,(anonymous_29)
FN:13,(anonymous_30)
FN:13,(anonymous_31)
FN:13,(anonymous_32)
FN:13,t
FN:13,(anonymous_34)
FN:13,(anonymous_35)
FN:13,(anonymous_36)
FN:13,(anonymous_37)
FN:13,(anonymous_38)
FN:13,(anonymous_39)
FN:13,(anonymous_40)
FN:13,(anonymous_41)
FN:13,(anonymous_42)
FN:13,(anonymous_43)
FN:13,(anonymous_44)
FN:13,(anonymous_45)
FN:13,(anonymous_46)
FN:13,(anonymous_47)
FN:13,(anonymous_48)
FN:13,(anonymous_49)
FN:13,(anonymous_50)
FN:13,(anonymous_51)
FN:13,(anonymous_52)
FN:13,(anonymous_53)
FN:13,(anonymous_54)
FN:13,(anonymous_55)
FN:13,(anonymous_56)
FN:13,(anonymous_57)
FN:13,(anonymous_58)
FN:13,(anonymous_59)
FN:13,(anonymous_60)
FN:13,(anonymous_61)
FN:13,(anonymous_62)
FN:13,(anonymous_63)
FN:13,(anonymous_64)
FN:13,(anonymous_65)
FN:13,(anonymous_66)
FN:13,(anonymous_67)
FN:13,(anonymous_68)
FN:13,(anonymous_69)
FN:13,(anonymous_70)
FN:13,(anonymous_71)
FN:13,(anonymous_72)
FN:13,(anonymous_73)
FN:13,(anonymous_74)
FN:13,(anonymous_75)
FN:13,(anonymous_76)
FN:13,(anonymous_77)
FN:13,(anonymous_78)
FN:13,(anonymous_79)
FN:13,(anonymous_80)
FN:13,(anonymous_81)
FN:13,i
FN:13,(anonymous_83)
FN:13,(anonymous_84)
FN:13,t
FN:13,(anonymous_86)
FN:13,n
FN:13,(anonymous_88)
FN:13,t
FN:13,(anonymous_90)
FN:13,n
FN:13,(anonymous_92)
FN:13,n
FN:13,(anonymous_94)
FN:13,n
FN:13,(anonymous_96)
FN:13,t
FN:13,(anonymous_98)
FN:13,i
FN:13,(anonymous_100)
FN:13,(anonymous_101)
FN:13,(anonymous_102)
FN:13,(anonymous_103)
FN:13,(anonymous_104)
FN:13,(anonymous_105)
FN:13,(anonymous_106)
FN:13,(anonymous_107)
FN:13,(anonymous_108)
FN:13,(anonymous_109)
FN:13,(anonymous_110)
FN:13,(anonymous_111)
FN:13,(anonymous_112)
FN:13,(anonymous_113)
FN:13,(anonymous_114)
FN:13,(anonymous_115)
FN:13,(anonymous_116)
FN:13,(anonymous_117)
FN:13,(anonymous_118)
FN:13,(anonymous_119)
FN:13,(anonymous_120)
FN:13,(anonymous_121)
FN:13,r
FN:13,(anonymous_123)
FN:13,(anonymous_124)
FN:13,(anonymous_125)
FN:13,(anonymous_126)
FN:13,(anonymous_127)
FN:13,(anonymous_128)
FN:13,(anonymous_129)
FN:13,(anonymous_130)
FN:13,(anonymous_131)
FN:13,(anonymous_132)
FN:13,(anonymous_133)
FN:13,(anonymous_134)
FN:13,(anonymous_135)
FN:13,(anonymous_136)
FN:13,(anonymous_137)
FN:13,(anonymous_138)
FN:13,(anonymous_139)
FN:13,(anonymous_140)
FN:13,(anonymous_141)
FN:13,(anonymous_142)
FN:13,(anonymous_143)
FN:13,(anonymous_144)
FN:13,(anonymous_145)
FN:13,(anonymous_146)
FN:13,(anonymous_147)
FN:13,(anonymous_148)
FN:13,(anonymous_149)
FN:13,r
FN:13,(anonymous_151)
FN:13,o
FN:13,(anonymous_153)
FN:13,(anonymous_154)
FN:13,(anonymous_155)
FN:13,(anonymous_156)
FN:13,(anonymous_157)
FN:13,(anonymous_158)
FN:13,(anonymous_159)
FN:13,c
FN:13,(anonymous_161)
FN:13,(anonymous_162)
FN:13,(anonymous_163)
FN:13,(anonymous_164)
FN:13,(anonymous_165)
FN:13,(anonymous_166)
FN:13,(anonymous_167)
FN:13,(anonymous_168)
FN:13,(anonymous_169)
FN:13,(anonymous_170)
FN:13,(anonymous_171)
FN:13,(anonymous_172)
FN:13,(anonymous_173)
FN:13,(anonymous_174)
FN:13,i
FN:13,s
FN:13,(anonymous_177)
FN:13,(anonymous_178)
FN:13,(anonymous_179)
FN:13,(anonymous_180)
FN:13,(anonymous_181)
FN:13,(anonymous_182)
FN:13,i
FN:13,(anonymous_184)
FN:13,c
FN:13,(anonymous_186)
FN:13,(anonymous_187)
FN:13,(anonymous_188)
FN:13,(anonymous_189)
FN:13,a
FN:13,i
FN:13,(anonymous_192)
FN:13,(anonymous_193)
FN:13,(anonymous_194)
FN:14,(anonymous_195)
FN:14,(anonymous_196)
FN:14,(anonymous_197)
FN:14,(anonymous_198)
FN:14,(anonymous_199)
FN:14,(anonymous_200)
FN:14,(anonymous_201)
FN:14,(anonymous_202)
FN:14,n
FN:14,(anonymous_204)
FN:14,i
FN:14,(anonymous_206)
FN:14,(anonymous_207)
FN:14,(anonymous_208)
FN:14,i
FN:14,(anonymous_210)
FN:14,(anonymous_211)
FN:14,(anonymous_212)
FN:14,(anonymous_213)
FN:14,i
FN:14,(anonymous_215)
FN:14,(anonymous_216)
FN:14,(anonymous_217)
FN:14,(anonymous_218)
FN:14,(anonymous_219)
FN:14,(anonymous_220)
FN:14,(anonymous_221)
FN:14,(anonymous_222)
FN:14,(anonymous_223)
FN:14,(anonymous_224)
FN:14,h
FN:14,f
FN:14,n
FN:14,u
FN:14,i
FN:14,r
FN:14,(anonymous_231)
FN:14,(anonymous_232)
FN:14,(anonymous_233)
FN:14,(anonymous_234)
FN:14,(anonymous_235)
FN:14,(anonymous_236)
FN:14,(anonymous_237)
FN:14,(anonymous_238)
FN:14,g
FN:14,(anonymous_240)
FN:14,(anonymous_241)
FN:14,(anonymous_242)
FN:14,(anonymous_243)
FN:14,(anonymous_244)
FN:14,(anonymous_245)
FN:14,(anonymous_246)
FN:14,(anonymous_247)
FN:14,(anonymous_248)
FN:14,(anonymous_249)
FN:14,r
FN:14,i
FN:14,o
FN:14,(anonymous_253)
FN:14,(anonymous_254)
FN:14,a
FN:14,(anonymous_256)
FN:14,(anonymous_257)
FN:14,(anonymous_258)
FN:14,(anonymous_259)
FN:14,(anonymous_260)
FN:14,f
FN:14,i
FN:14,c
FN:14,m
FN:14,g
FN:14,i
FN:14,(anonymous_267)
FN:14,v
FN:14,(anonymous_269)
FN:14,(anonymous_270)
FN:14,(anonymous_271)
FN:14,(anonymous_272)
FN:14,(anonymous_273)
FN:14,(anonymous_274)
FN:14,(anonymous_275)
FN:14,(anonymous_276)
FN:14,(anonymous_277)
FN:14,(anonymous_278)
FN:14,(anonymous_279)
FN:14,(anonymous_280)
FN:14,(anonymous_281)
FN:14,(anonymous_282)
FN:14,o
FN:14,(anonymous_284)
FN:14,(anonymous_285)
FN:14,(anonymous_286)
FN:14,(anonymous_287)
FN:14,(anonymous_288)
FN:14,(anonymous_289)
FN:14,(anonymous_290)
FN:14,r
FN:14,(anonymous_292)
FN:14,(anonymous_293)
FN:14,(anonymous_294)
FN:14,(anonymous_295)
FN:14,(anonymous_296)
FN:14,(anonymous_297)
FN:14,(anonymous_298)
FN:14,(anonymous_299)
FN:14,(anonymous_300)
FN:14,(anonymous_301)
FN:14,(anonymous_302)
FN:14,(anonymous_303)
FN:14,(anonymous_304)
FN:14,(anonymous_305)
FN:14,(anonymous_306)
FN:14,t
FN:14,n
FN:14,(anonymous_309)
FN:14,(anonymous_310)
FN:14,(anonymous_311)
FN:14,(anonymous_312)
FN:14,(anonymous_313)
FN:14,(anonymous_314)
FN:14,s
FN:14,(anonymous_316)
FN:14,(anonymous_317)
FN:14,(anonymous_318)
FN:14,(anonymous_319)
FN:14,(anonymous_320)
FN:14,(anonymous_321)
FN:14,g
FN:14,(anonymous_323)
FN:14,(anonymous_324)
FN:14,(anonymous_325)
FN:14,(anonymous_326)
FN:14,n
FN:14,e
FN:14,(anonymous_329)
FN:14,(anonymous_330)
FN:14,a
FN:14,e
FN:14,a
FN:14,s
FN:14,u
FN:14,c
FN:14,(anonymous_337)
FN:14,l
FN:14,(anonymous_339)
FN:14,(anonymous_340)
FN:14,(anonymous_341)
FN:14,d
FN:14,(anonymous_343)
FN:14,(anonymous_344)
FN:14,h
FN:14,n
FN:14,(anonymous_347)
FN:14,(anonymous_348)
FN:14,(anonymous_349)
FN:14,(anonymous_350)
FN:14,(anonymous_351)
FN:14,(anonymous_352)
FN:14,(anonymous_353)
FN:14,(anonymous_354)
FN:14,(anonymous_355)
FN:14,(anonymous_356)
FN:14,(anonymous_357)
FN:14,i
FN:14,e
FN:14,(anonymous_360)
FN:14,(anonymous_361)
FN:14,(anonymous_362)
FN:14,(anonymous_363)
FN:14,(anonymous_364)
FN:14,(anonymous_365)
FN:14,(anonymous_366)
FN:14,(anonymous_367)
FN:14,c
FN:14,e
FN:14,(anonymous_370)
FN:14,c
FN:14,(anonymous_372)
FN:14,l
FN:14,d
FN:14,(anonymous_375)
FN:14,(anonymous_376)
FN:14,(anonymous_377)
FN:14,(anonymous_378)
FN:14,(anonymous_379)
FN:14,(anonymous_380)
FN:14,(anonymous_381)
FN:14,v
FN:14,(anonymous_383)
FN:14,(anonymous_384)
FN:14,(anonymous_385)
FN:14,(anonymous_386)
FN:14,(anonymous_387)
FN:14,(anonymous_388)
FN:14,(anonymous_389)
FN:14,(anonymous_390)
FN:14,(anonymous_391)
FN:14,t
FN:14,n
FN:14,(anonymous_394)
FN:14,(anonymous_395)
FN:14,(anonymous_396)
FN:14,(anonymous_397)
FN:14,(anonymous_398)
FN:14,i
FN:14,n
FN:14,(anonymous_401)
FN:14,(anonymous_402)
FN:14,(anonymous_403)
FN:14,(anonymous_404)
FN:14,(anonymous_405)
FN:14,(anonymous_406)
FN:14,(anonymous_407)
FN:14,(anonymous_408)
FN:14,(anonymous_409)
FN:14,(anonymous_410)
FN:14,(anonymous_411)
FN:14,(anonymous_412)
FN:14,(anonymous_413)
FN:14,(anonymous_414)
FN:14,(anonymous_415)
FN:14,n
FN:14,(anonymous_417)
FN:14,(anonymous_418)
FN:14,(anonymous_419)
FN:15,(anonymous_420)
FN:15,(anonymous_421)
FN:15,(anonymous_422)
FN:15,r
FN:15,a
FN:15,s
FN:15,(anonymous_426)
FN:15,(anonymous_427)
FN:15,(anonymous_428)
FN:15,(anonymous_429)
FN:15,(anonymous_430)
FN:15,(anonymous_431)
FN:15,(anonymous_432)
FN:15,(anonymous_433)
FN:15,(anonymous_434)
FN:15,(anonymous_435)
FN:15,(anonymous_436)
FN:15,(anonymous_437)
FN:15,(anonymous_438)
FN:15,o
FN:15,a
FN:15,s
FN:15,u
FN:15,(anonymous_443)
FN:15,(anonymous_444)
FN:15,(anonymous_445)
FN:15,(anonymous_446)
FN:15,(anonymous_447)
FN:15,(anonymous_448)
FN:15,i
FN:15,r
FN:15,o
FN:15,a
FN:15,(anonymous_453)
FN:15,(anonymous_454)
FN:15,(anonymous_455)
FN:15,(anonymous_456)
FN:15,(anonymous_457)
FN:15,(anonymous_458)
FN:15,(anonymous_459)
FN:15,(anonymous_460)
FN:15,(anonymous_461)
FN:15,(anonymous_462)
FN:15,(anonymous_463)
FN:15,e
FN:15,t
FN:15,n
FN:15,(anonymous_467)
FN:15,l
FN:15,e
FN:15,l
FN:15,d
FN:15,h
FN:15,(anonymous_473)
FN:15,(anonymous_474)
FN:15,f
FN:15,(anonymous_476)
FN:15,(anonymous_477)
FN:15,p
FN:15,m
FN:15,g
FN:15,v
FN:15,(anonymous_482)
FN:15,(anonymous_483)
FN:15,(anonymous_484)
FN:15,(anonymous_485)
FN:15,(anonymous_486)
FN:15,(anonymous_487)
FN:15,(anonymous_488)
FN:15,(anonymous_489)
FN:15,(anonymous_490)
FN:15,(anonymous_491)
FN:15,(anonymous_492)
FN:15,o
FN:15,a
FN:15,r
FN:15,s
FN:15,u
FN:15,(anonymous_498)
FN:15,(anonymous_499)
FN:15,(anonymous_500)
FN:15,(anonymous_501)
FN:15,(anonymous_502)
FN:15,(anonymous_503)
FN:15,(anonymous_504)
FN:15,(anonymous_505)
FN:15,(anonymous_506)
FN:15,(anonymous_507)
FN:15,(anonymous_508)
FN:15,(anonymous_509)
FN:15,(anonymous_510)
FN:15,(anonymous_511)
FN:15,(anonymous_512)
FN:15,(anonymous_513)
FN:15,(anonymous_514)
FN:15,(anonymous_515)
FN:15,(anonymous_516)
FN:15,(anonymous_517)
FN:15,(anonymous_518)
FN:15,(anonymous_519)
FN:15,(anonymous_520)
FN:15,(anonymous_521)
FN:15,(anonymous_522)
FN:15,(anonymous_523)
FN:15,(anonymous_524)
FN:15,(anonymous_525)
FN:15,(anonymous_526)
FN:15,(anonymous_527)
FN:15,(anonymous_528)
FN:15,(anonymous_529)
FN:15,(anonymous_530)
FN:15,(anonymous_531)
FN:15,(anonymous_532)
FN:15,n
FN:15,(anonymous_534)
FN:15,(anonymous_535)
FN:15,(anonymous_536)
FN:15,n
FN:15,(anonymous_538)
FN:15,(anonymous_539)
FN:15,(anonymous_540)
FN:15,r
FN:15,s
FN:15,u
FN:15,(anonymous_544)
FN:15,(anonymous_545)
FN:15,(anonymous_546)
FN:15,(anonymous_547)
FN:15,(anonymous_548)
FN:15,(anonymous_549)
FN:15,(anonymous_550)
FN:15,(anonymous_551)
FN:15,(anonymous_552)
FN:15,(anonymous_553)
FN:15,(anonymous_554)
FN:15,t
FN:15,(anonymous_556)
FN:15,(anonymous_557)
FN:15,(anonymous_558)
FN:15,(anonymous_559)
FN:15,(anonymous_560)
FN:15,(anonymous_561)
FN:15,o
FN:15,a
FN:15,(anonymous_564)
FN:15,(anonymous_565)
FN:15,(anonymous_566)
FN:15,(anonymous_567)
FN:15,(anonymous_568)
FN:15,(anonymous_569)
FN:15,(anonymous_570)
FN:15,(anonymous_571)
FN:15,(anonymous_572)
FN:15,(anonymous_573)
FN:15,(anonymous_574)
FN:15,(anonymous_575)
FN:15,(anonymous_576)
FN:15,(anonymous_577)
FN:15,(anonymous_578)
FN:15,(anonymous_579)
FN:15,(anonymous_580)
FN:15,(anonymous_581)
FN:15,(anonymous_582)
FN:15,i
FN:15,(anonymous_584)
FN:15,(anonymous_585)
FN:15,(anonymous_586)
FN:15,(anonymous_587)
FN:15,(anonymous_588)
FN:15,(anonymous_589)
FN:15,(anonymous_590)
FN:15,(anonymous_591)
FN:15,(anonymous_592)
FN:15,(anonymous_593)
FN:15,(anonymous_594)
FN:15,(anonymous_595)
FN:15,(anonymous_596)
FN:15,(anonymous_597)
FN:15,(anonymous_598)
FN:15,(anonymous_599)
FN:15,r
FN:15,(anonymous_601)
FN:15,(anonymous_602)
FN:15,(anonymous_603)
FN:15,(anonymous_604)
FN:15,(anonymous_605)
FN:15,(anonymous_606)
FN:15,(anonymous_607)
FN:15,(anonymous_608)
FN:15,(anonymous_609)
FN:15,(anonymous_610)
FN:15,(anonymous_611)
FN:15,(anonymous_612)
FN:15,s
FN:15,e
FN:15,(anonymous_615)
FN:15,(anonymous_616)
FN:15,(anonymous_617)
FN:15,(anonymous_618)
FN:15,(anonymous_619)
FN:15,(anonymous_620)
FN:15,(anonymous_621)
FN:15,(anonymous_622)
FN:15,(anonymous_623)
FN:15,(anonymous_624)
FN:15,(anonymous_625)
FN:15,(anonymous_626)
FN:15,(anonymous_627)
FN:15,u
FN:15,e
FN:15,(anonymous_630)
FN:15,(anonymous_631)
FN:15,f
FN:15,(anonymous_633)
FN:15,(anonymous_634)
FN:15,(anonymous_635)
FN:15,(anonymous_636)
FN:15,(anonymous_637)
FN:15,(anonymous_638)
FN:16,(anonymous_639)
FN:16,(anonymous_640)
FN:16,(anonymous_641)
FN:16,(anonymous_642)
FN:16,r
FN:29,(anonymous_644)
FN:29,s
FN:29,r
FN:29,(anonymous_647)
FN:29,(anonymous_648)
FN:29,(anonymous_649)
FN:29,(anonymous_650)
FN:29,(anonymous_651)
FN:29,(anonymous_652)
FN:29,(anonymous_653)
FN:29,(anonymous_654)
FN:29,(anonymous_655)
FN:29,(anonymous_656)
FN:29,t
FN:29,(anonymous_658)
FN:29,(anonymous_659)
FN:29,(anonymous_660)
FN:29,(anonymous_661)
FN:29,(anonymous_662)
FN:29,(anonymous_663)
FN:29,g
FN:29,y
FN:29,b
FN:29,w
FN:29,E
FN:29,S
FN:29,(anonymous_670)
FN:29,x
FN:29,(anonymous_672)
FN:29,(anonymous_673)
FN:29,(anonymous_674)
FN:29,(anonymous_675)
FN:29,(anonymous_676)
FN:29,(anonymous_677)
FN:29,(anonymous_678)
FN:29,(anonymous_679)
FN:29,(anonymous_680)
FN:29,(anonymous_681)
FN:29,(anonymous_682)
FN:29,(anonymous_683)
FN:29,(anonymous_684)
FN:29,(anonymous_685)
FN:29,T
FN:29,(anonymous_687)
FN:29,(anonymous_688)
FN:29,(anonymous_689)
FN:29,N
FN:29,f
FN:29,(anonymous_692)
FN:29,(anonymous_693)
FN:29,(anonymous_694)
FN:29,(anonymous_695)
FN:29,(anonymous_696)
FN:29,C
FN:29,k
FN:29,h
FN:29,p
FN:29,(anonymous_701)
FN:29,(anonymous_702)
FN:29,(anonymous_703)
FN:29,(anonymous_704)
FN:29,(anonymous_705)
FN:29,(anonymous_706)
FN:29,(anonymous_707)
FN:29,(anonymous_708)
FN:29,L
FN:29,A
FN:29,O
FN:29,M
FN:29,(anonymous_713)
FN:29,_
FN:29,(anonymous_715)
FN:29,D
FN:29,(anonymous_717)
FN:29,(anonymous_718)
FN:29,(anonymous_719)
FN:29,(anonymous_720)
FN:29,(anonymous_721)
FN:29,(anonymous_722)
FN:29,(anonymous_723)
FN:29,(anonymous_724)
FN:29,(anonymous_725)
FN:29,(anonymous_726)
FN:29,(anonymous_727)
FN:29,(anonymous_728)
FN:29,(anonymous_729)
FN:29,(anonymous_730)
FN:29,(anonymous_731)
FN:29,(anonymous_732)
FN:29,(anonymous_733)
FN:29,c
FN:29,(anonymous_735)
FN:29,(anonymous_736)
FN:29,(anonymous_737)
FN:29,h
FN:29,(anonymous_739)
FN:29,(anonymous_740)
FN:29,(anonymous_741)
FN:29,(anonymous_742)
FN:29,(anonymous_743)
FN:29,(anonymous_744)
FN:29,(anonymous_745)
FN:29,(anonymous_746)
FN:29,(anonymous_747)
FN:29,(anonymous_748)
FN:29,(anonymous_749)
FN:29,(anonymous_750)
FN:29,n
FN:29,(anonymous_752)
FN:29,(anonymous_753)
FN:29,(anonymous_754)
FN:29,(anonymous_755)
FN:29,(anonymous_756)
FNF:757
FNH:0
FNDA:0,(anonymous_0)
FNDA:0,n
FNDA:0,i
FNDA:0,(anonymous_3)
FNDA:0,r
FNDA:0,o
FNDA:0,a
FNDA:0,(anonymous_7)
FNDA:0,(anonymous_8)
FNDA:0,(anonymous_9)
FNDA:0,(anonymous_10)
FNDA:0,(anonymous_11)
FNDA:0,(anonymous_12)
FNDA:0,(anonymous_13)
FNDA:0,(anonymous_14)
FNDA:0,i
FNDA:0,(anonymous_16)
FNDA:0,(anonymous_17)
FNDA:0,(anonymous_18)
FNDA:0,(anonymous_19)
FNDA:0,(anonymous_20)
FNDA:0,(anonymous_21)
FNDA:0,(anonymous_22)
FNDA:0,(anonymous_23)
FNDA:0,(anonymous_24)
FNDA:0,(anonymous_25)
FNDA:0,(anonymous_26)
FNDA:0,(anonymous_27)
FNDA:0,(anonymous_28)
FNDA:0,(anonymous_29)
FNDA:0,(anonymous_30)
FNDA:0,(anonymous_31)
FNDA:0,(anonymous_32)
FNDA:0,t
FNDA:0,(anonymous_34)
FNDA:0,(anonymous_35)
FNDA:0,(anonymous_36)
FNDA:0,(anonymous_37)
FNDA:0,(anonymous_38)
FNDA:0,(anonymous_39)
FNDA:0,(anonymous_40)
FNDA:0,(anonymous_41)
FNDA:0,(anonymous_42)
FNDA:0,(anonymous_43)
FNDA:0,(anonymous_44)
FNDA:0,(anonymous_45)
FNDA:0,(anonymous_46)
FNDA:0,(anonymous_47)
FNDA:0,(anonymous_48)
FNDA:0,(anonymous_49)
FNDA:0,(anonymous_50)
FNDA:0,(anonymous_51)
FNDA:0,(anonymous_52)
FNDA:0,(anonymous_53)
FNDA:0,(anonymous_54)
FNDA:0,(anonymous_55)
FNDA:0,(anonymous_56)
FNDA:0,(anonymous_57)
FNDA:0,(anonymous_58)
FNDA:0,(anonymous_59)
FNDA:0,(anonymous_60)
FNDA:0,(anonymous_61)
FNDA:0,(anonymous_62)
FNDA:0,(anonymous_63)
FNDA:0,(anonymous_64)
FNDA:0,(anonymous_65)
FNDA:0,(anonymous_66)
FNDA:0,(anonymous_67)
FNDA:0,(anonymous_68)
FNDA:0,(anonymous_69)
FNDA:0,(anonymous_70)
FNDA:0,(anonymous_71)
FNDA:0,(anonymous_72)
FNDA:0,(anonymous_73)
FNDA:0,(anonymous_74)
FNDA:0,(anonymous_75)
FNDA:0,(anonymous_76)
FNDA:0,(anonymous_77)
FNDA:0,(anonymous_78)
FNDA:0,(anonymous_79)
FNDA:0,(anonymous_80)
FNDA:0,(anonymous_81)
FNDA:0,i
FNDA:0,(anonymous_83)
FNDA:0,(anonymous_84)
FNDA:0,t
FNDA:0,(anonymous_86)
FNDA:0,n
FNDA:0,(anonymous_88)
FNDA:0,t
FNDA:0,(anonymous_90)
FNDA:0,n
FNDA:0,(anonymous_92)
FNDA:0,n
FNDA:0,(anonymous_94)
FNDA:0,n
FNDA:0,(anonymous_96)
FNDA:0,t
FNDA:0,(anonymous_98)
FNDA:0,i
FNDA:0,(anonymous_100)
FNDA:0,(anonymous_101)
FNDA:0,(anonymous_102)
FNDA:0,(anonymous_103)
FNDA:0,(anonymous_104)
FNDA:0,(anonymous_105)
FNDA:0,(anonymous_106)
FNDA:0,(anonymous_107)
FNDA:0,(anonymous_108)
FNDA:0,(anonymous_109)
FNDA:0,(anonymous_110)
FNDA:0,(anonymous_111)
FNDA:0,(anonymous_112)
FNDA:0,(anonymous_113)
FNDA:0,(anonymous_114)
FNDA:0,(anonymous_115)
FNDA:0,(anonymous_116)
FNDA:0,(anonymous_117)
FNDA:0,(anonymous_118)
FNDA:0,(anonymous_119)
FNDA:0,(anonymous_120)
FNDA:0,(anonymous_121)
FNDA:0,r
FNDA:0,(anonymous_123)
FNDA:0,(anonymous_124)
FNDA:0,(anonymous_125)
FNDA:0,(anonymous_126)
FNDA:0,(anonymous_127)
FNDA:0,(anonymous_128)
FNDA:0,(anonymous_129)
FNDA:0,(anonymous_130)
FNDA:0,(anonymous_131)
FNDA:0,(anonymous_132)
FNDA:0,(anonymous_133)
FNDA:0,(anonymous_134)
FNDA:0,(anonymous_135)
FNDA:0,(anonymous_136)
FNDA:0,(anonymous_137)
FNDA:0,(anonymous_138)
FNDA:0,(anonymous_139)
FNDA:0,(anonymous_140)
FNDA:0,(anonymous_141)
FNDA:0,(anonymous_142)
FNDA:0,(anonymous_143)
FNDA:0,(anonymous_144)
FNDA:0,(anonymous_145)
FNDA:0,(anonymous_146)
FNDA:0,(anonymous_147)
FNDA:0,(anonymous_148)
FNDA:0,(anonymous_149)
FNDA:0,r
FNDA:0,(anonymous_151)
FNDA:0,o
FNDA:0,(anonymous_153)
FNDA:0,(anonymous_154)
FNDA:0,(anonymous_155)
FNDA:0,(anonymous_156)
FNDA:0,(anonymous_157)
FNDA:0,(anonymous_158)
FNDA:0,(anonymous_159)
FNDA:0,c
FNDA:0,(anonymous_161)
FNDA:0,(anonymous_162)
FNDA:0,(anonymous_163)
FNDA:0,(anonymous_164)
FNDA:0,(anonymous_165)
FNDA:0,(anonymous_166)
FNDA:0,(anonymous_167)
FNDA:0,(anonymous_168)
FNDA:0,(anonymous_169)
FNDA:0,(anonymous_170)
FNDA:0,(anonymous_171)
FNDA:0,(anonymous_172)
FNDA:0,(anonymous_173)
FNDA:0,(anonymous_174)
FNDA:0,i
FNDA:0,s
FNDA:0,(anonymous_177)
FNDA:0,(anonymous_178)
FNDA:0,(anonymous_179)
FNDA:0,(anonymous_180)
FNDA:0,(anonymous_181)
FNDA:0,(anonymous_182)
FNDA:0,i
FNDA:0,(anonymous_184)
FNDA:0,c
FNDA:0,(anonymous_186)
FNDA:0,(anonymous_187)
FNDA:0,(anonymous_188)
FNDA:0,(anonymous_189)
FNDA:0,a
FNDA:0,i
FNDA:0,(anonymous_192)
FNDA:0,(anonymous_193)
FNDA:0,(anonymous_194)
FNDA:0,(anonymous_195)
FNDA:0,(anonymous_196)
FNDA:0,(anonymous_197)
FNDA:0,(anonymous_198)
FNDA:0,(anonymous_199)
FNDA:0,(anonymous_200)
FNDA:0,(anonymous_201)
FNDA:0,(anonymous_202)
FNDA:0,n
FNDA:0,(anonymous_204)
FNDA:0,i
FNDA:0,(anonymous_206)
FNDA:0,(anonymous_207)
FNDA:0,(anonymous_208)
FNDA:0,i
FNDA:0,(anonymous_210)
FNDA:0,(anonymous_211)
FNDA:0,(anonymous_212)
FNDA:0,(anonymous_213)
FNDA:0,i
FNDA:0,(anonymous_215)
FNDA:0,(anonymous_216)
FNDA:0,(anonymous_217)
FNDA:0,(anonymous_218)
FNDA:0,(anonymous_219)
FNDA:0,(anonymous_220)
FNDA:0,(anonymous_221)
FNDA:0,(anonymous_222)
FNDA:0,(anonymous_223)
FNDA:0,(anonymous_224)
FNDA:0,h
FNDA:0,f
FNDA:0,n
FNDA:0,u
FNDA:0,i
FNDA:0,r
FNDA:0,(anonymous_231)
FNDA:0,(anonymous_232)
FNDA:0,(anonymous_233)
FNDA:0,(anonymous_234)
FNDA:0,(anonymous_235)
FNDA:0,(anonymous_236)
FNDA:0,(anonymous_237)
FNDA:0,(anonymous_238)
FNDA:0,g
FNDA:0,(anonymous_240)
FNDA:0,(anonymous_241)
FNDA:0,(anonymous_242)
FNDA:0,(anonymous_243)
FNDA:0,(anonymous_244)
FNDA:0,(anonymous_245)
FNDA:0,(anonymous_246)
FNDA:0,(anonymous_247)
FNDA:0,(anonymous_248)
FNDA:0,(anonymous_249)
FNDA:0,r
FNDA:0,i
FNDA:0,o
FNDA:0,(anonymous_253)
FNDA:0,(anonymous_254)
FNDA:0,a
FNDA:0,(anonymous_256)
FNDA:0,(anonymous_257)
FNDA:0,(anonymous_258)
FNDA:0,(anonymous_259)
FNDA:0,(anonymous_260)
FNDA:0,f
FNDA:0,i
FNDA:0,c
FNDA:0,m
FNDA:0,g
FNDA:0,i
FNDA:0,(anonymous_267)
FNDA:0,v
FNDA:0,(anonymous_269)
FNDA:0,(anonymous_270)
FNDA:0,(anonymous_271)
FNDA:0,(anonymous_272)
FNDA:0,(anonymous_273)
FNDA:0,(anonymous_274)
FNDA:0,(anonymous_275)
FNDA:0,(anonymous_276)
FNDA:0,(anonymous_277)
FNDA:0,(anonymous_278)
FNDA:0,(anonymous_279)
FNDA:0,(anonymous_280)
FNDA:0,(anonymous_281)
FNDA:0,(anonymous_282)
FNDA:0,o
FNDA:0,(anonymous_284)
FNDA:0,(anonymous_285)
FNDA:0,(anonymous_286)
FNDA:0,(anonymous_287)
FNDA:0,(anonymous_288)
FNDA:0,(anonymous_289)
FNDA:0,(anonymous_290)
FNDA:0,r
FNDA:0,(anonymous_292)
FNDA:0,(anonymous_293)
FNDA:0,(anonymous_294)
FNDA:0,(anonymous_295)
FNDA:0,(anonymous_296)
FNDA:0,(anonymous_297)
FNDA:0,(anonymous_298)
FNDA:0,(anonymous_299)
FNDA:0,(anonymous_300)
FNDA:0,(anonymous_301)
FNDA:0,(anonymous_302)
FNDA:0,(anonymous_303)
FNDA:0,(anonymous_304)
FNDA:0,(anonymous_305)
FNDA:0,(anonymous_306)
FNDA:0,t
FNDA:0,n
FNDA:0,(anonymous_309)
FNDA:0,(anonymous_310)
FNDA:0,(anonymous_311)
FNDA:0,(anonymous_312)
FNDA:0,(anonymous_313)
FNDA:0,(anonymous_314)
FNDA:0,s
FNDA:0,(anonymous_316)
FNDA:0,(anonymous_317)
FNDA:0,(anonymous_318)
FNDA:0,(anonymous_319)
FNDA:0,(anonymous_320)
FNDA:0,(anonymous_321)
FNDA:0,g
FNDA:0,(anonymous_323)
FNDA:0,(anonymous_324)
FNDA:0,(anonymous_325)
FNDA:0,(anonymous_326)
FNDA:0,n
FNDA:0,e
FNDA:0,(anonymous_329)
FNDA:0,(anonymous_330)
FNDA:0,a
FNDA:0,e
FNDA:0,a
FNDA:0,s
FNDA:0,u
FNDA:0,c
FNDA:0,(anonymous_337)
FNDA:0,l
FNDA:0,(anonymous_339)
FNDA:0,(anonymous_340)
FNDA:0,(anonymous_341)
FNDA:0,d
FNDA:0,(anonymous_343)
FNDA:0,(anonymous_344)
FNDA:0,h
FNDA:0,n
FNDA:0,(anonymous_347)
FNDA:0,(anonymous_348)
FNDA:0,(anonymous_349)
FNDA:0,(anonymous_350)
FNDA:0,(anonymous_351)
FNDA:0,(anonymous_352)
FNDA:0,(anonymous_353)
FNDA:0,(anonymous_354)
FNDA:0,(anonymous_355)
FNDA:0,(anonymous_356)
FNDA:0,(anonymous_357)
FNDA:0,i
FNDA:0,e
FNDA:0,(anonymous_360)
FNDA:0,(anonymous_361)
FNDA:0,(anonymous_362)
FNDA:0,(anonymous_363)
FNDA:0,(anonymous_364)
FNDA:0,(anonymous_365)
FNDA:0,(anonymous_366)
FNDA:0,(anonymous_367)
FNDA:0,c
FNDA:0,e
FNDA:0,(anonymous_370)
FNDA:0,c
FNDA:0,(anonymous_372)
FNDA:0,l
FNDA:0,d
FNDA:0,(anonymous_375)
FNDA:0,(anonymous_376)
FNDA:0,(anonymous_377)
FNDA:0,(anonymous_378)
FNDA:0,(anonymous_379)
FNDA:0,(anonymous_380)
FNDA:0,(anonymous_381)
FNDA:0,v
FNDA:0,(anonymous_383)
FNDA:0,(anonymous_384)
FNDA:0,(anonymous_385)
FNDA:0,(anonymous_386)
FNDA:0,(anonymous_387)
FNDA:0,(anonymous_388)
FNDA:0,(anonymous_389)
FNDA:0,(anonymous_390)
FNDA:0,(anonymous_391)
FNDA:0,t
FNDA:0,n
FNDA:0,(anonymous_394)
FNDA:0,(anonymous_395)
FNDA:0,(anonymous_396)
FNDA:0,(anonymous_397)
FNDA:0,(anonymous_398)
FNDA:0,i
FNDA:0,n
FNDA:0,(anonymous_401)
FNDA:0,(anonymous_402)
FNDA:0,(anonymous_403)
FNDA:0,(anonymous_404)
FNDA:0,(anonymous_405)
FNDA:0,(anonymous_406)
FNDA:0,(anonymous_407)
FNDA:0,(anonymous_408)
FNDA:0,(anonymous_409)
FNDA:0,(anonymous_410)
FNDA:0,(anonymous_411)
FNDA:0,(anonymous_412)
FNDA:0,(anonymous_413)
FNDA:0,(anonymous_414)
FNDA:0,(anonymous_415)
FNDA:0,n
FNDA:0,(anonymous_417)
FNDA:0,(anonymous_418)
FNDA:0,(anonymous_419)
FNDA:0,(anonymous_420)
FNDA:0,(anonymous_421)
FNDA:0,(anonymous_422)
FNDA:0,r
FNDA:0,a
FNDA:0,s
FNDA:0,(anonymous_426)
FNDA:0,(anonymous_427)
FNDA:0,(anonymous_428)
FNDA:0,(anonymous_429)
FNDA:0,(anonymous_430)
FNDA:0,(anonymous_431)
FNDA:0,(anonymous_432)
FNDA:0,(anonymous_433)
FNDA:0,(anonymous_434)
FNDA:0,(anonymous_435)
FNDA:0,(anonymous_436)
FNDA:0,(anonymous_437)
FNDA:0,(anonymous_438)
FNDA:0,o
FNDA:0,a
FNDA:0,s
FNDA:0,u
FNDA:0,(anonymous_443)
FNDA:0,(anonymous_444)
FNDA:0,(anonymous_445)
FNDA:0,(anonymous_446)
FNDA:0,(anonymous_447)
FNDA:0,(anonymous_448)
FNDA:0,i
FNDA:0,r
FNDA:0,o
FNDA:0,a
FNDA:0,(anonymous_453)
FNDA:0,(anonymous_454)
FNDA:0,(anonymous_455)
FNDA:0,(anonymous_456)
FNDA:0,(anonymous_457)
FNDA:0,(anonymous_458)
FNDA:0,(anonymous_459)
FNDA:0,(anonymous_460)
FNDA:0,(anonymous_461)
FNDA:0,(anonymous_462)
FNDA:0,(anonymous_463)
FNDA:0,e
FNDA:0,t
FNDA:0,n
FNDA:0,(anonymous_467)
FNDA:0,l
FNDA:0,e
FNDA:0,l
FNDA:0,d
FNDA:0,h
FNDA:0,(anonymous_473)
FNDA:0,(anonymous_474)
FNDA:0,f
FNDA:0,(anonymous_476)
FNDA:0,(anonymous_477)
FNDA:0,p
FNDA:0,m
FNDA:0,g
FNDA:0,v
FNDA:0,(anonymous_482)
FNDA:0,(anonymous_483)
FNDA:0,(anonymous_484)
FNDA:0,(anonymous_485)
FNDA:0,(anonymous_486)
FNDA:0,(anonymous_487)
FNDA:0,(anonymous_488)
FNDA:0,(anonymous_489)
FNDA:0,(anonymous_490)
FNDA:0,(anonymous_491)
FNDA:0,(anonymous_492)
FNDA:0,o
FNDA:0,a
FNDA:0,r
FNDA:0,s
FNDA:0,u
FNDA:0,(anonymous_498)
FNDA:0,(anonymous_499)
FNDA:0,(anonymous_500)
FNDA:0,(anonymous_501)
FNDA:0,(anonymous_502)
FNDA:0,(anonymous_503)
FNDA:0,(anonymous_504)
FNDA:0,(anonymous_505)
FNDA:0,(anonymous_506)
FNDA:0,(anonymous_507)
FNDA:0,(anonymous_508)
FNDA:0,(anonymous_509)
FNDA:0,(anonymous_510)
FNDA:0,(anonymous_511)
FNDA:0,(anonymous_512)
FNDA:0,(anonymous_513)
FNDA:0,(anonymous_514)
FNDA:0,(anonymous_515)
FNDA:0,(anonymous_516)
FNDA:0,(anonymous_517)
FNDA:0,(anonymous_518)
FNDA:0,(anonymous_519)
FNDA:0,(anonymous_520)
FNDA:0,(anonymous_521)
FNDA:0,(anonymous_522)
FNDA:0,(anonymous_523)
FNDA:0,(anonymous_524)
FNDA:0,(anonymous_525)
FNDA:0,(anonymous_526)
FNDA:0,(anonymous_527)
FNDA:0,(anonymous_528)
FNDA:0,(anonymous_529)
FNDA:0,(anonymous_530)
FNDA:0,(anonymous_531)
FNDA:0,(anonymous_532)
FNDA:0,n
FNDA:0,(anonymous_534)
FNDA:0,(anonymous_535)
FNDA:0,(anonymous_536)
FNDA:0,n
FNDA:0,(anonymous_538)
FNDA:0,(anonymous_539)
FNDA:0,(anonymous_540)
FNDA:0,r
FNDA:0,s
FNDA:0,u
FNDA:0,(anonymous_544)
FNDA:0,(anonymous_545)
FNDA:0,(anonymous_546)
FNDA:0,(anonymous_547)
FNDA:0,(anonymous_548)
FNDA:0,(anonymous_549)
FNDA:0,(anonymous_550)
FNDA:0,(anonymous_551)
FNDA:0,(anonymous_552)
FNDA:0,(anonymous_553)
FNDA:0,(anonymous_554)
FNDA:0,t
FNDA:0,(anonymous_556)
FNDA:0,(anonymous_557)
FNDA:0,(anonymous_558)
FNDA:0,(anonymous_559)
FNDA:0,(anonymous_560)
FNDA:0,(anonymous_561)
FNDA:0,o
FNDA:0,a
FNDA:0,(anonymous_564)
FNDA:0,(anonymous_565)
FNDA:0,(anonymous_566)
FNDA:0,(anonymous_567)
FNDA:0,(anonymous_568)
FNDA:0,(anonymous_569)
FNDA:0,(anonymous_570)
FNDA:0,(anonymous_571)
FNDA:0,(anonymous_572)
FNDA:0,(anonymous_573)
FNDA:0,(anonymous_574)
FNDA:0,(anonymous_575)
FNDA:0,(anonymous_576)
FNDA:0,(anonymous_577)
FNDA:0,(anonymous_578)
FNDA:0,(anonymous_579)
FNDA:0,(anonymous_580)
FNDA:0,(anonymous_581)
FNDA:0,(anonymous_582)
FNDA:0,i
FNDA:0,(anonymous_584)
FNDA:0,(anonymous_585)
FNDA:0,(anonymous_586)
FNDA:0,(anonymous_587)
FNDA:0,(anonymous_588)
FNDA:0,(anonymous_589)
FNDA:0,(anonymous_590)
FNDA:0,(anonymous_591)
FNDA:0,(anonymous_592)
FNDA:0,(anonymous_593)
FNDA:0,(anonymous_594)
FNDA:0,(anonymous_595)
FNDA:0,(anonymous_596)
FNDA:0,(anonymous_597)
FNDA:0,(anonymous_598)
FNDA:0,(anonymous_599)
FNDA:0,r
FNDA:0,(anonymous_601)
FNDA:0,(anonymous_602)
FNDA:0,(anonymous_603)
FNDA:0,(anonymous_604)
FNDA:0,(anonymous_605)
FNDA:0,(anonymous_606)
FNDA:0,(anonymous_607)
FNDA:0,(anonymous_608)
FNDA:0,(anonymous_609)
FNDA:0,(anonymous_610)
FNDA:0,(anonymous_611)
FNDA:0,(anonymous_612)
FNDA:0,s
FNDA:0,e
FNDA:0,(anonymous_615)
FNDA:0,(anonymous_616)
FNDA:0,(anonymous_617)
FNDA:0,(anonymous_618)
FNDA:0,(anonymous_619)
FNDA:0,(anonymous_620)
FNDA:0,(anonymous_621)
FNDA:0,(anonymous_622)
FNDA:0,(anonymous_623)
FNDA:0,(anonymous_624)
FNDA:0,(anonymous_625)
FNDA:0,(anonymous_626)
FNDA:0,(anonymous_627)
FNDA:0,u
FNDA:0,e
FNDA:0,(anonymous_630)
FNDA:0,(anonymous_631)
FNDA:0,f
FNDA:0,(anonymous_633)
FNDA:0,(anonymous_634)
FNDA:0,(anonymous_635)
FNDA:0,(anonymous_636)
FNDA:0,(anonymous_637)
FNDA:0,(anonymous_638)
FNDA:0,(anonymous_639)
FNDA:0,(anonymous_640)
FNDA:0,(anonymous_641)
FNDA:0,(anonymous_642)
FNDA:0,r
FNDA:0,(anonymous_644)
FNDA:0,s
FNDA:0,r
FNDA:0,(anonymous_647)
FNDA:0,(anonymous_648)
FNDA:0,(anonymous_649)
FNDA:0,(anonymous_650)
FNDA:0,(anonymous_651)
FNDA:0,(anonymous_652)
FNDA:0,(anonymous_653)
FNDA:0,(anonymous_654)
FNDA:0,(anonymous_655)
FNDA:0,(anonymous_656)
FNDA:0,t
FNDA:0,(anonymous_658)
FNDA:0,(anonymous_659)
FNDA:0,(anonymous_660)
FNDA:0,(anonymous_661)
FNDA:0,(anonymous_662)
FNDA:0,(anonymous_663)
FNDA:0,g
FNDA:0,y
FNDA:0,b
FNDA:0,w
FNDA:0,E
FNDA:0,S
FNDA:0,(anonymous_670)
FNDA:0,x
FNDA:0,(anonymous_672)
FNDA:0,(anonymous_673)
FNDA:0,(anonymous_674)
FNDA:0,(anonymous_675)
FNDA:0,(anonymous_676)
FNDA:0,(anonymous_677)
FNDA:0,(anonymous_678)
FNDA:0,(anonymous_679)
FNDA:0,(anonymous_680)
FNDA:0,(anonymous_681)
FNDA:0,(anonymous_682)
FNDA:0,(anonymous_683)
FNDA:0,(anonymous_684)
FNDA:0,(anonymous_685)
FNDA:0,T
FNDA:0,(anonymous_687)
FNDA:0,(anonymous_688)
FNDA:0,(anonymous_689)
FNDA:0,N
FNDA:0,f
FNDA:0,(anonymous_692)
FNDA:0,(anonymous_693)
FNDA:0,(anonymous_694)
FNDA:0,(anonymous_695)
FNDA:0,(anonymous_696)
FNDA:0,C
FNDA:0,k
FNDA:0,h
FNDA:0,p
FNDA:0,(anonymous_701)
FNDA:0,(anonymous_702)
FNDA:0,(anonymous_703)
FNDA:0,(anonymous_704)
FNDA:0,(anonymous_705)
FNDA:0,(anonymous_706)
FNDA:0,(anonymous_707)
FNDA:0,(anonymous_708)
FNDA:0,L
FNDA:0,A
FNDA:0,O
FNDA:0,M
FNDA:0,(anonymous_713)
FNDA:0,_
FNDA:0,(anonymous_715)
FNDA:0,D
FNDA:0,(anonymous_717)
FNDA:0,(anonymous_718)
FNDA:0,(anonymous_719)
FNDA:0,(anonymous_720)
FNDA:0,(anonymous_721)
FNDA:0,(anonymous_722)
FNDA:0,(anonymous_723)
FNDA:0,(anonymous_724)
FNDA:0,(anonymous_725)
FNDA:0,(anonymous_726)
FNDA:0,(anonymous_727)
FNDA:0,(anonymous_728)
FNDA:0,(anonymous_729)
FNDA:0,(anonymous_730)
FNDA:0,(anonymous_731)
FNDA:0,(anonymous_732)
FNDA:0,(anonymous_733)
FNDA:0,c
FNDA:0,(anonymous_735)
FNDA:0,(anonymous_736)
FNDA:0,(anonymous_737)
FNDA:0,h
FNDA:0,(anonymous_739)
FNDA:0,(anonymous_740)
FNDA:0,(anonymous_741)
FNDA:0,(anonymous_742)
FNDA:0,(anonymous_743)
FNDA:0,(anonymous_744)
FNDA:0,(anonymous_745)
FNDA:0,(anonymous_746)
FNDA:0,(anonymous_747)
FNDA:0,(anonymous_748)
FNDA:0,(anonymous_749)
FNDA:0,(anonymous_750)
FNDA:0,n
FNDA:0,(anonymous_752)
FNDA:0,(anonymous_753)
FNDA:0,(anonymous_754)
FNDA:0,(anonymous_755)
[...]
BRDA:741,133,0,0
BRDA:741,133,1,0
BRDA:742,134,0,0
BRDA:742,134,1,0
BRDA:743,135,0,0
BRDA:743,135,1,0
BRDA:746,136,0,0
BRDA:746,136,1,0
BRDA:747,137,0,0
BRDA:747,137,1,0
BRDA:748,138,0,0
BRDA:748,138,1,0
BRDA:749,139,0,0
BRDA:749,139,1,0
BRDA:750,140,0,0
BRDA:750,140,1,0
BRDA:751,141,0,0
BRDA:751,141,1,0
BRDA:752,142,0,0
BRDA:752,142,1,0
BRDA:755,143,0,0
BRDA:755,143,1,0
BRDA:756,144,0,0
BRDA:756,144,1,0
BRDA:757,145,0,0
BRDA:757,145,1,0
BRDA:758,146,0,0
BRDA:758,146,1,0
BRDA:764,147,0,0
BRDA:764,147,1,0
BRDA:765,148,0,0
BRDA:765,148,1,0
BRDA:766,149,0,0
BRDA:766,149,1,0
BRDA:767,150,0,0
BRDA:767,150,1,0
BRDA:769,151,0,0
BRDA:769,151,1,0
BRDA:770,152,0,0
BRDA:770,152,1,0
BRDA:771,153,0,0
BRDA:771,153,1,0
BRDA:772,154,0,0
BRDA:772,154,1,0
BRDA:774,155,0,0
BRDA:774,155,1,0
BRDA:782,156,0,0
BRDA:782,156,1,0
BRDA:791,157,0,0
BRDA:791,157,1,0
BRDA:791,158,0,0
BRDA:791,158,1,0
BRDA:801,159,0,0
BRDA:801,159,1,0
BRDA:810,160,0,0
BRDA:810,160,1,0
BRDA:810,161,0,0
BRDA:810,161,1,0
BRDA:819,162,0,0
BRDA:819,162,1,0
BRDA:819,163,0,0
BRDA:819,163,1,0
BRDA:822,164,0,0
BRDA:822,164,1,0
BRDA:824,165,0,0
BRDA:824,165,1,0
BRDA:835,166,0,0
BRDA:835,166,1,0
BRDA:838,167,0,0
BRDA:838,167,1,0
BRDA:842,168,0,0
BRDA:842,168,1,0
BRDA:842,168,2,0
BRDA:842,168,3,0
BRDA:855,169,0,0
BRDA:855,169,1,0
BRDA:859,170,0,0
BRDA:859,170,1,0
BRDA:862,171,0,0
BRDA:862,171,1,0
BRF:373
BRH:0
end_of_record
TN:
SF:/Users/hhhhhh/Documents/vue-test1/src/lib/qinius/qiniu.min.js
FN:2,(anonymous_0)
FN:2,createCookie
FN:2,readCookie
FN:2,(anonymous_3)
FN:2,(anonymous_4)
FN:2,(anonymous_5)
FN:2,QiniuJsSDK
FN:2,(anonymous_7)
FN:2,log
FN:2,makeLogFunc
FN:2,(anonymous_10)
FN:2,StatisticsLogger
FN:2,(anonymous_12)
FN:2,d
FN:2,e
FN:2,(anonymous_15)
FN:2,(anonymous_16)
FN:2,(anonymous_17)
FN:2,(anonymous_18)
FN:2,(anonymous_19)
FN:2,(anonymous_20)
FN:2,(anonymous_21)
FN:2,(anonymous_22)
FN:2,(anonymous_23)
FN:2,(anonymous_24)
FN:2,(anonymous_25)
FN:2,(anonymous_26)
FN:2,(anonymous_27)
FN:2,(anonymous_28)
FN:2,(anonymous_29)
FN:2,(anonymous_30)
FN:2,(anonymous_31)
FN:2,(anonymous_32)
FN:2,(anonymous_33)
FN:2,(anonymous_34)
FN:2,(anonymous_35)
FN:2,(anonymous_36)
FN:2,(anonymous_37)
FN:2,(anonymous_38)
FN:2,(anonymous_39)
FN:2,(anonymous_40)
FN:2,(anonymous_41)
FN:2,(anonymous_42)
FN:2,(anonymous_43)
FN:2,(anonymous_44)
FN:2,(anonymous_45)
FN:2,(anonymous_46)
FN:2,(anonymous_47)
FN:2,(anonymous_48)
FN:2,(anonymous_49)
FN:2,(anonymous_50)
FN:2,(anonymous_51)
FN:2,(anonymous_52)
FN:2,(anonymous_53)
FN:2,(anonymous_54)
FN:2,(anonymous_55)
FN:2,(anonymous_56)
FN:2,(anonymous_57)
FN:2,(anonymous_58)
FN:2,(anonymous_59)
FN:2,(anonymous_60)
FN:2,(anonymous_61)
FN:2,(anonymous_62)
FN:2,(anonymous_63)
FN:2,(anonymous_64)
FN:2,(anonymous_65)
FN:2,(anonymous_66)
FN:2,(anonymous_67)
FN:2,(anonymous_68)
FN:2,(anonymous_69)
FN:2,(anonymous_70)
FN:2,(anonymous_71)
FN:2,(anonymous_72)
FNF:73
FNH:0
FNDA:0,(anonymous_0)
FNDA:0,createCookie
FNDA:0,readCookie
FNDA:0,(anonymous_3)
FNDA:0,(anonymous_4)
FNDA:0,(anonymous_5)
FNDA:0,QiniuJsSDK
FNDA:0,(anonymous_7)
FNDA:0,log
FNDA:0,makeLogFunc
FNDA:0,(anonymous_10)
FNDA:0,StatisticsLogger
FNDA:0,(anonymous_12)
FNDA:0,d
FNDA:0,e
FNDA:0,(anonymous_15)
FNDA:0,(anonymous_16)
FNDA:0,(anonymous_17)
FNDA:0,(anonymous_18)
FNDA:0,(anonymous_19)
FNDA:0,(anonymous_20)
FNDA:0,(anonymous_21)
FNDA:0,(anonymous_22)
FNDA:0,(anonymous_23)
FNDA:0,(anonymous_24)
FNDA:0,(anonymous_25)
FNDA:0,(anonymous_26)
FNDA:0,(anonymous_27)
FNDA:0,(anonymous_28)
FNDA:0,(anonymous_29)
FNDA:0,(anonymous_30)
FNDA:0,(anonymous_31)
FNDA:0,(anonymous_32)
FNDA:0,(anonymous_33)
FNDA:0,(anonymous_34)
FNDA:0,(anonymous_35)
FNDA:0,(anonymous_36)
FNDA:0,(anonymous_37)
FNDA:0,(anonymous_38)
FNDA:0,(anonymous_39)
FNDA:0,(anonymous_40)
FNDA:0,(anonymous_41)
FNDA:0,(anonymous_42)
FNDA:0,(anonymous_43)
FNDA:0,(anonymous_44)
FNDA:0,(anonymous_45)
FNDA:0,(anonymous_46)
FNDA:0,(anonymous_47)
FNDA:0,(anonymous_48)
FNDA:0,(anonymous_49)
FNDA:0,(anonymous_50)
FNDA:0,(anonymous_51)
FNDA:0,(anonymous_52)
FNDA:0,(anonymous_53)
FNDA:0,(anonymous_54)
FNDA:0,(anonymous_55)
FNDA:0,(anonymous_56)
FNDA:0,(anonymous_57)
FNDA:0,(anonymous_58)
FNDA:0,(anonymous_59)
FNDA:0,(anonymous_60)
FNDA:0,(anonymous_61)
FNDA:0,(anonymous_62)
FNDA:0,(anonymous_63)
FNDA:0,(anonymous_64)
FNDA:0,(anonymous_65)
FNDA:0,(anonymous_66)
FNDA:0,(anonymous_67)
FNDA:0,(anonymous_68)
FNDA:0,(anonymous_69)
FNDA:0,(anonymous_70)
FNDA:0,(anonymous_71)
FNDA:0,(anonymous_72)
DA:2,0
LF:1
LH:0
BRDA:2,0,0,0
BRDA:2,0,1,0
BRDA:2,1,0,0
BRDA:2,1,1,0
BRDA:2,2,0,0
BRDA:2,2,1,0
BRDA:2,3,0,0
BRDA:2,3,1,0
BRDA:2,4,0,0
BRDA:2,4,1,0
BRDA:2,5,0,0
BRDA:2,5,1,0
BRDA:2,6,0,0
BRDA:2,6,1,0
BRDA:2,7,0,0
BRDA:2,7,1,0
BRDA:2,7,2,0
BRDA:2,8,0,0
BRDA:2,8,1,0
BRDA:2,8,2,0
BRDA:2,8,3,0
BRDA:2,9,0,0
BRDA:2,9,1,0
BRDA:2,10,0,0
BRDA:2,10,1,0
BRDA:2,11,0,0
BRDA:2,11,1,0
BRDA:2,12,0,0
BRDA:2,12,1,0
BRDA:2,13,0,0
BRDA:2,13,1,0
BRDA:2,14,0,0
BRDA:2,14,1,0
BRDA:2,15,0,0
BRDA:2,15,1,0
BRDA:2,16,0,0
BRDA:2,16,1,0
BRDA:2,16,2,0
BRDA:2,17,0,0
BRDA:2,17,1,0
BRDA:2,18,0,0
BRDA:2,18,1,0
BRDA:2,19,0,0
BRDA:2,19,1,0
BRDA:2,20,0,0
BRDA:2,20,1,0
BRDA:2,21,0,0
BRDA:2,21,1,0
BRDA:2,22,0,0
BRDA:2,22,1,0
BRDA:2,23,0,0
BRDA:2,23,1,0
BRDA:2,24,0,0
BRDA:2,24,1,0
BRDA:2,25,0,0
BRDA:2,25,1,0
BRDA:2,26,0,0
BRDA:2,26,1,0
BRDA:2,27,0,0
BRDA:2,27,1,0
BRDA:2,28,0,0
BRDA:2,28,1,0
BRDA:2,29,0,0
BRDA:2,29,1,0
BRDA:2,30,0,0
BRDA:2,30,1,0
BRDA:2,31,0,0
BRDA:2,31,1,0
BRDA:2,32,0,0
BRDA:2,32,1,0
BRDA:2,33,0,0
BRDA:2,33,1,0
BRDA:2,34,0,0
BRDA:2,34,1,0
BRDA:2,35,0,0
BRDA:2,35,1,0
BRDA:2,36,0,0
BRDA:2,36,1,0
BRDA:2,37,0,0
BRDA:2,37,1,0
BRDA:2,38,0,0
BRDA:2,38,1,0
BRDA:2,39,0,0
BRDA:2,39,1,0
BRDA:2,39,2,0
BRDA:2,39,3,0
BRDA:2,39,4,0
BRDA:2,39,5,0
BRDA:2,40,0,0
BRDA:2,40,1,0
BRDA:2,41,0,0
BRDA:2,41,1,0
BRDA:2,42,0,0
BRDA:2,42,1,0
BRDA:2,43,0,0
BRDA:2,43,1,0
BRDA:2,44,0,0
BRDA:2,44,1,0
BRDA:2,44,2,0
BRDA:2,44,3,0
BRDA:2,44,4,0
BRDA:2,44,5,0
BRDA:2,44,6,0
BRDA:2,45,0,0
BRDA:2,45,1,0
BRDA:2,46,0,0
BRDA:2,46,1,0
BRDA:2,46,2,0
BRDA:2,46,3,0
BRDA:2,47,0,0
BRDA:2,47,1,0
BRDA:2,48,0,0
BRDA:2,48,1,0
BRDA:2,49,0,0
BRDA:2,49,1,0
BRDA:2,50,0,0
BRDA:2,50,1,0
BRDA:2,51,0,0
BRDA:2,51,1,0
BRDA:2,52,0,0
BRDA:2,52,1,0
BRDA:2,53,0,0
BRDA:2,53,1,0
BRDA:2,54,0,0
BRDA:2,54,1,0
BRDA:2,55,0,0
BRDA:2,55,1,0
BRDA:2,56,0,0
BRDA:2,56,1,0
BRDA:2,57,0,0
BRDA:2,57,1,0
BRDA:2,58,0,0
BRDA:2,58,1,0
BRDA:2,59,0,0
BRDA:2,59,1,0
BRDA:2,60,0,0
BRDA:2,60,1,0
BRDA:2,60,2,0
BRDA:2,61,0,0
BRDA:2,61,1,0
BRDA:2,62,0,0
BRDA:2,62,1,0
BRDA:2,63,0,0
BRDA:2,63,1,0
BRDA:2,64,0,0
BRDA:2,64,1,0
BRDA:2,65,0,0
BRDA:2,65,1,0
BRDA:2,66,0,0
BRDA:2,66,1,0
BRDA:2,67,0,0
BRDA:2,67,1,0
BRDA:2,68,0,0
BRDA:2,68,1,0
BRDA:2,69,0,0
BRDA:2,69,1,0
BRDA:2,70,0,0
BRDA:2,70,1,0
BRDA:2,70,2,0
BRDA:2,71,0,0
BRDA:2,71,1,0
BRDA:2,72,0,0
BRDA:2,72,1,0
BRDA:2,73,0,0
BRDA:2,73,1,0
BRDA:2,74,0,0
BRDA:2,74,1,0
BRDA:2,75,0,0
BRDA:2,75,1,0
BRDA:2,76,0,0
BRDA:2,76,1,0
BRDA:2,77,0,0
BRDA:2,77,1,0
BRDA:2,78,0,0
BRDA:2,78,1,0
BRDA:2,79,0,0
BRDA:2,79,1,0
BRDA:2,80,0,0
BRDA:2,80,1,0
BRDA:2,81,0,0
BRDA:2,81,1,0
BRDA:2,82,0,0
BRDA:2,82,1,0
BRDA:2,83,0,0
BRDA:2,83,1,0
BRDA:2,84,0,0
BRDA:2,84,1,0
BRDA:2,85,0,0
BRDA:2,85,1,0
BRDA:2,85,2,0
BRDA:2,86,0,0
BRDA:2,86,1,0
BRDA:2,87,0,0
BRDA:2,87,1,0
BRDA:2,88,0,0
BRDA:2,88,1,0
BRDA:2,89,0,0
BRDA:2,89,1,0
BRDA:2,89,2,0
BRDA:2,90,0,0
BRDA:2,90,1,0
BRDA:2,91,0,0
BRDA:2,91,1,0
BRDA:2,92,0,0
BRDA:2,92,1,0
BRDA:2,92,2,0
BRDA:2,93,0,0
BRDA:2,93,1,0
BRDA:2,94,0,0
BRDA:2,94,1,0
BRDA:2,95,0,0
BRDA:2,95,1,0
BRDA:2,96,0,0
BRDA:2,96,1,0
BRDA:2,97,0,0
BRDA:2,97,1,0
BRDA:2,98,0,0
BRDA:2,98,1,0
BRDA:2,99,0,0
BRDA:2,99,1,0
BRDA:2,99,2,0
BRDA:2,100,0,0
BRDA:2,100,1,0
BRDA:2,101,0,0
BRDA:2,101,1,0
BRDA:2,102,0,0
BRDA:2,102,1,0
BRDA:2,103,0,0
BRDA:2,103,1,0
BRDA:2,104,0,0
BRDA:2,104,1,0
BRDA:2,105,0,0
BRDA:2,105,1,0
BRDA:2,106,0,0
BRDA:2,106,1,0
BRDA:2,107,0,0
BRDA:2,107,1,0
BRDA:2,107,2,0
BRDA:2,107,3,0
BRDA:2,108,0,0
BRDA:2,108,1,0
BRDA:2,109,0,0
BRDA:2,109,1,0
BRDA:2,110,0,0
BRDA:2,110,1,0
BRDA:2,110,2,0
BRDA:2,111,0,0
BRDA:2,111,1,0
BRDA:2,111,2,0
BRDA:2,112,0,0
BRDA:2,112,1,0
BRDA:2,113,0,0
BRDA:2,113,1,0
BRDA:2,114,0,0
BRDA:2,114,1,0
BRDA:2,115,0,0
BRDA:2,115,1,0
BRDA:2,116,0,0
BRDA:2,116,1,0
BRDA:2,117,0,0
BRDA:2,117,1,0
BRDA:2,117,2,0
BRDA:2,118,0,0
BRDA:2,118,1,0
BRDA:2,119,0,0
BRDA:2,119,1,0
BRDA:2,119,2,0
BRDA:2,120,0,0
BRDA:2,120,1,0
BRDA:2,121,0,0
BRDA:2,121,1,0
BRDA:2,122,0,0
BRDA:2,122,1,0
BRDA:2,123,0,0
BRDA:2,123,1,0
BRDA:2,124,0,0
BRDA:2,124,1,0
BRDA:2,125,0,0
BRDA:2,125,1,0
BRDA:2,125,2,0
BRDA:2,126,0,0
BRDA:2,126,1,0
BRDA:2,127,0,0
BRDA:2,127,1,0
BRDA:2,128,0,0
BRDA:2,128,1,0
BRDA:2,129,0,0
BRDA:2,129,1,0
BRDA:2,129,2,0
BRDA:2,129,3,0
BRDA:2,129,4,0
BRDA:2,129,5,0
BRDA:2,129,6,0
BRDA:2,129,7,0
BRDA:2,129,8,0
BRDA:2,130,0,0
BRDA:2,130,1,0
BRDA:2,131,0,0
BRDA:2,131,1,0
BRDA:2,131,2,0
BRDA:2,132,0,0
BRDA:2,132,1,0
BRDA:2,133,0,0
BRDA:2,133,1,0
BRDA:2,134,0,0
BRDA:2,134,1,0
BRDA:2,135,0,0
BRDA:2,135,1,0
BRDA:2,135,2,0
BRDA:2,135,3,0
BRDA:2,135,4,0
BRDA:2,135,5,0
BRDA:2,135,6,0
BRDA:2,135,7,0
BRDA:2,135,8,0
BRDA:2,136,0,0
BRDA:2,136,1,0
BRDA:2,137,0,0
BRDA:2,137,1,0
BRDA:2,138,0,0
BRDA:2,138,1,0
BRDA:2,139,0,0
BRDA:2,139,1,0
BRDA:2,140,0,0
BRDA:2,140,1,0
BRDA:2,141,0,0
BRDA:2,141,1,0
BRDA:2,142,0,0
BRDA:2,142,1,0
BRDA:2,143,0,0
BRDA:2,143,1,0
BRDA:2,144,0,0
BRDA:2,144,1,0
BRDA:2,144,2,0
BRDA:2,145,0,0
BRDA:2,145,1,0
BRDA:2,146,0,0
BRDA:2,146,1,0
BRDA:2,147,0,0
BRDA:2,147,1,0
BRDA:2,148,0,0
BRDA:2,148,1,0
BRDA:2,149,0,0
BRDA:2,149,1,0
BRDA:2,150,0,0
BRDA:2,150,1,0
BRDA:2,151,0,0
BRDA:2,151,1,0
BRDA:2,152,0,0
BRDA:2,152,1,0
BRDA:2,153,0,0
BRDA:2,153,1,0
BRDA:2,154,0,0
BRDA:2,154,1,0
BRDA:2,155,0,0
BRDA:2,155,1,0
BRDA:2,156,0,0
BRDA:2,156,1,0
BRDA:2,157,0,0
BRDA:2,157,1,0
BRDA:2,158,0,0
BRDA:2,158,1,0
BRDA:2,159,0,0
BRDA:2,159,1,0
BRDA:2,160,0,0
BRDA:2,160,1,0
BRDA:2,161,0,0
BRDA:2,161,1,0
BRDA:2,162,0,0
BRDA:2,162,1,0
BRDA:2,163,0,0
BRDA:2,163,1,0
BRDA:2,164,0,0
BRDA:2,164,1,0
BRDA:2,165,0,0
BRDA:2,165,1,0
BRDA:2,166,0,0
BRDA:2,166,1,0
BRDA:2,167,0,0
BRDA:2,167,1,0
BRDA:2,168,0,0
BRDA:2,168,1,0
BRDA:2,169,0,0
BRDA:2,169,1,0
BRDA:2,170,0,0
BRDA:2,170,1,0
BRDA:2,171,0,0
BRDA:2,171,1,0
BRDA:2,172,0,0
BRDA:2,172,1,0
BRDA:2,173,0,0
BRDA:2,173,1,0
BRDA:2,174,0,0
BRDA:2,174,1,0
BRDA:2,175,0,0
BRDA:2,175,1,0
BRDA:2,176,0,0
BRDA:2,176,1,0
BRDA:2,177,0,0
BRDA:2,177,1,0
BRDA:2,178,0,0
BRDA:2,178,1,0
BRDA:2,179,0,0
BRDA:2,179,1,0
BRDA:2,180,0,0
BRDA:2,180,1,0
BRDA:2,181,0,0
BRDA:2,181,1,0
BRDA:2,182,0,0
BRDA:2,182,1,0
BRDA:2,183,0,0
BRDA:2,183,1,0
BRDA:2,184,0,0
BRDA:2,184,1,0
BRDA:2,185,0,0
BRDA:2,185,1,0
BRDA:2,186,0,0
BRDA:2,186,1,0
BRDA:2,187,0,0
BRDA:2,187,1,0
BRDA:2,188,0,0
BRDA:2,188,1,0
BRDA:2,189,0,0
BRDA:2,189,1,0
BRDA:2,190,0,0
BRDA:2,190,1,0
BRDA:2,191,0,0
BRDA:2,191,1,0
BRDA:2,192,0,0
BRDA:2,192,1,0
BRDA:2,193,0,0
BRDA:2,193,1,0
BRDA:2,194,0,0
BRDA:2,194,1,0
BRDA:2,195,0,0
BRDA:2,195,1,0
BRDA:2,196,0,0
BRDA:2,196,1,0
BRDA:2,197,0,0
BRDA:2,197,1,0
BRDA:2,198,0,0
BRDA:2,198,1,0
BRDA:2,199,0,0
BRDA:2,199,1,0
BRDA:2,200,0,0
BRDA:2,200,1,0
BRDA:2,201,0,0
BRDA:2,201,1,0
BRDA:2,202,0,0
BRDA:2,202,1,0
BRDA:2,203,0,0
BRDA:2,203,1,0
BRDA:2,204,0,0
BRDA:2,204,1,0
BRDA:2,205,0,0
BRDA:2,205,1,0
BRDA:2,206,0,0
BRDA:2,206,1,0
BRDA:2,207,0,0
BRDA:2,207,1,0
BRDA:2,208,0,0
BRDA:2,208,1,0
BRDA:2,209,0,0
BRDA:2,209,1,0
BRDA:2,210,0,0
BRDA:2,210,1,0
BRDA:2,211,0,0
BRDA:2,211,1,0
BRDA:2,212,0,0
BRDA:2,212,1,0
BRDA:2,213,0,0
BRDA:2,213,1,0
BRDA:2,214,0,0
BRDA:2,214,1,0
BRDA:2,215,0,0
BRDA:2,215,1,0
BRDA:2,216,0,0
BRDA:2,216,1,0
BRDA:2,217,0,0
BRDA:2,217,1,0
BRDA:2,218,0,0
BRDA:2,218,1,0
BRDA:2,219,0,0
BRDA:2,219,1,0
BRDA:2,220,0,0
BRDA:2,220,1,0
BRDA:2,221,0,0
BRDA:2,221,1,0
BRDA:2,222,0,0
BRDA:2,222,1,0
BRDA:2,223,0,0
BRDA:2,223,1,0
BRDA:2,224,0,0
BRDA:2,224,1,0
BRDA:2,225,0,0
BRDA:2,225,1,0
BRDA:2,226,0,0
BRDA:2,226,1,0
BRDA:2,227,0,0
BRDA:2,227,1,0
BRDA:2,228,0,0
BRDA:2,228,1,0
BRDA:2,229,0,0
BRDA:2,229,1,0
BRDA:2,229,2,0
BRDA:2,230,0,0
BRDA:2,230,1,0
BRDA:2,231,0,0
BRDA:2,231,1,0
BRDA:2,231,2,0
BRDA:2,232,0,0
BRDA:2,232,1,0
BRDA:2,233,0,0
BRDA:2,233,1,0
BRDA:2,234,0,0
BRDA:2,234,1,0
BRDA:2,235,0,0
BRDA:2,235,1,0
BRDA:2,236,0,0
BRDA:2,236,1,0
BRDA:2,237,0,0
BRDA:2,237,1,0
BRDA:2,238,0,0
BRDA:2,238,1,0
BRDA:2,238,2,0
BRDA:2,238,3,0
BRDA:2,239,0,0
BRDA:2,239,1,0
BRDA:2,240,0,0
BRDA:2,240,1,0
BRDA:2,241,0,0
BRDA:2,241,1,0
BRF:532
BRH:0
end_of_record
TN:
SF:/Users/hhhhhh/Documents/vue-test1/src/lib/weixinJs/weixinjs.js
FN:1,(anonymous_0)
FN:1,(anonymous_1)
FN:1,(anonymous_2)
FN:1,c
FN:1,(anonymous_4)
FN:1,d
FN:1,(anonymous_6)
FN:1,e
FN:1,f
FN:1,g
FN:1,h
FN:1,(anonymous_11)
FN:1,i
FN:1,j
FN:1,k
FN:1,(anonymous_15)
FN:1,l
FN:1,m
FN:1,n
FN:1,(anonymous_19)
FN:1,(anonymous_20)
FN:1,(anonymous_21)
FN:1,(anonymous_22)
FN:1,(anonymous_23)
FN:1,(anonymous_24)
FN:1,(anonymous_25)
FN:1,(anonymous_26)
FN:1,(anonymous_27)
FN:1,(anonymous_28)
FN:1,(anonymous_29)
FN:1,(anonymous_30)
FN:1,(anonymous_31)
FN:1,(anonymous_32)
FN:1,(anonymous_33)
FN:1,(anonymous_34)
FN:1,(anonymous_35)
FN:1,(anonymous_36)
FN:1,(anonymous_37)
FN:1,(anonymous_38)
FN:1,(anonymous_39)
FN:1,(anonymous_40)
FN:1,(anonymous_41)
FN:1,(anonymous_42)
FN:1,(anonymous_43)
FN:1,(anonymous_44)
FN:1,(anonymous_45)
FN:1,(anonymous_46)
FN:1,(anonymous_47)
FN:1,(anonymous_48)
FN:1,(anonymous_49)
FN:1,(anonymous_50)
FN:1,(anonymous_51)
FN:1,(anonymous_52)
FN:1,(anonymous_53)
FN:1,(anonymous_54)
FN:1,(anonymous_55)
FN:1,(anonymous_56)
FN:1,(anonymous_57)
FN:1,(anonymous_58)
FN:1,(anonymous_59)
FN:1,(anonymous_60)
FN:1,(anonymous_61)
FN:1,(anonymous_62)
FN:1,(anonymous_63)
FN:1,(anonymous_64)
FN:1,(anonymous_65)
FN:1,(anonymous_66)
FN:1,(anonymous_67)
FN:1,(anonymous_68)
FN:1,(anonymous_69)
FN:1,(anonymous_70)
FN:1,(anonymous_71)
FN:1,(anonymous_72)
FN:1,(anonymous_73)
FN:1,(anonymous_74)
FN:1,(anonymous_75)
FN:1,(anonymous_76)
FN:1,(anonymous_77)
FN:1,(anonymous_78)
FN:1,(anonymous_79)
FN:1,(anonymous_80)
FN:1,(anonymous_81)
FN:1,(anonymous_82)
FN:1,(anonymous_83)
FN:1,(anonymous_84)
FN:1,(anonymous_85)
FN:1,(anonymous_86)
FN:1,(anonymous_87)
FN:1,(anonymous_88)
FN:1,(anonymous_89)
FN:1,(anonymous_90)
FNF:91
FNH:0
FNDA:0,(anonymous_0)
FNDA:0,(anonymous_1)
FNDA:0,(anonymous_2)
FNDA:0,c
FNDA:0,(anonymous_4)
FNDA:0,d
FNDA:0,(anonymous_6)
FNDA:0,e
FNDA:0,f
FNDA:0,g
FNDA:0,h
FNDA:0,(anonymous_11)
FNDA:0,i
FNDA:0,j
FNDA:0,k
FNDA:0,(anonymous_15)
FNDA:0,l
FNDA:0,m
FNDA:0,n
FNDA:0,(anonymous_19)
FNDA:0,(anonymous_20)
FNDA:0,(anonymous_21)
FNDA:0,(anonymous_22)
FNDA:0,(anonymous_23)
FNDA:0,(anonymous_24)
FNDA:0,(anonymous_25)
FNDA:0,(anonymous_26)
FNDA:0,(anonymous_27)
FNDA:0,(anonymous_28)
FNDA:0,(anonymous_29)
FNDA:0,(anonymous_30)
FNDA:0,(anonymous_31)
FNDA:0,(anonymous_32)
FNDA:0,(anonymous_33)
FNDA:0,(anonymous_34)
FNDA:0,(anonymous_35)
FNDA:0,(anonymous_36)
FNDA:0,(anonymous_37)
FNDA:0,(anonymous_38)
FNDA:0,(anonymous_39)
FNDA:0,(anonymous_40)
FNDA:0,(anonymous_41)
FNDA:0,(anonymous_42)
FNDA:0,(anonymous_43)
FNDA:0,(anonymous_44)
FNDA:0,(anonymous_45)
FNDA:0,(anonymous_46)
FNDA:0,(anonymous_47)
FNDA:0,(anonymous_48)
FNDA:0,(anonymous_49)
FNDA:0,(anonymous_50)
FNDA:0,(anonymous_51)
FNDA:0,(anonymous_52)
FNDA:0,(anonymous_53)
FNDA:0,(anonymous_54)
FNDA:0,(anonymous_55)
FNDA:0,(anonymous_56)
FNDA:0,(anonymous_57)
FNDA:0,(anonymous_58)
FNDA:0,(anonymous_59)
FNDA:0,(anonymous_60)
FNDA:0,(anonymous_61)
FNDA:0,(anonymous_62)
FNDA:0,(anonymous_63)
FNDA:0,(anonymous_64)
FNDA:0,(anonymous_65)
FNDA:0,(anonymous_66)
FNDA:0,(anonymous_67)
FNDA:0,(anonymous_68)
FNDA:0,(anonymous_69)
FNDA:0,(anonymous_70)
FNDA:0,(anonymous_71)
FNDA:0,(anonymous_72)
FNDA:0,(anonymous_73)
FNDA:0,(anonymous_74)
FNDA:0,(anonymous_75)
FNDA:0,(anonymous_76)
FNDA:0,(anonymous_77)
FNDA:0,(anonymous_78)
FNDA:0,(anonymous_79)
FNDA:0,(anonymous_80)
FNDA:0,(anonymous_81)
FNDA:0,(anonymous_82)
FNDA:0,(anonymous_83)
FNDA:0,(anonymous_84)
FNDA:0,(anonymous_85)
FNDA:0,(anonymous_86)
FNDA:0,(anonymous_87)
FNDA:0,(anonymous_88)
FNDA:0,(anonymous_89)
FNDA:0,(anonymous_90)
DA:1,0
LF:1
LH:0
BRDA:1,0,0,0
BRDA:1,0,1,0
BRDA:1,1,0,0
BRDA:1,1,1,0
BRDA:1,1,2,0
BRDA:1,2,0,0
BRDA:1,2,1,0
BRDA:1,3,0,0
BRDA:1,3,1,0
BRDA:1,4,0,0
BRDA:1,4,1,0
BRDA:1,4,2,0
BRDA:1,5,0,0
BRDA:1,5,1,0
BRDA:1,6,0,0
BRDA:1,6,1,0
BRDA:1,7,0,0
BRDA:1,7,1,0
BRDA:1,8,0,0
BRDA:1,8,1,0
BRDA:1,8,2,0
BRDA:1,9,0,0
BRDA:1,9,1,0
BRDA:1,10,0,0
BRDA:1,10,1,0
BRDA:1,11,0,0
BRDA:1,11,1,0
BRDA:1,12,0,0
BRDA:1,12,1,0
BRDA:1,13,0,0
BRDA:1,13,1,0
BRDA:1,13,2,0
BRDA:1,14,0,0
BRDA:1,14,1,0
BRDA:1,15,0,0
BRDA:1,15,1,0
BRDA:1,16,0,0
BRDA:1,16,1,0
BRDA:1,17,0,0
BRDA:1,17,1,0
BRDA:1,18,0,0
BRDA:1,18,1,0
BRDA:1,19,0,0
BRDA:1,19,1,0
BRDA:1,19,2,0
BRDA:1,20,0,0
BRDA:1,20,1,0
BRDA:1,21,0,0
BRDA:1,21,1,0
BRDA:1,22,0,0
BRDA:1,22,1,0
BRDA:1,23,0,0
BRDA:1,23,1,0
BRDA:1,24,0,0
BRDA:1,24,1,0
BRDA:1,25,0,0
BRDA:1,25,1,0
BRDA:1,26,0,0
BRDA:1,26,1,0
BRDA:1,26,2,0
BRDA:1,27,0,0
BRDA:1,27,1,0
BRDA:1,27,2,0
BRDA:1,28,0,0
BRDA:1,28,1,0
BRDA:1,29,0,0
BRDA:1,29,1,0
BRDA:1,30,0,0
BRDA:1,30,1,0
BRDA:1,31,0,0
BRDA:1,31,1,0
BRDA:1,31,2,0
BRDA:1,32,0,0
BRDA:1,32,1,0
BRDA:1,33,0,0
BRDA:1,33,1,0
BRDA:1,33,2,0
BRDA:1,34,0,0
BRDA:1,34,1,0
BRDA:1,35,0,0
BRDA:1,35,1,0
BRDA:1,36,0,0
BRDA:1,36,1,0
BRDA:1,37,0,0
BRDA:1,37,1,0
BRDA:1,38,0,0
BRDA:1,38,1,0
BRDA:1,39,0,0
BRDA:1,39,1,0
BRDA:1,40,0,0
BRDA:1,40,1,0
BRDA:1,41,0,0
BRDA:1,41,1,0
BRDA:1,42,0,0
BRDA:1,42,1,0
BRDA:1,43,0,0
BRDA:1,43,1,0
BRDA:1,44,0,0
BRDA:1,44,1,0
BRDA:1,45,0,0
BRDA:1,45,1,0
BRDA:1,46,0,0
BRDA:1,46,1,0
BRDA:1,47,0,0
BRDA:1,47,1,0
BRDA:1,48,0,0
BRDA:1,48,1,0
BRDA:1,49,0,0
BRDA:1,49,1,0
BRDA:1,50,0,0
BRDA:1,50,1,0
BRDA:1,51,0,0
BRDA:1,51,1,0
BRDA:1,52,0,0
BRDA:1,52,1,0
BRDA:1,53,0,0
BRDA:1,53,1,0
BRDA:1,54,0,0
BRDA:1,54,1,0
BRDA:1,55,0,0
BRDA:1,55,1,0
BRDA:1,55,2,0
BRDA:1,56,0,0
BRDA:1,56,1,0
BRDA:1,57,0,0
BRDA:1,57,1,0
BRDA:1,58,0,0
BRDA:1,58,1,0
BRDA:1,59,0,0
BRDA:1,59,1,0
BRDA:1,60,0,0
BRDA:1,60,1,0
BRDA:1,61,0,0
BRDA:1,61,1,0
BRDA:1,62,0,0
BRDA:1,62,1,0
BRDA:1,63,0,0
BRDA:1,63,1,0
BRDA:1,64,0,0
BRDA:1,64,1,0
BRDA:1,65,0,0
BRDA:1,65,1,0
BRDA:1,66,0,0
BRDA:1,66,1,0
BRDA:1,67,0,0
BRDA:1,67,1,0
BRDA:1,68,0,0
BRDA:1,68,1,0
BRDA:1,69,0,0
BRDA:1,69,1,0
BRDA:1,70,0,0
BRDA:1,70,1,0
BRDA:1,71,0,0
BRDA:1,71,1,0
BRDA:1,72,0,0
BRDA:1,72,1,0
BRDA:1,73,0,0
BRDA:1,73,1,0
BRDA:1,74,0,0
BRDA:1,74,1,0
BRDA:1,75,0,0
BRDA:1,75,1,0
BRDA:1,76,0,0
BRDA:1,76,1,0
BRDA:1,77,0,0
BRDA:1,77,1,0
BRDA:1,78,0,0
BRDA:1,78,1,0
BRDA:1,79,0,0
BRDA:1,79,1,0
BRDA:1,80,0,0
BRDA:1,80,1,0
BRDA:1,81,0,0
BRDA:1,81,1,0
BRDA:1,82,0,0
BRDA:1,82,1,0
BRDA:1,83,0,0
BRDA:1,83,1,0
BRDA:1,84,0,0
BRDA:1,84,1,0
BRDA:1,85,0,0
BRDA:1,85,1,0
BRDA:1,86,0,0
BRDA:1,86,1,0
BRDA:1,87,0,0
BRDA:1,87,1,0
BRDA:1,88,0,0
BRDA:1,88,1,0
BRDA:1,89,0,0
BRDA:1,89,1,0
BRDA:1,90,0,0
BRDA:1,90,1,0
BRDA:1,91,0,0
BRDA:1,91,1,0
BRDA:1,92,0,0
BRDA:1,92,1,0
BRDA:1,93,0,0
BRDA:1,93,1,0
BRDA:1,94,0,0
BRDA:1,94,1,0
BRDA:1,94,2,0
BRDA:1,94,3,0
BRDA:1,95,0,0
BRDA:1,95,1,0
BRDA:1,96,0,0
BRDA:1,96,1,0
BRDA:1,97,0,0
BRDA:1,97,1,0
BRDA:1,98,0,0
BRDA:1,98,1,0
BRDA:1,99,0,0
BRDA:1,99,1,0
BRDA:1,100,0,0
BRDA:1,100,1,0
BRDA:1,101,0,0
BRDA:1,101,1,0
BRDA:1,102,0,0
BRDA:1,102,1,0
BRDA:1,103,0,0
BRDA:1,103,1,0
BRDA:1,104,0,0
BRDA:1,104,1,0
BRDA:1,105,0,0
BRDA:1,105,1,0
BRDA:1,106,0,0
BRDA:1,106,1,0
BRDA:1,107,0,0
BRDA:1,107,1,0
BRDA:1,108,0,0
BRDA:1,108,1,0
BRDA:1,108,2,0
BRDA:1,109,0,0
BRDA:1,109,1,0
BRDA:1,110,0,0
BRDA:1,110,1,0
BRDA:1,111,0,0
BRDA:1,111,1,0
BRDA:1,112,0,0
BRDA:1,112,1,0
BRDA:1,113,0,0
BRDA:1,113,1,0
BRDA:1,114,0,0
BRDA:1,114,1,0
BRDA:1,115,0,0
BRDA:1,115,1,0
BRDA:1,116,0,0
BRDA:1,116,1,0
BRF:247
BRH:0
end_of_record
TN:
SF:/Users/hhhhhh/Documents/vue-test1/src/pages/home/index.vue
FN:19,(anonymous_2)
FNF:1
FNH:0
FNDA:0,(anonymous_2)
DA:11,0
DA:15,0
DA:20,0
LF:3
LH:0
BRF:0
BRH:0
end_of_record
TN:
SF:/Users/hhhhhh/Documents/vue-test1/src/pages/user/coupon.vue
FN:17,(anonymous_2)
FNF:1
FNH:0
FNDA:0,(anonymous_2)
DA:9,0
DA:13,0
LF:2
LH:0
BRF:0
BRH:0
end_of_record
TN:
SF:/Users/hhhhhh/Documents/vue-test1/src/pages/user/index.vue
FN:23,(anonymous_2)
FNF:1
FNH:0
FNDA:0,(anonymous_2)
DA:15,0
DA:19,0
LF:2
LH:0
BRF:0
BRH:0
end_of_record
TN:
SF:/Users/hhhhhh/Documents/vue-test1/src/pages/user/set.vue
FN:17,(anonymous_2)
FNF:1
FNH:0
FNDA:0,(anonymous_2)
DA:9,0
DA:13,0
LF:2
LH:0
BRF:0
BRH:0
end_of_record
